2021-02-03 16:40:56 - PHP Warning:  mkdir(): File exists in C:\xampp\htdocs\opencart-3.0.3.7\system\storage\vendor\twig\twig\src\Cache\FilesystemCache.php on line 54
2021-02-03 16:40:57 - PHP Warning:  mkdir(): File exists in C:\xampp\htdocs\opencart-3.0.3.7\system\storage\vendor\twig\twig\src\Cache\FilesystemCache.php on line 54
2021-02-03 16:40:57 - PHP Warning:  rename(C:\xampp\htdocs\opencart-3.0.3.7\system\storage\cache\template\8e\8ed56BE.tmp,C:/xampp/htdocs/opencart-3.0.3.7/system/storage/cache/template/8e/8edb4e13672148a4bfb8122120a41208f54697d1edf35b52dbf811fe4899533b.php): Access is denied (code: 5) in C:\xampp\htdocs\opencart-3.0.3.7\system\storage\vendor\twig\twig\src\Cache\FilesystemCache.php on line 65
2021-02-04 11:06:50 - PHP Warning:  mail(): Failed to connect to mailserver at &quot;localhost&quot; port 25, verify your &quot;SMTP&quot; and &quot;smtp_port&quot; setting in php.ini or use ini_set() in C:\xampp\htdocs\opencart-3.0.3.7\system\library\mail\mail.php on line 77
2021-02-04 11:07:16 - PHP Warning:  mail(): Failed to connect to mailserver at &quot;localhost&quot; port 25, verify your &quot;SMTP&quot; and &quot;smtp_port&quot; setting in php.ini or use ini_set() in C:\xampp\htdocs\opencart-3.0.3.7\system\library\mail\mail.php on line 77
2021-02-04 11:07:18 - PHP Warning:  mail(): Failed to connect to mailserver at &quot;localhost&quot; port 25, verify your &quot;SMTP&quot; and &quot;smtp_port&quot; setting in php.ini or use ini_set() in C:\xampp\htdocs\opencart-3.0.3.7\system\library\mail\mail.php on line 77
2022-06-14 11:41:40 - PHP Warning:  mail(): Failed to connect to mailserver at &quot;localhost&quot; port 25, verify your &quot;SMTP&quot; and &quot;smtp_port&quot; setting in php.ini or use ini_set() in E:\xampp\htdocs\vmmobiles_site\system\library\mail\mail.php on line 77
2022-06-14 11:41:42 - PHP Warning:  mail(): Failed to connect to mailserver at &quot;localhost&quot; port 25, verify your &quot;SMTP&quot; and &quot;smtp_port&quot; setting in php.ini or use ini_set() in E:\xampp\htdocs\vmmobiles_site\system\library\mail\mail.php on line 77
2022-06-14 11:43:36 - PHP Warning:  mail(): Failed to connect to mailserver at &quot;localhost&quot; port 25, verify your &quot;SMTP&quot; and &quot;smtp_port&quot; setting in php.ini or use ini_set() in E:\xampp\htdocs\vmmobiles_site\system\library\mail\mail.php on line 77
2022-06-14 11:43:38 - PHP Warning:  mail(): Failed to connect to mailserver at &quot;localhost&quot; port 25, verify your &quot;SMTP&quot; and &quot;smtp_port&quot; setting in php.ini or use ini_set() in E:\xampp\htdocs\vmmobiles_site\system\library\mail\mail.php on line 77
2022-06-14 11:45:48 - PHP Warning:  mail(): Failed to connect to mailserver at &quot;localhost&quot; port 25, verify your &quot;SMTP&quot; and &quot;smtp_port&quot; setting in php.ini or use ini_set() in E:\xampp\htdocs\vmmobiles_site\system\library\mail\mail.php on line 77
2022-06-14 11:45:50 - PHP Warning:  mail(): Failed to connect to mailserver at &quot;localhost&quot; port 25, verify your &quot;SMTP&quot; and &quot;smtp_port&quot; setting in php.ini or use ini_set() in E:\xampp\htdocs\vmmobiles_site\system\library\mail\mail.php on line 77
2022-06-14 11:46:25 - PHP Warning:  mail(): Failed to connect to mailserver at &quot;localhost&quot; port 25, verify your &quot;SMTP&quot; and &quot;smtp_port&quot; setting in php.ini or use ini_set() in E:\xampp\htdocs\vmmobiles_site\system\library\mail\mail.php on line 77
2022-06-14 11:46:27 - PHP Warning:  mail(): Failed to connect to mailserver at &quot;localhost&quot; port 25, verify your &quot;SMTP&quot; and &quot;smtp_port&quot; setting in php.ini or use ini_set() in E:\xampp\htdocs\vmmobiles_site\system\library\mail\mail.php on line 77
2022-06-14 15:33:40 - PHP Notice:  Undefined variable: image in E:\xampp\htdocs\vmmobiles_site\system\storage\modification\catalog\controller\product\category.php on line 152
2022-06-14 15:33:40 - PHP Notice:  Trying to access array offset on value of type null in E:\xampp\htdocs\vmmobiles_site\system\storage\modification\catalog\controller\product\category.php on line 152
2022-06-14 15:33:40 - PHP Notice:  Undefined variable: image in E:\xampp\htdocs\vmmobiles_site\system\storage\modification\catalog\controller\product\category.php on line 152
2022-06-14 15:33:40 - PHP Notice:  Trying to access array offset on value of type null in E:\xampp\htdocs\vmmobiles_site\system\storage\modification\catalog\controller\product\category.php on line 152
2022-06-14 15:33:40 - PHP Notice:  Undefined variable: image in E:\xampp\htdocs\vmmobiles_site\system\storage\modification\catalog\controller\product\category.php on line 152
2022-06-14 15:33:40 - PHP Notice:  Trying to access array offset on value of type null in E:\xampp\htdocs\vmmobiles_site\system\storage\modification\catalog\controller\product\category.php on line 152
2022-06-14 15:33:40 - PHP Notice:  Undefined variable: image in E:\xampp\htdocs\vmmobiles_site\system\storage\modification\catalog\controller\product\category.php on line 152
2022-06-14 15:33:40 - PHP Notice:  Trying to access array offset on value of type null in E:\xampp\htdocs\vmmobiles_site\system\storage\modification\catalog\controller\product\category.php on line 152
2022-06-14 15:33:40 - PHP Notice:  Undefined variable: image in E:\xampp\htdocs\vmmobiles_site\system\storage\modification\catalog\controller\product\category.php on line 152
2022-06-14 15:33:40 - PHP Notice:  Trying to access array offset on value of type null in E:\xampp\htdocs\vmmobiles_site\system\storage\modification\catalog\controller\product\category.php on line 152
2022-06-14 15:33:40 - PHP Notice:  Undefined variable: image in E:\xampp\htdocs\vmmobiles_site\system\storage\modification\catalog\controller\product\category.php on line 152
2022-06-14 15:33:40 - PHP Notice:  Trying to access array offset on value of type null in E:\xampp\htdocs\vmmobiles_site\system\storage\modification\catalog\controller\product\category.php on line 152
2022-06-14 15:33:40 - PHP Notice:  Undefined variable: image in E:\xampp\htdocs\vmmobiles_site\system\storage\modification\catalog\controller\product\category.php on line 152
2022-06-14 15:33:40 - PHP Notice:  Trying to access array offset on value of type null in E:\xampp\htdocs\vmmobiles_site\system\storage\modification\catalog\controller\product\category.php on line 152
2022-06-14 17:55:48 - PHP Notice:  Undefined index: token in E:\xampp\htdocs\vmmobiles_site\admin\controller\extension\module\direct7sms.php on line 209
2022-06-14 17:55:48 - PHP Notice:  Undefined index: token in E:\xampp\htdocs\vmmobiles_site\admin\controller\extension\module\direct7sms.php on line 214
2022-06-14 17:55:48 - PHP Notice:  Undefined index: token in E:\xampp\htdocs\vmmobiles_site\admin\controller\extension\module\direct7sms.php on line 219
2022-06-14 17:55:48 - PHP Notice:  Undefined index: token in E:\xampp\htdocs\vmmobiles_site\admin\controller\extension\module\direct7sms.php on line 247
2022-06-14 17:55:48 - PHP Notice:  Undefined index: token in E:\xampp\htdocs\vmmobiles_site\admin\controller\extension\module\direct7sms.php on line 248
2022-06-14 17:55:48 - PHP Notice:  Undefined index: token in E:\xampp\htdocs\vmmobiles_site\admin\controller\extension\module\direct7sms.php on line 249
2022-06-14 17:55:48 - PHP Notice:  Undefined index: token in E:\xampp\htdocs\vmmobiles_site\admin\controller\extension\module\direct7sms.php on line 250
2022-06-14 17:55:48 - PHP Notice:  Undefined index: token in E:\xampp\htdocs\vmmobiles_site\admin\controller\extension\module\direct7sms.php on line 268
2022-06-14 17:55:48 - PHP Notice:  Undefined index: token in E:\xampp\htdocs\vmmobiles_site\admin\controller\extension\module\direct7sms.php on line 268
2022-06-14 17:55:48 - PHP Notice:  Undefined index: token in E:\xampp\htdocs\vmmobiles_site\admin\controller\extension\module\direct7sms.php on line 268
2022-06-14 17:55:48 - PHP Notice:  Undefined index: token in E:\xampp\htdocs\vmmobiles_site\admin\controller\extension\module\direct7sms.php on line 268
2022-06-14 17:55:48 - PHP Notice:  Undefined index: token in E:\xampp\htdocs\vmmobiles_site\admin\controller\extension\module\direct7sms.php on line 268
2022-06-14 17:55:48 - PHP Notice:  Undefined index: token in E:\xampp\htdocs\vmmobiles_site\admin\controller\extension\module\direct7sms.php on line 268
2022-06-14 17:55:48 - PHP Notice:  Undefined index: token in E:\xampp\htdocs\vmmobiles_site\admin\controller\extension\module\direct7sms.php on line 268
2022-06-14 17:55:48 - PHP Notice:  Undefined index: token in E:\xampp\htdocs\vmmobiles_site\admin\controller\extension\module\direct7sms.php on line 268
2022-06-14 17:55:48 - PHP Notice:  Undefined index: token in E:\xampp\htdocs\vmmobiles_site\admin\controller\extension\module\direct7sms.php on line 268
2022-06-14 17:55:48 - PHP Notice:  Undefined index: token in E:\xampp\htdocs\vmmobiles_site\admin\controller\extension\module\direct7sms.php on line 268
2022-06-14 17:55:48 - PHP Notice:  Undefined index: token in E:\xampp\htdocs\vmmobiles_site\admin\controller\extension\module\direct7sms.php on line 312
2022-06-14 17:55:48 - PHP Notice:  Undefined index: token in E:\xampp\htdocs\vmmobiles_site\admin\controller\extension\module\direct7sms.php on line 331
2022-06-14 17:55:48 - PHP Notice:  Undefined index: token in E:\xampp\htdocs\vmmobiles_site\admin\controller\extension\module\direct7sms.php on line 332
2022-06-14 17:55:53 - PHP Notice:  Undefined index: token in E:\xampp\htdocs\vmmobiles_site\admin\controller\extension\module\direct7sms.php on line 209
2022-06-14 17:55:53 - PHP Notice:  Undefined index: token in E:\xampp\htdocs\vmmobiles_site\admin\controller\extension\module\direct7sms.php on line 214
2022-06-14 17:55:53 - PHP Notice:  Undefined index: token in E:\xampp\htdocs\vmmobiles_site\admin\controller\extension\module\direct7sms.php on line 219
2022-06-14 17:55:53 - PHP Notice:  Undefined index: token in E:\xampp\htdocs\vmmobiles_site\admin\controller\extension\module\direct7sms.php on line 247
2022-06-14 17:55:53 - PHP Notice:  Undefined index: token in E:\xampp\htdocs\vmmobiles_site\admin\controller\extension\module\direct7sms.php on line 248
2022-06-14 17:55:53 - PHP Notice:  Undefined index: token in E:\xampp\htdocs\vmmobiles_site\admin\controller\extension\module\direct7sms.php on line 249
2022-06-14 17:55:53 - PHP Notice:  Undefined index: token in E:\xampp\htdocs\vmmobiles_site\admin\controller\extension\module\direct7sms.php on line 250
2022-06-14 17:55:53 - PHP Notice:  Undefined index: token in E:\xampp\htdocs\vmmobiles_site\admin\controller\extension\module\direct7sms.php on line 268
2022-06-14 17:55:53 - PHP Notice:  Undefined index: token in E:\xampp\htdocs\vmmobiles_site\admin\controller\extension\module\direct7sms.php on line 268
2022-06-14 17:55:53 - PHP Notice:  Undefined index: token in E:\xampp\htdocs\vmmobiles_site\admin\controller\extension\module\direct7sms.php on line 268
2022-06-14 17:55:53 - PHP Notice:  Undefined index: token in E:\xampp\htdocs\vmmobiles_site\admin\controller\extension\module\direct7sms.php on line 268
2022-06-14 17:55:53 - PHP Notice:  Undefined index: token in E:\xampp\htdocs\vmmobiles_site\admin\controller\extension\module\direct7sms.php on line 268
2022-06-14 17:55:53 - PHP Notice:  Undefined index: token in E:\xampp\htdocs\vmmobiles_site\admin\controller\extension\module\direct7sms.php on line 268
2022-06-14 17:55:53 - PHP Notice:  Undefined index: token in E:\xampp\htdocs\vmmobiles_site\admin\controller\extension\module\direct7sms.php on line 268
2022-06-14 17:55:53 - PHP Notice:  Undefined index: token in E:\xampp\htdocs\vmmobiles_site\admin\controller\extension\module\direct7sms.php on line 268
2022-06-14 17:55:53 - PHP Notice:  Undefined index: token in E:\xampp\htdocs\vmmobiles_site\admin\controller\extension\module\direct7sms.php on line 268
2022-06-14 17:55:53 - PHP Notice:  Undefined index: token in E:\xampp\htdocs\vmmobiles_site\admin\controller\extension\module\direct7sms.php on line 268
2022-06-14 17:55:53 - PHP Notice:  Undefined index: token in E:\xampp\htdocs\vmmobiles_site\admin\controller\extension\module\direct7sms.php on line 312
2022-06-14 17:55:53 - PHP Notice:  Undefined index: token in E:\xampp\htdocs\vmmobiles_site\admin\controller\extension\module\direct7sms.php on line 331
2022-06-14 17:55:53 - PHP Notice:  Undefined index: token in E:\xampp\htdocs\vmmobiles_site\admin\controller\extension\module\direct7sms.php on line 332
2022-06-14 17:55:55 - PHP Notice:  Undefined index: token in E:\xampp\htdocs\vmmobiles_site\admin\controller\extension\module\direct7sms.php on line 209
2022-06-14 17:55:55 - PHP Notice:  Undefined index: token in E:\xampp\htdocs\vmmobiles_site\admin\controller\extension\module\direct7sms.php on line 214
2022-06-14 17:55:55 - PHP Notice:  Undefined index: token in E:\xampp\htdocs\vmmobiles_site\admin\controller\extension\module\direct7sms.php on line 219
2022-06-14 17:55:55 - PHP Notice:  Undefined index: token in E:\xampp\htdocs\vmmobiles_site\admin\controller\extension\module\direct7sms.php on line 247
2022-06-14 17:55:55 - PHP Notice:  Undefined index: token in E:\xampp\htdocs\vmmobiles_site\admin\controller\extension\module\direct7sms.php on line 248
2022-06-14 17:55:55 - PHP Notice:  Undefined index: token in E:\xampp\htdocs\vmmobiles_site\admin\controller\extension\module\direct7sms.php on line 249
2022-06-14 17:55:55 - PHP Notice:  Undefined index: token in E:\xampp\htdocs\vmmobiles_site\admin\controller\extension\module\direct7sms.php on line 250
2022-06-14 17:55:55 - PHP Notice:  Undefined index: token in E:\xampp\htdocs\vmmobiles_site\admin\controller\extension\module\direct7sms.php on line 268
2022-06-14 17:55:55 - PHP Notice:  Undefined index: token in E:\xampp\htdocs\vmmobiles_site\admin\controller\extension\module\direct7sms.php on line 268
2022-06-14 17:55:55 - PHP Notice:  Undefined index: token in E:\xampp\htdocs\vmmobiles_site\admin\controller\extension\module\direct7sms.php on line 268
2022-06-14 17:55:55 - PHP Notice:  Undefined index: token in E:\xampp\htdocs\vmmobiles_site\admin\controller\extension\module\direct7sms.php on line 268
2022-06-14 17:55:56 - PHP Notice:  Undefined index: token in E:\xampp\htdocs\vmmobiles_site\admin\controller\extension\module\direct7sms.php on line 268
2022-06-14 17:55:56 - PHP Notice:  Undefined index: token in E:\xampp\htdocs\vmmobiles_site\admin\controller\extension\module\direct7sms.php on line 268
2022-06-14 17:55:56 - PHP Notice:  Undefined index: token in E:\xampp\htdocs\vmmobiles_site\admin\controller\extension\module\direct7sms.php on line 268
2022-06-14 17:55:56 - PHP Notice:  Undefined index: token in E:\xampp\htdocs\vmmobiles_site\admin\controller\extension\module\direct7sms.php on line 268
2022-06-14 17:55:56 - PHP Notice:  Undefined index: token in E:\xampp\htdocs\vmmobiles_site\admin\controller\extension\module\direct7sms.php on line 268
2022-06-14 17:55:56 - PHP Notice:  Undefined index: token in E:\xampp\htdocs\vmmobiles_site\admin\controller\extension\module\direct7sms.php on line 268
2022-06-14 17:55:56 - PHP Notice:  Undefined index: token in E:\xampp\htdocs\vmmobiles_site\admin\controller\extension\module\direct7sms.php on line 312
2022-06-14 17:55:56 - PHP Notice:  Undefined index: token in E:\xampp\htdocs\vmmobiles_site\admin\controller\extension\module\direct7sms.php on line 331
2022-06-14 17:55:56 - PHP Notice:  Undefined index: token in E:\xampp\htdocs\vmmobiles_site\admin\controller\extension\module\direct7sms.php on line 332
2022-06-14 17:55:56 - PHP Notice:  Undefined index: token in E:\xampp\htdocs\vmmobiles_site\admin\controller\extension\module\direct7sms.php on line 209
2022-06-14 17:55:56 - PHP Notice:  Undefined index: token in E:\xampp\htdocs\vmmobiles_site\admin\controller\extension\module\direct7sms.php on line 214
2022-06-14 17:55:56 - PHP Notice:  Undefined index: token in E:\xampp\htdocs\vmmobiles_site\admin\controller\extension\module\direct7sms.php on line 219
2022-06-14 17:55:56 - PHP Notice:  Undefined index: token in E:\xampp\htdocs\vmmobiles_site\admin\controller\extension\module\direct7sms.php on line 247
2022-06-14 17:55:56 - PHP Notice:  Undefined index: token in E:\xampp\htdocs\vmmobiles_site\admin\controller\extension\module\direct7sms.php on line 248
2022-06-14 17:55:56 - PHP Notice:  Undefined index: token in E:\xampp\htdocs\vmmobiles_site\admin\controller\extension\module\direct7sms.php on line 249
2022-06-14 17:55:56 - PHP Notice:  Undefined index: token in E:\xampp\htdocs\vmmobiles_site\admin\controller\extension\module\direct7sms.php on line 250
2022-06-14 17:55:56 - PHP Notice:  Undefined index: token in E:\xampp\htdocs\vmmobiles_site\admin\controller\extension\module\direct7sms.php on line 209
2022-06-14 17:55:56 - PHP Notice:  Undefined index: token in E:\xampp\htdocs\vmmobiles_site\admin\controller\extension\module\direct7sms.php on line 214
2022-06-14 17:55:56 - PHP Notice:  Undefined index: token in E:\xampp\htdocs\vmmobiles_site\admin\controller\extension\module\direct7sms.php on line 219
2022-06-14 17:55:56 - PHP Notice:  Undefined index: token in E:\xampp\htdocs\vmmobiles_site\admin\controller\extension\module\direct7sms.php on line 247
2022-06-14 17:55:56 - PHP Notice:  Undefined index: token in E:\xampp\htdocs\vmmobiles_site\admin\controller\extension\module\direct7sms.php on line 248
2022-06-14 17:55:56 - PHP Notice:  Undefined index: token in E:\xampp\htdocs\vmmobiles_site\admin\controller\extension\module\direct7sms.php on line 249
2022-06-14 17:55:56 - PHP Notice:  Undefined index: token in E:\xampp\htdocs\vmmobiles_site\admin\controller\extension\module\direct7sms.php on line 250
2022-06-14 17:55:56 - PHP Notice:  Undefined index: token in E:\xampp\htdocs\vmmobiles_site\admin\controller\extension\module\direct7sms.php on line 268
2022-06-14 17:55:56 - PHP Notice:  Undefined index: token in E:\xampp\htdocs\vmmobiles_site\admin\controller\extension\module\direct7sms.php on line 268
2022-06-14 17:55:56 - PHP Notice:  Undefined index: token in E:\xampp\htdocs\vmmobiles_site\admin\controller\extension\module\direct7sms.php on line 268
2022-06-14 17:55:56 - PHP Notice:  Undefined index: token in E:\xampp\htdocs\vmmobiles_site\admin\controller\extension\module\direct7sms.php on line 268
2022-06-14 17:55:56 - PHP Notice:  Undefined index: token in E:\xampp\htdocs\vmmobiles_site\admin\controller\extension\module\direct7sms.php on line 268
2022-06-14 17:55:56 - PHP Notice:  Undefined index: token in E:\xampp\htdocs\vmmobiles_site\admin\controller\extension\module\direct7sms.php on line 268
2022-06-14 17:55:56 - PHP Notice:  Undefined index: token in E:\xampp\htdocs\vmmobiles_site\admin\controller\extension\module\direct7sms.php on line 268
2022-06-14 17:55:56 - PHP Notice:  Undefined index: token in E:\xampp\htdocs\vmmobiles_site\admin\controller\extension\module\direct7sms.php on line 268
2022-06-14 17:55:56 - PHP Notice:  Undefined index: token in E:\xampp\htdocs\vmmobiles_site\admin\controller\extension\module\direct7sms.php on line 268
2022-06-14 17:55:56 - PHP Notice:  Undefined index: token in E:\xampp\htdocs\vmmobiles_site\admin\controller\extension\module\direct7sms.php on line 268
2022-06-14 17:55:56 - PHP Notice:  Undefined index: token in E:\xampp\htdocs\vmmobiles_site\admin\controller\extension\module\direct7sms.php on line 268
2022-06-14 17:55:56 - PHP Notice:  Undefined index: token in E:\xampp\htdocs\vmmobiles_site\admin\controller\extension\module\direct7sms.php on line 268
2022-06-14 17:55:56 - PHP Notice:  Undefined index: token in E:\xampp\htdocs\vmmobiles_site\admin\controller\extension\module\direct7sms.php on line 268
2022-06-14 17:55:56 - PHP Notice:  Undefined index: token in E:\xampp\htdocs\vmmobiles_site\admin\controller\extension\module\direct7sms.php on line 268
2022-06-14 17:55:56 - PHP Notice:  Undefined index: token in E:\xampp\htdocs\vmmobiles_site\admin\controller\extension\module\direct7sms.php on line 268
2022-06-14 17:55:56 - PHP Notice:  Undefined index: token in E:\xampp\htdocs\vmmobiles_site\admin\controller\extension\module\direct7sms.php on line 268
2022-06-14 17:55:56 - PHP Notice:  Undefined index: token in E:\xampp\htdocs\vmmobiles_site\admin\controller\extension\module\direct7sms.php on line 268
2022-06-14 17:55:56 - PHP Notice:  Undefined index: token in E:\xampp\htdocs\vmmobiles_site\admin\controller\extension\module\direct7sms.php on line 268
2022-06-14 17:55:56 - PHP Notice:  Undefined index: token in E:\xampp\htdocs\vmmobiles_site\admin\controller\extension\module\direct7sms.php on line 268
2022-06-14 17:55:56 - PHP Notice:  Undefined index: token in E:\xampp\htdocs\vmmobiles_site\admin\controller\extension\module\direct7sms.php on line 268
2022-06-14 17:55:56 - PHP Notice:  Undefined index: token in E:\xampp\htdocs\vmmobiles_site\admin\controller\extension\module\direct7sms.php on line 312
2022-06-14 17:55:56 - PHP Notice:  Undefined index: token in E:\xampp\htdocs\vmmobiles_site\admin\controller\extension\module\direct7sms.php on line 331
2022-06-14 17:55:56 - PHP Notice:  Undefined index: token in E:\xampp\htdocs\vmmobiles_site\admin\controller\extension\module\direct7sms.php on line 332
2022-06-14 17:55:56 - PHP Notice:  Undefined index: token in E:\xampp\htdocs\vmmobiles_site\admin\controller\extension\module\direct7sms.php on line 312
2022-06-14 17:55:56 - PHP Notice:  Undefined index: token in E:\xampp\htdocs\vmmobiles_site\admin\controller\extension\module\direct7sms.php on line 331
2022-06-14 17:55:56 - PHP Notice:  Undefined index: token in E:\xampp\htdocs\vmmobiles_site\admin\controller\extension\module\direct7sms.php on line 332
2022-06-14 17:55:56 - PHP Notice:  Undefined index: token in E:\xampp\htdocs\vmmobiles_site\admin\controller\extension\module\direct7sms.php on line 209
2022-06-14 17:55:56 - PHP Notice:  Undefined index: token in E:\xampp\htdocs\vmmobiles_site\admin\controller\extension\module\direct7sms.php on line 214
2022-06-14 17:55:56 - PHP Notice:  Undefined index: token in E:\xampp\htdocs\vmmobiles_site\admin\controller\extension\module\direct7sms.php on line 219
2022-06-14 17:55:56 - PHP Notice:  Undefined index: token in E:\xampp\htdocs\vmmobiles_site\admin\controller\extension\module\direct7sms.php on line 247
2022-06-14 17:55:56 - PHP Notice:  Undefined index: token in E:\xampp\htdocs\vmmobiles_site\admin\controller\extension\module\direct7sms.php on line 248
2022-06-14 17:55:56 - PHP Notice:  Undefined index: token in E:\xampp\htdocs\vmmobiles_site\admin\controller\extension\module\direct7sms.php on line 249
2022-06-14 17:55:56 - PHP Notice:  Undefined index: token in E:\xampp\htdocs\vmmobiles_site\admin\controller\extension\module\direct7sms.php on line 250
2022-06-14 17:55:56 - PHP Notice:  Undefined index: token in E:\xampp\htdocs\vmmobiles_site\admin\controller\extension\module\direct7sms.php on line 268
2022-06-14 17:55:56 - PHP Notice:  Undefined index: token in E:\xampp\htdocs\vmmobiles_site\admin\controller\extension\module\direct7sms.php on line 268
2022-06-14 17:55:56 - PHP Notice:  Undefined index: token in E:\xampp\htdocs\vmmobiles_site\admin\controller\extension\module\direct7sms.php on line 268
2022-06-14 17:55:56 - PHP Notice:  Undefined index: token in E:\xampp\htdocs\vmmobiles_site\admin\controller\extension\module\direct7sms.php on line 268
2022-06-14 17:55:56 - PHP Notice:  Undefined index: token in E:\xampp\htdocs\vmmobiles_site\admin\controller\extension\module\direct7sms.php on line 268
2022-06-14 17:55:56 - PHP Notice:  Undefined index: token in E:\xampp\htdocs\vmmobiles_site\admin\controller\extension\module\direct7sms.php on line 268
2022-06-14 17:55:56 - PHP Notice:  Undefined index: token in E:\xampp\htdocs\vmmobiles_site\admin\controller\extension\module\direct7sms.php on line 268
2022-06-14 17:55:56 - PHP Notice:  Undefined index: token in E:\xampp\htdocs\vmmobiles_site\admin\controller\extension\module\direct7sms.php on line 268
2022-06-14 17:55:56 - PHP Notice:  Undefined index: token in E:\xampp\htdocs\vmmobiles_site\admin\controller\extension\module\direct7sms.php on line 268
2022-06-14 17:55:56 - PHP Notice:  Undefined index: token in E:\xampp\htdocs\vmmobiles_site\admin\controller\extension\module\direct7sms.php on line 268
2022-06-14 17:55:56 - PHP Notice:  Undefined index: token in E:\xampp\htdocs\vmmobiles_site\admin\controller\extension\module\direct7sms.php on line 312
2022-06-14 17:55:56 - PHP Notice:  Undefined index: token in E:\xampp\htdocs\vmmobiles_site\admin\controller\extension\module\direct7sms.php on line 331
2022-06-14 17:55:56 - PHP Notice:  Undefined index: token in E:\xampp\htdocs\vmmobiles_site\admin\controller\extension\module\direct7sms.php on line 332
2022-06-14 17:55:57 - PHP Notice:  Undefined index: token in E:\xampp\htdocs\vmmobiles_site\admin\controller\extension\module\direct7sms.php on line 209
2022-06-14 17:55:57 - PHP Notice:  Undefined index: token in E:\xampp\htdocs\vmmobiles_site\admin\controller\extension\module\direct7sms.php on line 214
2022-06-14 17:55:57 - PHP Notice:  Undefined index: token in E:\xampp\htdocs\vmmobiles_site\admin\controller\extension\module\direct7sms.php on line 219
2022-06-14 17:55:57 - PHP Notice:  Undefined index: token in E:\xampp\htdocs\vmmobiles_site\admin\controller\extension\module\direct7sms.php on line 247
2022-06-14 17:55:57 - PHP Notice:  Undefined index: token in E:\xampp\htdocs\vmmobiles_site\admin\controller\extension\module\direct7sms.php on line 248
2022-06-14 17:55:57 - PHP Notice:  Undefined index: token in E:\xampp\htdocs\vmmobiles_site\admin\controller\extension\module\direct7sms.php on line 249
2022-06-14 17:55:57 - PHP Notice:  Undefined index: token in E:\xampp\htdocs\vmmobiles_site\admin\controller\extension\module\direct7sms.php on line 250
2022-06-14 17:55:57 - PHP Notice:  Undefined index: token in E:\xampp\htdocs\vmmobiles_site\admin\controller\extension\module\direct7sms.php on line 268
2022-06-14 17:55:57 - PHP Notice:  Undefined index: token in E:\xampp\htdocs\vmmobiles_site\admin\controller\extension\module\direct7sms.php on line 268
2022-06-14 17:55:57 - PHP Notice:  Undefined index: token in E:\xampp\htdocs\vmmobiles_site\admin\controller\extension\module\direct7sms.php on line 268
2022-06-14 17:55:57 - PHP Notice:  Undefined index: token in E:\xampp\htdocs\vmmobiles_site\admin\controller\extension\module\direct7sms.php on line 268
2022-06-14 17:55:57 - PHP Notice:  Undefined index: token in E:\xampp\htdocs\vmmobiles_site\admin\controller\extension\module\direct7sms.php on line 268
2022-06-14 17:55:57 - PHP Notice:  Undefined index: token in E:\xampp\htdocs\vmmobiles_site\admin\controller\extension\module\direct7sms.php on line 268
2022-06-14 17:55:57 - PHP Notice:  Undefined index: token in E:\xampp\htdocs\vmmobiles_site\admin\controller\extension\module\direct7sms.php on line 268
2022-06-14 17:55:57 - PHP Notice:  Undefined index: token in E:\xampp\htdocs\vmmobiles_site\admin\controller\extension\module\direct7sms.php on line 268
2022-06-14 17:55:57 - PHP Notice:  Undefined index: token in E:\xampp\htdocs\vmmobiles_site\admin\controller\extension\module\direct7sms.php on line 268
2022-06-14 17:55:57 - PHP Notice:  Undefined index: token in E:\xampp\htdocs\vmmobiles_site\admin\controller\extension\module\direct7sms.php on line 268
2022-06-14 17:55:57 - PHP Notice:  Undefined index: token in E:\xampp\htdocs\vmmobiles_site\admin\controller\extension\module\direct7sms.php on line 312
2022-06-14 17:55:57 - PHP Notice:  Undefined index: token in E:\xampp\htdocs\vmmobiles_site\admin\controller\extension\module\direct7sms.php on line 331
2022-06-14 17:55:57 - PHP Notice:  Undefined index: token in E:\xampp\htdocs\vmmobiles_site\admin\controller\extension\module\direct7sms.php on line 332
2022-06-14 17:55:57 - PHP Notice:  Undefined index: token in E:\xampp\htdocs\vmmobiles_site\admin\controller\extension\module\direct7sms.php on line 209
2022-06-14 17:55:57 - PHP Notice:  Undefined index: token in E:\xampp\htdocs\vmmobiles_site\admin\controller\extension\module\direct7sms.php on line 214
2022-06-14 17:55:57 - PHP Notice:  Undefined index: token in E:\xampp\htdocs\vmmobiles_site\admin\controller\extension\module\direct7sms.php on line 219
2022-06-14 17:55:57 - PHP Notice:  Undefined index: token in E:\xampp\htdocs\vmmobiles_site\admin\controller\extension\module\direct7sms.php on line 247
2022-06-14 17:55:57 - PHP Notice:  Undefined index: token in E:\xampp\htdocs\vmmobiles_site\admin\controller\extension\module\direct7sms.php on line 248
2022-06-14 17:55:57 - PHP Notice:  Undefined index: token in E:\xampp\htdocs\vmmobiles_site\admin\controller\extension\module\direct7sms.php on line 249
2022-06-14 17:55:57 - PHP Notice:  Undefined index: token in E:\xampp\htdocs\vmmobiles_site\admin\controller\extension\module\direct7sms.php on line 250
2022-06-14 17:55:57 - PHP Notice:  Undefined index: token in E:\xampp\htdocs\vmmobiles_site\admin\controller\extension\module\direct7sms.php on line 268
2022-06-14 17:55:57 - PHP Notice:  Undefined index: token in E:\xampp\htdocs\vmmobiles_site\admin\controller\extension\module\direct7sms.php on line 268
2022-06-14 17:55:57 - PHP Notice:  Undefined index: token in E:\xampp\htdocs\vmmobiles_site\admin\controller\extension\module\direct7sms.php on line 268
2022-06-14 17:55:57 - PHP Notice:  Undefined index: token in E:\xampp\htdocs\vmmobiles_site\admin\controller\extension\module\direct7sms.php on line 268
2022-06-14 17:55:57 - PHP Notice:  Undefined index: token in E:\xampp\htdocs\vmmobiles_site\admin\controller\extension\module\direct7sms.php on line 268
2022-06-14 17:55:57 - PHP Notice:  Undefined index: token in E:\xampp\htdocs\vmmobiles_site\admin\controller\extension\module\direct7sms.php on line 268
2022-06-14 17:55:57 - PHP Notice:  Undefined index: token in E:\xampp\htdocs\vmmobiles_site\admin\controller\extension\module\direct7sms.php on line 209
2022-06-14 17:55:57 - PHP Notice:  Undefined index: token in E:\xampp\htdocs\vmmobiles_site\admin\controller\extension\module\direct7sms.php on line 214
2022-06-14 17:55:57 - PHP Notice:  Undefined index: token in E:\xampp\htdocs\vmmobiles_site\admin\controller\extension\module\direct7sms.php on line 219
2022-06-14 17:55:57 - PHP Notice:  Undefined index: token in E:\xampp\htdocs\vmmobiles_site\admin\controller\extension\module\direct7sms.php on line 247
2022-06-14 17:55:57 - PHP Notice:  Undefined index: token in E:\xampp\htdocs\vmmobiles_site\admin\controller\extension\module\direct7sms.php on line 248
2022-06-14 17:55:57 - PHP Notice:  Undefined index: token in E:\xampp\htdocs\vmmobiles_site\admin\controller\extension\module\direct7sms.php on line 249
2022-06-14 17:55:57 - PHP Notice:  Undefined index: token in E:\xampp\htdocs\vmmobiles_site\admin\controller\extension\module\direct7sms.php on line 250
2022-06-14 17:55:57 - PHP Notice:  Undefined index: token in E:\xampp\htdocs\vmmobiles_site\admin\controller\extension\module\direct7sms.php on line 209
2022-06-14 17:55:57 - PHP Notice:  Undefined index: token in E:\xampp\htdocs\vmmobiles_site\admin\controller\extension\module\direct7sms.php on line 214
2022-06-14 17:55:57 - PHP Notice:  Undefined index: token in E:\xampp\htdocs\vmmobiles_site\admin\controller\extension\module\direct7sms.php on line 219
2022-06-14 17:55:57 - PHP Notice:  Undefined index: token in E:\xampp\htdocs\vmmobiles_site\admin\controller\extension\module\direct7sms.php on line 247
2022-06-14 17:55:57 - PHP Notice:  Undefined index: token in E:\xampp\htdocs\vmmobiles_site\admin\controller\extension\module\direct7sms.php on line 248
2022-06-14 17:55:57 - PHP Notice:  Undefined index: token in E:\xampp\htdocs\vmmobiles_site\admin\controller\extension\module\direct7sms.php on line 249
2022-06-14 17:55:57 - PHP Notice:  Undefined index: token in E:\xampp\htdocs\vmmobiles_site\admin\controller\extension\module\direct7sms.php on line 250
2022-06-14 17:55:57 - PHP Notice:  Undefined index: token in E:\xampp\htdocs\vmmobiles_site\admin\controller\extension\module\direct7sms.php on line 268
2022-06-14 17:55:57 - PHP Notice:  Undefined index: token in E:\xampp\htdocs\vmmobiles_site\admin\controller\extension\module\direct7sms.php on line 268
2022-06-14 17:55:57 - PHP Notice:  Undefined index: token in E:\xampp\htdocs\vmmobiles_site\admin\controller\extension\module\direct7sms.php on line 268
2022-06-14 17:55:57 - PHP Notice:  Undefined index: token in E:\xampp\htdocs\vmmobiles_site\admin\controller\extension\module\direct7sms.php on line 268
2022-06-14 17:55:57 - PHP Notice:  Undefined index: token in E:\xampp\htdocs\vmmobiles_site\admin\controller\extension\module\direct7sms.php on line 268
2022-06-14 17:55:57 - PHP Notice:  Undefined index: token in E:\xampp\htdocs\vmmobiles_site\admin\controller\extension\module\direct7sms.php on line 268
2022-06-14 17:55:57 - PHP Notice:  Undefined index: token in E:\xampp\htdocs\vmmobiles_site\admin\controller\extension\module\direct7sms.php on line 268
2022-06-14 17:55:57 - PHP Notice:  Undefined index: token in E:\xampp\htdocs\vmmobiles_site\admin\controller\extension\module\direct7sms.php on line 268
2022-06-14 17:55:57 - PHP Notice:  Undefined index: token in E:\xampp\htdocs\vmmobiles_site\admin\controller\extension\module\direct7sms.php on line 268
2022-06-14 17:55:57 - PHP Notice:  Undefined index: token in E:\xampp\htdocs\vmmobiles_site\admin\controller\extension\module\direct7sms.php on line 268
2022-06-14 17:55:57 - PHP Notice:  Undefined index: token in E:\xampp\htdocs\vmmobiles_site\admin\controller\extension\module\direct7sms.php on line 268
2022-06-14 17:55:57 - PHP Notice:  Undefined index: token in E:\xampp\htdocs\vmmobiles_site\admin\controller\extension\module\direct7sms.php on line 268
2022-06-14 17:55:57 - PHP Notice:  Undefined index: token in E:\xampp\htdocs\vmmobiles_site\admin\controller\extension\module\direct7sms.php on line 268
2022-06-14 17:55:57 - PHP Notice:  Undefined index: token in E:\xampp\htdocs\vmmobiles_site\admin\controller\extension\module\direct7sms.php on line 268
2022-06-14 17:55:57 - PHP Notice:  Undefined index: token in E:\xampp\htdocs\vmmobiles_site\admin\controller\extension\module\direct7sms.php on line 268
2022-06-14 17:55:57 - PHP Notice:  Undefined index: token in E:\xampp\htdocs\vmmobiles_site\admin\controller\extension\module\direct7sms.php on line 268
2022-06-14 17:55:57 - PHP Notice:  Undefined index: token in E:\xampp\htdocs\vmmobiles_site\admin\controller\extension\module\direct7sms.php on line 268
2022-06-14 17:55:57 - PHP Notice:  Undefined index: token in E:\xampp\htdocs\vmmobiles_site\admin\controller\extension\module\direct7sms.php on line 268
2022-06-14 17:55:57 - PHP Notice:  Undefined index: token in E:\xampp\htdocs\vmmobiles_site\admin\controller\extension\module\direct7sms.php on line 268
2022-06-14 17:55:57 - PHP Notice:  Undefined index: token in E:\xampp\htdocs\vmmobiles_site\admin\controller\extension\module\direct7sms.php on line 312
2022-06-14 17:55:57 - PHP Notice:  Undefined index: token in E:\xampp\htdocs\vmmobiles_site\admin\controller\extension\module\direct7sms.php on line 331
2022-06-14 17:55:57 - PHP Notice:  Undefined index: token in E:\xampp\htdocs\vmmobiles_site\admin\controller\extension\module\direct7sms.php on line 332
2022-06-14 17:55:57 - PHP Notice:  Undefined index: token in E:\xampp\htdocs\vmmobiles_site\admin\controller\extension\module\direct7sms.php on line 268
2022-06-14 17:55:57 - PHP Notice:  Undefined index: token in E:\xampp\htdocs\vmmobiles_site\admin\controller\extension\module\direct7sms.php on line 268
2022-06-14 17:55:57 - PHP Notice:  Undefined index: token in E:\xampp\htdocs\vmmobiles_site\admin\controller\extension\module\direct7sms.php on line 312
2022-06-14 17:55:57 - PHP Notice:  Undefined index: token in E:\xampp\htdocs\vmmobiles_site\admin\controller\extension\module\direct7sms.php on line 331
2022-06-14 17:55:57 - PHP Notice:  Undefined index: token in E:\xampp\htdocs\vmmobiles_site\admin\controller\extension\module\direct7sms.php on line 332
2022-06-14 17:55:57 - PHP Notice:  Undefined index: token in E:\xampp\htdocs\vmmobiles_site\admin\controller\extension\module\direct7sms.php on line 268
2022-06-14 17:55:57 - PHP Notice:  Undefined index: token in E:\xampp\htdocs\vmmobiles_site\admin\controller\extension\module\direct7sms.php on line 268
2022-06-14 17:55:57 - PHP Notice:  Undefined index: token in E:\xampp\htdocs\vmmobiles_site\admin\controller\extension\module\direct7sms.php on line 268
2022-06-14 17:55:57 - PHP Notice:  Undefined index: token in E:\xampp\htdocs\vmmobiles_site\admin\controller\extension\module\direct7sms.php on line 312
2022-06-14 17:55:57 - PHP Notice:  Undefined index: token in E:\xampp\htdocs\vmmobiles_site\admin\controller\extension\module\direct7sms.php on line 331
2022-06-14 17:55:57 - PHP Notice:  Undefined index: token in E:\xampp\htdocs\vmmobiles_site\admin\controller\extension\module\direct7sms.php on line 332
2022-06-14 17:55:57 - PHP Notice:  Undefined index: token in E:\xampp\htdocs\vmmobiles_site\admin\controller\extension\module\direct7sms.php on line 209
2022-06-14 17:55:57 - PHP Notice:  Undefined index: token in E:\xampp\htdocs\vmmobiles_site\admin\controller\extension\module\direct7sms.php on line 214
2022-06-14 17:55:57 - PHP Notice:  Undefined index: token in E:\xampp\htdocs\vmmobiles_site\admin\controller\extension\module\direct7sms.php on line 219
2022-06-14 17:55:57 - PHP Notice:  Undefined index: token in E:\xampp\htdocs\vmmobiles_site\admin\controller\extension\module\direct7sms.php on line 247
2022-06-14 17:55:57 - PHP Notice:  Undefined index: token in E:\xampp\htdocs\vmmobiles_site\admin\controller\extension\module\direct7sms.php on line 248
2022-06-14 17:55:57 - PHP Notice:  Undefined index: token in E:\xampp\htdocs\vmmobiles_site\admin\controller\extension\module\direct7sms.php on line 249
2022-06-14 17:55:57 - PHP Notice:  Undefined index: token in E:\xampp\htdocs\vmmobiles_site\admin\controller\extension\module\direct7sms.php on line 250
2022-06-14 17:55:57 - PHP Notice:  Undefined index: token in E:\xampp\htdocs\vmmobiles_site\admin\controller\extension\module\direct7sms.php on line 268
2022-06-14 17:55:57 - PHP Notice:  Undefined index: token in E:\xampp\htdocs\vmmobiles_site\admin\controller\extension\module\direct7sms.php on line 268
2022-06-14 17:55:57 - PHP Notice:  Undefined index: token in E:\xampp\htdocs\vmmobiles_site\admin\controller\extension\module\direct7sms.php on line 268
2022-06-14 17:55:57 - PHP Notice:  Undefined index: token in E:\xampp\htdocs\vmmobiles_site\admin\controller\extension\module\direct7sms.php on line 268
2022-06-14 17:55:57 - PHP Notice:  Undefined index: token in E:\xampp\htdocs\vmmobiles_site\admin\controller\extension\module\direct7sms.php on line 268
2022-06-14 17:55:57 - PHP Notice:  Undefined index: token in E:\xampp\htdocs\vmmobiles_site\admin\controller\extension\module\direct7sms.php on line 268
2022-06-14 17:55:57 - PHP Notice:  Undefined index: token in E:\xampp\htdocs\vmmobiles_site\admin\controller\extension\module\direct7sms.php on line 268
2022-06-14 17:55:57 - PHP Notice:  Undefined index: token in E:\xampp\htdocs\vmmobiles_site\admin\controller\extension\module\direct7sms.php on line 268
2022-06-14 17:55:57 - PHP Notice:  Undefined index: token in E:\xampp\htdocs\vmmobiles_site\admin\controller\extension\module\direct7sms.php on line 268
2022-06-14 17:55:57 - PHP Notice:  Undefined index: token in E:\xampp\htdocs\vmmobiles_site\admin\controller\extension\module\direct7sms.php on line 268
2022-06-14 17:55:57 - PHP Notice:  Undefined index: token in E:\xampp\htdocs\vmmobiles_site\admin\controller\extension\module\direct7sms.php on line 312
2022-06-14 17:55:57 - PHP Notice:  Undefined index: token in E:\xampp\htdocs\vmmobiles_site\admin\controller\extension\module\direct7sms.php on line 331
2022-06-14 17:55:57 - PHP Notice:  Undefined index: token in E:\xampp\htdocs\vmmobiles_site\admin\controller\extension\module\direct7sms.php on line 332
2022-06-14 17:55:58 - PHP Notice:  Undefined index: token in E:\xampp\htdocs\vmmobiles_site\admin\controller\extension\module\direct7sms.php on line 209
2022-06-14 17:55:58 - PHP Notice:  Undefined index: token in E:\xampp\htdocs\vmmobiles_site\admin\controller\extension\module\direct7sms.php on line 214
2022-06-14 17:55:58 - PHP Notice:  Undefined index: token in E:\xampp\htdocs\vmmobiles_site\admin\controller\extension\module\direct7sms.php on line 219
2022-06-14 17:55:58 - PHP Notice:  Undefined index: token in E:\xampp\htdocs\vmmobiles_site\admin\controller\extension\module\direct7sms.php on line 247
2022-06-14 17:55:58 - PHP Notice:  Undefined index: token in E:\xampp\htdocs\vmmobiles_site\admin\controller\extension\module\direct7sms.php on line 248
2022-06-14 17:55:58 - PHP Notice:  Undefined index: token in E:\xampp\htdocs\vmmobiles_site\admin\controller\extension\module\direct7sms.php on line 249
2022-06-14 17:55:58 - PHP Notice:  Undefined index: token in E:\xampp\htdocs\vmmobiles_site\admin\controller\extension\module\direct7sms.php on line 250
2022-06-14 17:55:58 - PHP Notice:  Undefined index: token in E:\xampp\htdocs\vmmobiles_site\admin\controller\extension\module\direct7sms.php on line 268
2022-06-14 17:55:58 - PHP Notice:  Undefined index: token in E:\xampp\htdocs\vmmobiles_site\admin\controller\extension\module\direct7sms.php on line 268
2022-06-14 17:55:58 - PHP Notice:  Undefined index: token in E:\xampp\htdocs\vmmobiles_site\admin\controller\extension\module\direct7sms.php on line 209
2022-06-14 17:55:58 - PHP Notice:  Undefined index: token in E:\xampp\htdocs\vmmobiles_site\admin\controller\extension\module\direct7sms.php on line 214
2022-06-14 17:55:58 - PHP Notice:  Undefined index: token in E:\xampp\htdocs\vmmobiles_site\admin\controller\extension\module\direct7sms.php on line 219
2022-06-14 17:55:58 - PHP Notice:  Undefined index: token in E:\xampp\htdocs\vmmobiles_site\admin\controller\extension\module\direct7sms.php on line 247
2022-06-14 17:55:58 - PHP Notice:  Undefined index: token in E:\xampp\htdocs\vmmobiles_site\admin\controller\extension\module\direct7sms.php on line 248
2022-06-14 17:55:58 - PHP Notice:  Undefined index: token in E:\xampp\htdocs\vmmobiles_site\admin\controller\extension\module\direct7sms.php on line 249
2022-06-14 17:55:58 - PHP Notice:  Undefined index: token in E:\xampp\htdocs\vmmobiles_site\admin\controller\extension\module\direct7sms.php on line 250
2022-06-14 17:55:58 - PHP Notice:  Undefined index: token in E:\xampp\htdocs\vmmobiles_site\admin\controller\extension\module\direct7sms.php on line 268
2022-06-14 17:55:58 - PHP Notice:  Undefined index: token in E:\xampp\htdocs\vmmobiles_site\admin\controller\extension\module\direct7sms.php on line 268
2022-06-14 17:55:58 - PHP Notice:  Undefined index: token in E:\xampp\htdocs\vmmobiles_site\admin\controller\extension\module\direct7sms.php on line 268
2022-06-14 17:55:58 - PHP Notice:  Undefined index: token in E:\xampp\htdocs\vmmobiles_site\admin\controller\extension\module\direct7sms.php on line 268
2022-06-14 17:55:58 - PHP Notice:  Undefined index: token in E:\xampp\htdocs\vmmobiles_site\admin\controller\extension\module\direct7sms.php on line 268
2022-06-14 17:55:58 - PHP Notice:  Undefined index: token in E:\xampp\htdocs\vmmobiles_site\admin\controller\extension\module\direct7sms.php on line 268
2022-06-14 17:55:58 - PHP Notice:  Undefined index: token in E:\xampp\htdocs\vmmobiles_site\admin\controller\extension\module\direct7sms.php on line 268
2022-06-14 17:55:58 - PHP Notice:  Undefined index: token in E:\xampp\htdocs\vmmobiles_site\admin\controller\extension\module\direct7sms.php on line 268
2022-06-14 17:55:58 - PHP Notice:  Undefined index: token in E:\xampp\htdocs\vmmobiles_site\admin\controller\extension\module\direct7sms.php on line 268
2022-06-14 17:55:58 - PHP Notice:  Undefined index: token in E:\xampp\htdocs\vmmobiles_site\admin\controller\extension\module\direct7sms.php on line 268
2022-06-14 17:55:58 - PHP Notice:  Undefined index: token in E:\xampp\htdocs\vmmobiles_site\admin\controller\extension\module\direct7sms.php on line 268
2022-06-14 17:55:58 - PHP Notice:  Undefined index: token in E:\xampp\htdocs\vmmobiles_site\admin\controller\extension\module\direct7sms.php on line 268
2022-06-14 17:55:58 - PHP Notice:  Undefined index: token in E:\xampp\htdocs\vmmobiles_site\admin\controller\extension\module\direct7sms.php on line 312
2022-06-14 17:55:58 - PHP Notice:  Undefined index: token in E:\xampp\htdocs\vmmobiles_site\admin\controller\extension\module\direct7sms.php on line 331
2022-06-14 17:55:58 - PHP Notice:  Undefined index: token in E:\xampp\htdocs\vmmobiles_site\admin\controller\extension\module\direct7sms.php on line 332
2022-06-14 17:55:58 - PHP Notice:  Undefined index: token in E:\xampp\htdocs\vmmobiles_site\admin\controller\extension\module\direct7sms.php on line 268
2022-06-14 17:55:58 - PHP Notice:  Undefined index: token in E:\xampp\htdocs\vmmobiles_site\admin\controller\extension\module\direct7sms.php on line 268
2022-06-14 17:55:58 - PHP Notice:  Undefined index: token in E:\xampp\htdocs\vmmobiles_site\admin\controller\extension\module\direct7sms.php on line 209
2022-06-14 17:55:58 - PHP Notice:  Undefined index: token in E:\xampp\htdocs\vmmobiles_site\admin\controller\extension\module\direct7sms.php on line 214
2022-06-14 17:55:58 - PHP Notice:  Undefined index: token in E:\xampp\htdocs\vmmobiles_site\admin\controller\extension\module\direct7sms.php on line 219
2022-06-14 17:55:58 - PHP Notice:  Undefined index: token in E:\xampp\htdocs\vmmobiles_site\admin\controller\extension\module\direct7sms.php on line 247
2022-06-14 17:55:58 - PHP Notice:  Undefined index: token in E:\xampp\htdocs\vmmobiles_site\admin\controller\extension\module\direct7sms.php on line 248
2022-06-14 17:55:58 - PHP Notice:  Undefined index: token in E:\xampp\htdocs\vmmobiles_site\admin\controller\extension\module\direct7sms.php on line 249
2022-06-14 17:55:58 - PHP Notice:  Undefined index: token in E:\xampp\htdocs\vmmobiles_site\admin\controller\extension\module\direct7sms.php on line 250
2022-06-14 17:55:58 - PHP Notice:  Undefined index: token in E:\xampp\htdocs\vmmobiles_site\admin\controller\extension\module\direct7sms.php on line 268
2022-06-14 17:55:58 - PHP Notice:  Undefined index: token in E:\xampp\htdocs\vmmobiles_site\admin\controller\extension\module\direct7sms.php on line 268
2022-06-14 17:55:58 - PHP Notice:  Undefined index: token in E:\xampp\htdocs\vmmobiles_site\admin\controller\extension\module\direct7sms.php on line 268
2022-06-14 17:55:58 - PHP Notice:  Undefined index: token in E:\xampp\htdocs\vmmobiles_site\admin\controller\extension\module\direct7sms.php on line 268
2022-06-14 17:55:58 - PHP Notice:  Undefined index: token in E:\xampp\htdocs\vmmobiles_site\admin\controller\extension\module\direct7sms.php on line 268
2022-06-14 17:55:58 - PHP Notice:  Undefined index: token in E:\xampp\htdocs\vmmobiles_site\admin\controller\extension\module\direct7sms.php on line 209
2022-06-14 17:55:58 - PHP Notice:  Undefined index: token in E:\xampp\htdocs\vmmobiles_site\admin\controller\extension\module\direct7sms.php on line 214
2022-06-14 17:55:58 - PHP Notice:  Undefined index: token in E:\xampp\htdocs\vmmobiles_site\admin\controller\extension\module\direct7sms.php on line 219
2022-06-14 17:55:58 - PHP Notice:  Undefined index: token in E:\xampp\htdocs\vmmobiles_site\admin\controller\extension\module\direct7sms.php on line 247
2022-06-14 17:55:58 - PHP Notice:  Undefined index: token in E:\xampp\htdocs\vmmobiles_site\admin\controller\extension\module\direct7sms.php on line 248
2022-06-14 17:55:58 - PHP Notice:  Undefined index: token in E:\xampp\htdocs\vmmobiles_site\admin\controller\extension\module\direct7sms.php on line 249
2022-06-14 17:55:58 - PHP Notice:  Undefined index: token in E:\xampp\htdocs\vmmobiles_site\admin\controller\extension\module\direct7sms.php on line 250
2022-06-14 17:55:58 - PHP Notice:  Undefined index: token in E:\xampp\htdocs\vmmobiles_site\admin\controller\extension\module\direct7sms.php on line 268
2022-06-14 17:55:58 - PHP Notice:  Undefined index: token in E:\xampp\htdocs\vmmobiles_site\admin\controller\extension\module\direct7sms.php on line 268
2022-06-14 17:55:58 - PHP Notice:  Undefined index: token in E:\xampp\htdocs\vmmobiles_site\admin\controller\extension\module\direct7sms.php on line 268
2022-06-14 17:55:58 - PHP Notice:  Undefined index: token in E:\xampp\htdocs\vmmobiles_site\admin\controller\extension\module\direct7sms.php on line 268
2022-06-14 17:55:58 - PHP Notice:  Undefined index: token in E:\xampp\htdocs\vmmobiles_site\admin\controller\extension\module\direct7sms.php on line 312
2022-06-14 17:55:58 - PHP Notice:  Undefined index: token in E:\xampp\htdocs\vmmobiles_site\admin\controller\extension\module\direct7sms.php on line 331
2022-06-14 17:55:58 - PHP Notice:  Undefined index: token in E:\xampp\htdocs\vmmobiles_site\admin\controller\extension\module\direct7sms.php on line 332
2022-06-14 17:55:58 - PHP Notice:  Undefined index: token in E:\xampp\htdocs\vmmobiles_site\admin\controller\extension\module\direct7sms.php on line 268
2022-06-14 17:55:58 - PHP Notice:  Undefined index: token in E:\xampp\htdocs\vmmobiles_site\admin\controller\extension\module\direct7sms.php on line 268
2022-06-14 17:55:58 - PHP Notice:  Undefined index: token in E:\xampp\htdocs\vmmobiles_site\admin\controller\extension\module\direct7sms.php on line 268
2022-06-14 17:55:58 - PHP Notice:  Undefined index: token in E:\xampp\htdocs\vmmobiles_site\admin\controller\extension\module\direct7sms.php on line 268
2022-06-14 17:55:58 - PHP Notice:  Undefined index: token in E:\xampp\htdocs\vmmobiles_site\admin\controller\extension\module\direct7sms.php on line 268
2022-06-14 17:55:58 - PHP Notice:  Undefined index: token in E:\xampp\htdocs\vmmobiles_site\admin\controller\extension\module\direct7sms.php on line 268
2022-06-14 17:55:58 - PHP Notice:  Undefined index: token in E:\xampp\htdocs\vmmobiles_site\admin\controller\extension\module\direct7sms.php on line 268
2022-06-14 17:55:58 - PHP Notice:  Undefined index: token in E:\xampp\htdocs\vmmobiles_site\admin\controller\extension\module\direct7sms.php on line 268
2022-06-14 17:55:58 - PHP Notice:  Undefined index: token in E:\xampp\htdocs\vmmobiles_site\admin\controller\extension\module\direct7sms.php on line 268
2022-06-14 17:55:58 - PHP Notice:  Undefined index: token in E:\xampp\htdocs\vmmobiles_site\admin\controller\extension\module\direct7sms.php on line 268
2022-06-14 17:55:58 - PHP Notice:  Undefined index: token in E:\xampp\htdocs\vmmobiles_site\admin\controller\extension\module\direct7sms.php on line 268
2022-06-14 17:55:58 - PHP Notice:  Undefined index: token in E:\xampp\htdocs\vmmobiles_site\admin\controller\extension\module\direct7sms.php on line 268
2022-06-14 17:55:58 - PHP Notice:  Undefined index: token in E:\xampp\htdocs\vmmobiles_site\admin\controller\extension\module\direct7sms.php on line 312
2022-06-14 17:55:58 - PHP Notice:  Undefined index: token in E:\xampp\htdocs\vmmobiles_site\admin\controller\extension\module\direct7sms.php on line 331
2022-06-14 17:55:58 - PHP Notice:  Undefined index: token in E:\xampp\htdocs\vmmobiles_site\admin\controller\extension\module\direct7sms.php on line 332
2022-06-14 17:55:58 - PHP Notice:  Undefined index: token in E:\xampp\htdocs\vmmobiles_site\admin\controller\extension\module\direct7sms.php on line 268
2022-06-14 17:55:58 - PHP Notice:  Undefined index: token in E:\xampp\htdocs\vmmobiles_site\admin\controller\extension\module\direct7sms.php on line 268
2022-06-14 17:55:58 - PHP Notice:  Undefined index: token in E:\xampp\htdocs\vmmobiles_site\admin\controller\extension\module\direct7sms.php on line 268
2022-06-14 17:55:58 - PHP Notice:  Undefined index: token in E:\xampp\htdocs\vmmobiles_site\admin\controller\extension\module\direct7sms.php on line 312
2022-06-14 17:55:58 - PHP Notice:  Undefined index: token in E:\xampp\htdocs\vmmobiles_site\admin\controller\extension\module\direct7sms.php on line 331
2022-06-14 17:55:58 - PHP Notice:  Undefined index: token in E:\xampp\htdocs\vmmobiles_site\admin\controller\extension\module\direct7sms.php on line 332
2022-06-14 17:55:59 - PHP Notice:  Undefined index: token in E:\xampp\htdocs\vmmobiles_site\admin\controller\extension\module\direct7sms.php on line 209
2022-06-14 17:55:59 - PHP Notice:  Undefined index: token in E:\xampp\htdocs\vmmobiles_site\admin\controller\extension\module\direct7sms.php on line 214
2022-06-14 17:55:59 - PHP Notice:  Undefined index: token in E:\xampp\htdocs\vmmobiles_site\admin\controller\extension\module\direct7sms.php on line 219
2022-06-14 17:55:59 - PHP Notice:  Undefined index: token in E:\xampp\htdocs\vmmobiles_site\admin\controller\extension\module\direct7sms.php on line 247
2022-06-14 17:55:59 - PHP Notice:  Undefined index: token in E:\xampp\htdocs\vmmobiles_site\admin\controller\extension\module\direct7sms.php on line 248
2022-06-14 17:55:59 - PHP Notice:  Undefined index: token in E:\xampp\htdocs\vmmobiles_site\admin\controller\extension\module\direct7sms.php on line 249
2022-06-14 17:55:59 - PHP Notice:  Undefined index: token in E:\xampp\htdocs\vmmobiles_site\admin\controller\extension\module\direct7sms.php on line 250
2022-06-14 17:55:59 - PHP Notice:  Undefined index: token in E:\xampp\htdocs\vmmobiles_site\admin\controller\extension\module\direct7sms.php on line 268
2022-06-14 17:55:59 - PHP Notice:  Undefined index: token in E:\xampp\htdocs\vmmobiles_site\admin\controller\extension\module\direct7sms.php on line 268
2022-06-14 17:55:59 - PHP Notice:  Undefined index: token in E:\xampp\htdocs\vmmobiles_site\admin\controller\extension\module\direct7sms.php on line 268
2022-06-14 17:55:59 - PHP Notice:  Undefined index: token in E:\xampp\htdocs\vmmobiles_site\admin\controller\extension\module\direct7sms.php on line 268
2022-06-14 17:55:59 - PHP Notice:  Undefined index: token in E:\xampp\htdocs\vmmobiles_site\admin\controller\extension\module\direct7sms.php on line 268
2022-06-14 17:55:59 - PHP Notice:  Undefined index: token in E:\xampp\htdocs\vmmobiles_site\admin\controller\extension\module\direct7sms.php on line 268
2022-06-14 17:55:59 - PHP Notice:  Undefined index: token in E:\xampp\htdocs\vmmobiles_site\admin\controller\extension\module\direct7sms.php on line 268
2022-06-14 17:55:59 - PHP Notice:  Undefined index: token in E:\xampp\htdocs\vmmobiles_site\admin\controller\extension\module\direct7sms.php on line 268
2022-06-14 17:55:59 - PHP Notice:  Undefined index: token in E:\xampp\htdocs\vmmobiles_site\admin\controller\extension\module\direct7sms.php on line 268
2022-06-14 17:55:59 - PHP Notice:  Undefined index: token in E:\xampp\htdocs\vmmobiles_site\admin\controller\extension\module\direct7sms.php on line 268
2022-06-14 17:55:59 - PHP Notice:  Undefined index: token in E:\xampp\htdocs\vmmobiles_site\admin\controller\extension\module\direct7sms.php on line 312
2022-06-14 17:55:59 - PHP Notice:  Undefined index: token in E:\xampp\htdocs\vmmobiles_site\admin\controller\extension\module\direct7sms.php on line 331
2022-06-14 17:55:59 - PHP Notice:  Undefined index: token in E:\xampp\htdocs\vmmobiles_site\admin\controller\extension\module\direct7sms.php on line 332
2022-06-14 17:55:59 - PHP Notice:  Undefined index: token in E:\xampp\htdocs\vmmobiles_site\admin\controller\extension\module\direct7sms.php on line 209
2022-06-14 17:55:59 - PHP Notice:  Undefined index: token in E:\xampp\htdocs\vmmobiles_site\admin\controller\extension\module\direct7sms.php on line 214
2022-06-14 17:55:59 - PHP Notice:  Undefined index: token in E:\xampp\htdocs\vmmobiles_site\admin\controller\extension\module\direct7sms.php on line 219
2022-06-14 17:55:59 - PHP Notice:  Undefined index: token in E:\xampp\htdocs\vmmobiles_site\admin\controller\extension\module\direct7sms.php on line 247
2022-06-14 17:55:59 - PHP Notice:  Undefined index: token in E:\xampp\htdocs\vmmobiles_site\admin\controller\extension\module\direct7sms.php on line 248
2022-06-14 17:55:59 - PHP Notice:  Undefined index: token in E:\xampp\htdocs\vmmobiles_site\admin\controller\extension\module\direct7sms.php on line 249
2022-06-14 17:55:59 - PHP Notice:  Undefined index: token in E:\xampp\htdocs\vmmobiles_site\admin\controller\extension\module\direct7sms.php on line 250
2022-06-14 17:55:59 - PHP Notice:  Undefined index: token in E:\xampp\htdocs\vmmobiles_site\admin\controller\extension\module\direct7sms.php on line 268
2022-06-14 17:55:59 - PHP Notice:  Undefined index: token in E:\xampp\htdocs\vmmobiles_site\admin\controller\extension\module\direct7sms.php on line 268
2022-06-14 17:55:59 - PHP Notice:  Undefined index: token in E:\xampp\htdocs\vmmobiles_site\admin\controller\extension\module\direct7sms.php on line 268
2022-06-14 17:55:59 - PHP Notice:  Undefined index: token in E:\xampp\htdocs\vmmobiles_site\admin\controller\extension\module\direct7sms.php on line 268
2022-06-14 17:55:59 - PHP Notice:  Undefined index: token in E:\xampp\htdocs\vmmobiles_site\admin\controller\extension\module\direct7sms.php on line 268
2022-06-14 17:55:59 - PHP Notice:  Undefined index: token in E:\xampp\htdocs\vmmobiles_site\admin\controller\extension\module\direct7sms.php on line 268
2022-06-14 17:55:59 - PHP Notice:  Undefined index: token in E:\xampp\htdocs\vmmobiles_site\admin\controller\extension\module\direct7sms.php on line 268
2022-06-14 17:55:59 - PHP Notice:  Undefined index: token in E:\xampp\htdocs\vmmobiles_site\admin\controller\extension\module\direct7sms.php on line 268
2022-06-14 17:55:59 - PHP Notice:  Undefined index: token in E:\xampp\htdocs\vmmobiles_site\admin\controller\extension\module\direct7sms.php on line 268
2022-06-14 17:55:59 - PHP Notice:  Undefined index: token in E:\xampp\htdocs\vmmobiles_site\admin\controller\extension\module\direct7sms.php on line 268
2022-06-14 17:55:59 - PHP Notice:  Undefined index: token in E:\xampp\htdocs\vmmobiles_site\admin\controller\extension\module\direct7sms.php on line 312
2022-06-14 17:55:59 - PHP Notice:  Undefined index: token in E:\xampp\htdocs\vmmobiles_site\admin\controller\extension\module\direct7sms.php on line 331
2022-06-14 17:55:59 - PHP Notice:  Undefined index: token in E:\xampp\htdocs\vmmobiles_site\admin\controller\extension\module\direct7sms.php on line 332
2022-06-14 17:56:20 - PHP Notice:  Undefined index: token in E:\xampp\htdocs\vmmobiles_site\admin\controller\extension\module\direct7sms.php on line 209
2022-06-14 17:56:20 - PHP Notice:  Undefined index: token in E:\xampp\htdocs\vmmobiles_site\admin\controller\extension\module\direct7sms.php on line 214
2022-06-14 17:56:20 - PHP Notice:  Undefined index: token in E:\xampp\htdocs\vmmobiles_site\admin\controller\extension\module\direct7sms.php on line 219
2022-06-14 17:56:20 - PHP Notice:  Undefined index: token in E:\xampp\htdocs\vmmobiles_site\admin\controller\extension\module\direct7sms.php on line 247
2022-06-14 17:56:20 - PHP Notice:  Undefined index: token in E:\xampp\htdocs\vmmobiles_site\admin\controller\extension\module\direct7sms.php on line 248
2022-06-14 17:56:20 - PHP Notice:  Undefined index: token in E:\xampp\htdocs\vmmobiles_site\admin\controller\extension\module\direct7sms.php on line 249
2022-06-14 17:56:20 - PHP Notice:  Undefined index: token in E:\xampp\htdocs\vmmobiles_site\admin\controller\extension\module\direct7sms.php on line 250
2022-06-14 17:56:20 - PHP Notice:  Undefined index: token in E:\xampp\htdocs\vmmobiles_site\admin\controller\extension\module\direct7sms.php on line 268
2022-06-14 17:56:20 - PHP Notice:  Undefined index: token in E:\xampp\htdocs\vmmobiles_site\admin\controller\extension\module\direct7sms.php on line 268
2022-06-14 17:56:20 - PHP Notice:  Undefined index: token in E:\xampp\htdocs\vmmobiles_site\admin\controller\extension\module\direct7sms.php on line 268
2022-06-14 17:56:20 - PHP Notice:  Undefined index: token in E:\xampp\htdocs\vmmobiles_site\admin\controller\extension\module\direct7sms.php on line 268
2022-06-14 17:56:20 - PHP Notice:  Undefined index: token in E:\xampp\htdocs\vmmobiles_site\admin\controller\extension\module\direct7sms.php on line 268
2022-06-14 17:56:20 - PHP Notice:  Undefined index: token in E:\xampp\htdocs\vmmobiles_site\admin\controller\extension\module\direct7sms.php on line 268
2022-06-14 17:56:20 - PHP Notice:  Undefined index: token in E:\xampp\htdocs\vmmobiles_site\admin\controller\extension\module\direct7sms.php on line 268
2022-06-14 17:56:20 - PHP Notice:  Undefined index: token in E:\xampp\htdocs\vmmobiles_site\admin\controller\extension\module\direct7sms.php on line 268
2022-06-14 17:56:20 - PHP Notice:  Undefined index: token in E:\xampp\htdocs\vmmobiles_site\admin\controller\extension\module\direct7sms.php on line 268
2022-06-14 17:56:20 - PHP Notice:  Undefined index: token in E:\xampp\htdocs\vmmobiles_site\admin\controller\extension\module\direct7sms.php on line 268
2022-06-14 17:56:20 - PHP Notice:  Undefined index: token in E:\xampp\htdocs\vmmobiles_site\admin\controller\extension\module\direct7sms.php on line 312
2022-06-14 17:56:20 - PHP Notice:  Undefined index: token in E:\xampp\htdocs\vmmobiles_site\admin\controller\extension\module\direct7sms.php on line 331
2022-06-14 17:56:20 - PHP Notice:  Undefined index: token in E:\xampp\htdocs\vmmobiles_site\admin\controller\extension\module\direct7sms.php on line 332
2022-06-14 17:56:30 - PHP Notice:  Undefined index: token in E:\xampp\htdocs\vmmobiles_site\admin\controller\extension\module\direct7sms.php on line 209
2022-06-14 17:56:30 - PHP Notice:  Undefined index: token in E:\xampp\htdocs\vmmobiles_site\admin\controller\extension\module\direct7sms.php on line 214
2022-06-14 17:56:30 - PHP Notice:  Undefined index: token in E:\xampp\htdocs\vmmobiles_site\admin\controller\extension\module\direct7sms.php on line 219
2022-06-14 17:56:30 - PHP Notice:  Undefined index: token in E:\xampp\htdocs\vmmobiles_site\admin\controller\extension\module\direct7sms.php on line 247
2022-06-14 17:56:30 - PHP Notice:  Undefined index: token in E:\xampp\htdocs\vmmobiles_site\admin\controller\extension\module\direct7sms.php on line 248
2022-06-14 17:56:30 - PHP Notice:  Undefined index: token in E:\xampp\htdocs\vmmobiles_site\admin\controller\extension\module\direct7sms.php on line 249
2022-06-14 17:56:30 - PHP Notice:  Undefined index: token in E:\xampp\htdocs\vmmobiles_site\admin\controller\extension\module\direct7sms.php on line 250
2022-06-14 17:56:30 - PHP Notice:  Undefined index: token in E:\xampp\htdocs\vmmobiles_site\admin\controller\extension\module\direct7sms.php on line 268
2022-06-14 17:56:30 - PHP Notice:  Undefined index: token in E:\xampp\htdocs\vmmobiles_site\admin\controller\extension\module\direct7sms.php on line 268
2022-06-14 17:56:30 - PHP Notice:  Undefined index: token in E:\xampp\htdocs\vmmobiles_site\admin\controller\extension\module\direct7sms.php on line 268
2022-06-14 17:56:30 - PHP Notice:  Undefined index: token in E:\xampp\htdocs\vmmobiles_site\admin\controller\extension\module\direct7sms.php on line 268
2022-06-14 17:56:30 - PHP Notice:  Undefined index: token in E:\xampp\htdocs\vmmobiles_site\admin\controller\extension\module\direct7sms.php on line 268
2022-06-14 17:56:30 - PHP Notice:  Undefined index: token in E:\xampp\htdocs\vmmobiles_site\admin\controller\extension\module\direct7sms.php on line 268
2022-06-14 17:56:30 - PHP Notice:  Undefined index: token in E:\xampp\htdocs\vmmobiles_site\admin\controller\extension\module\direct7sms.php on line 268
2022-06-14 17:56:30 - PHP Notice:  Undefined index: token in E:\xampp\htdocs\vmmobiles_site\admin\controller\extension\module\direct7sms.php on line 268
2022-06-14 17:56:30 - PHP Notice:  Undefined index: token in E:\xampp\htdocs\vmmobiles_site\admin\controller\extension\module\direct7sms.php on line 268
2022-06-14 17:56:30 - PHP Notice:  Undefined index: token in E:\xampp\htdocs\vmmobiles_site\admin\controller\extension\module\direct7sms.php on line 268
2022-06-14 17:56:30 - PHP Notice:  Undefined index: token in E:\xampp\htdocs\vmmobiles_site\admin\controller\extension\module\direct7sms.php on line 312
2022-06-14 17:56:30 - PHP Notice:  Undefined index: token in E:\xampp\htdocs\vmmobiles_site\admin\controller\extension\module\direct7sms.php on line 331
2022-06-14 17:56:30 - PHP Notice:  Undefined index: token in E:\xampp\htdocs\vmmobiles_site\admin\controller\extension\module\direct7sms.php on line 332
2022-06-14 17:57:33 - PHP Notice:  Undefined index: token in E:\xampp\htdocs\vmmobiles_site\admin\controller\extension\module\direct7sms.php on line 209
2022-06-14 17:57:33 - PHP Notice:  Undefined index: token in E:\xampp\htdocs\vmmobiles_site\admin\controller\extension\module\direct7sms.php on line 214
2022-06-14 17:57:33 - PHP Notice:  Undefined index: token in E:\xampp\htdocs\vmmobiles_site\admin\controller\extension\module\direct7sms.php on line 219
2022-06-14 17:57:33 - PHP Notice:  Undefined index: token in E:\xampp\htdocs\vmmobiles_site\admin\controller\extension\module\direct7sms.php on line 247
2022-06-14 17:57:33 - PHP Notice:  Undefined index: token in E:\xampp\htdocs\vmmobiles_site\admin\controller\extension\module\direct7sms.php on line 248
2022-06-14 17:57:33 - PHP Notice:  Undefined index: token in E:\xampp\htdocs\vmmobiles_site\admin\controller\extension\module\direct7sms.php on line 249
2022-06-14 17:57:33 - PHP Notice:  Undefined index: token in E:\xampp\htdocs\vmmobiles_site\admin\controller\extension\module\direct7sms.php on line 250
2022-06-14 17:57:33 - PHP Notice:  Undefined index: token in E:\xampp\htdocs\vmmobiles_site\admin\controller\extension\module\direct7sms.php on line 268
2022-06-14 17:57:33 - PHP Notice:  Undefined index: token in E:\xampp\htdocs\vmmobiles_site\admin\controller\extension\module\direct7sms.php on line 268
2022-06-14 17:57:33 - PHP Notice:  Undefined index: token in E:\xampp\htdocs\vmmobiles_site\admin\controller\extension\module\direct7sms.php on line 268
2022-06-14 17:57:33 - PHP Notice:  Undefined index: token in E:\xampp\htdocs\vmmobiles_site\admin\controller\extension\module\direct7sms.php on line 268
2022-06-14 17:57:33 - PHP Notice:  Undefined index: token in E:\xampp\htdocs\vmmobiles_site\admin\controller\extension\module\direct7sms.php on line 268
2022-06-14 17:57:33 - PHP Notice:  Undefined index: token in E:\xampp\htdocs\vmmobiles_site\admin\controller\extension\module\direct7sms.php on line 268
2022-06-14 17:57:33 - PHP Notice:  Undefined index: token in E:\xampp\htdocs\vmmobiles_site\admin\controller\extension\module\direct7sms.php on line 268
2022-06-14 17:57:33 - PHP Notice:  Undefined index: token in E:\xampp\htdocs\vmmobiles_site\admin\controller\extension\module\direct7sms.php on line 268
2022-06-14 17:57:33 - PHP Notice:  Undefined index: token in E:\xampp\htdocs\vmmobiles_site\admin\controller\extension\module\direct7sms.php on line 268
2022-06-14 17:57:33 - PHP Notice:  Undefined index: token in E:\xampp\htdocs\vmmobiles_site\admin\controller\extension\module\direct7sms.php on line 268
2022-06-14 17:57:33 - PHP Notice:  Undefined index: token in E:\xampp\htdocs\vmmobiles_site\admin\controller\extension\module\direct7sms.php on line 312
2022-06-14 17:57:33 - PHP Notice:  Undefined index: token in E:\xampp\htdocs\vmmobiles_site\admin\controller\extension\module\direct7sms.php on line 331
2022-06-14 17:57:33 - PHP Notice:  Undefined index: token in E:\xampp\htdocs\vmmobiles_site\admin\controller\extension\module\direct7sms.php on line 332
2022-06-14 17:57:37 - PHP Notice:  Undefined index: token in E:\xampp\htdocs\vmmobiles_site\admin\controller\extension\module\direct7sms.php on line 209
2022-06-14 17:57:37 - PHP Notice:  Undefined index: token in E:\xampp\htdocs\vmmobiles_site\admin\controller\extension\module\direct7sms.php on line 214
2022-06-14 17:57:37 - PHP Notice:  Undefined index: token in E:\xampp\htdocs\vmmobiles_site\admin\controller\extension\module\direct7sms.php on line 219
2022-06-14 17:57:37 - PHP Notice:  Undefined index: token in E:\xampp\htdocs\vmmobiles_site\admin\controller\extension\module\direct7sms.php on line 247
2022-06-14 17:57:37 - PHP Notice:  Undefined index: token in E:\xampp\htdocs\vmmobiles_site\admin\controller\extension\module\direct7sms.php on line 248
2022-06-14 17:57:37 - PHP Notice:  Undefined index: token in E:\xampp\htdocs\vmmobiles_site\admin\controller\extension\module\direct7sms.php on line 249
2022-06-14 17:57:37 - PHP Notice:  Undefined index: token in E:\xampp\htdocs\vmmobiles_site\admin\controller\extension\module\direct7sms.php on line 250
2022-06-14 17:57:37 - PHP Notice:  Undefined index: token in E:\xampp\htdocs\vmmobiles_site\admin\controller\extension\module\direct7sms.php on line 268
2022-06-14 17:57:37 - PHP Notice:  Undefined index: token in E:\xampp\htdocs\vmmobiles_site\admin\controller\extension\module\direct7sms.php on line 268
2022-06-14 17:57:37 - PHP Notice:  Undefined index: token in E:\xampp\htdocs\vmmobiles_site\admin\controller\extension\module\direct7sms.php on line 268
2022-06-14 17:57:37 - PHP Notice:  Undefined index: token in E:\xampp\htdocs\vmmobiles_site\admin\controller\extension\module\direct7sms.php on line 268
2022-06-14 17:57:37 - PHP Notice:  Undefined index: token in E:\xampp\htdocs\vmmobiles_site\admin\controller\extension\module\direct7sms.php on line 268
2022-06-14 17:57:37 - PHP Notice:  Undefined index: token in E:\xampp\htdocs\vmmobiles_site\admin\controller\extension\module\direct7sms.php on line 268
2022-06-14 17:57:37 - PHP Notice:  Undefined index: token in E:\xampp\htdocs\vmmobiles_site\admin\controller\extension\module\direct7sms.php on line 268
2022-06-14 17:57:37 - PHP Notice:  Undefined index: token in E:\xampp\htdocs\vmmobiles_site\admin\controller\extension\module\direct7sms.php on line 268
2022-06-14 17:57:37 - PHP Notice:  Undefined index: token in E:\xampp\htdocs\vmmobiles_site\admin\controller\extension\module\direct7sms.php on line 268
2022-06-14 17:57:37 - PHP Notice:  Undefined index: token in E:\xampp\htdocs\vmmobiles_site\admin\controller\extension\module\direct7sms.php on line 268
2022-06-14 17:57:37 - PHP Notice:  Undefined index: token in E:\xampp\htdocs\vmmobiles_site\admin\controller\extension\module\direct7sms.php on line 312
2022-06-14 17:57:37 - PHP Notice:  Undefined index: token in E:\xampp\htdocs\vmmobiles_site\admin\controller\extension\module\direct7sms.php on line 331
2022-06-14 17:57:37 - PHP Notice:  Undefined index: token in E:\xampp\htdocs\vmmobiles_site\admin\controller\extension\module\direct7sms.php on line 332
2022-06-14 17:57:38 - PHP Notice:  Undefined index: token in E:\xampp\htdocs\vmmobiles_site\admin\controller\extension\module\direct7sms.php on line 209
2022-06-14 17:57:38 - PHP Notice:  Undefined index: token in E:\xampp\htdocs\vmmobiles_site\admin\controller\extension\module\direct7sms.php on line 214
2022-06-14 17:57:38 - PHP Notice:  Undefined index: token in E:\xampp\htdocs\vmmobiles_site\admin\controller\extension\module\direct7sms.php on line 219
2022-06-14 17:57:38 - PHP Notice:  Undefined index: token in E:\xampp\htdocs\vmmobiles_site\admin\controller\extension\module\direct7sms.php on line 247
2022-06-14 17:57:38 - PHP Notice:  Undefined index: token in E:\xampp\htdocs\vmmobiles_site\admin\controller\extension\module\direct7sms.php on line 248
2022-06-14 17:57:38 - PHP Notice:  Undefined index: token in E:\xampp\htdocs\vmmobiles_site\admin\controller\extension\module\direct7sms.php on line 249
2022-06-14 17:57:38 - PHP Notice:  Undefined index: token in E:\xampp\htdocs\vmmobiles_site\admin\controller\extension\module\direct7sms.php on line 250
2022-06-14 17:57:38 - PHP Notice:  Undefined index: token in E:\xampp\htdocs\vmmobiles_site\admin\controller\extension\module\direct7sms.php on line 268
2022-06-14 17:57:38 - PHP Notice:  Undefined index: token in E:\xampp\htdocs\vmmobiles_site\admin\controller\extension\module\direct7sms.php on line 268
2022-06-14 17:57:38 - PHP Notice:  Undefined index: token in E:\xampp\htdocs\vmmobiles_site\admin\controller\extension\module\direct7sms.php on line 268
2022-06-14 17:57:38 - PHP Notice:  Undefined index: token in E:\xampp\htdocs\vmmobiles_site\admin\controller\extension\module\direct7sms.php on line 268
2022-06-14 17:57:38 - PHP Notice:  Undefined index: token in E:\xampp\htdocs\vmmobiles_site\admin\controller\extension\module\direct7sms.php on line 268
2022-06-14 17:57:38 - PHP Notice:  Undefined index: token in E:\xampp\htdocs\vmmobiles_site\admin\controller\extension\module\direct7sms.php on line 268
2022-06-14 17:57:38 - PHP Notice:  Undefined index: token in E:\xampp\htdocs\vmmobiles_site\admin\controller\extension\module\direct7sms.php on line 268
2022-06-14 17:57:38 - PHP Notice:  Undefined index: token in E:\xampp\htdocs\vmmobiles_site\admin\controller\extension\module\direct7sms.php on line 268
2022-06-14 17:57:38 - PHP Notice:  Undefined index: token in E:\xampp\htdocs\vmmobiles_site\admin\controller\extension\module\direct7sms.php on line 268
2022-06-14 17:57:38 - PHP Notice:  Undefined index: token in E:\xampp\htdocs\vmmobiles_site\admin\controller\extension\module\direct7sms.php on line 268
2022-06-14 17:57:38 - PHP Notice:  Undefined index: token in E:\xampp\htdocs\vmmobiles_site\admin\controller\extension\module\direct7sms.php on line 312
2022-06-14 17:57:38 - PHP Notice:  Undefined index: token in E:\xampp\htdocs\vmmobiles_site\admin\controller\extension\module\direct7sms.php on line 331
2022-06-14 17:57:38 - PHP Notice:  Undefined index: token in E:\xampp\htdocs\vmmobiles_site\admin\controller\extension\module\direct7sms.php on line 332
2022-06-14 18:21:43 - PHP Warning:  mail(): Failed to connect to mailserver at &quot;localhost&quot; port 25, verify your &quot;SMTP&quot; and &quot;smtp_port&quot; setting in php.ini or use ini_set() in E:\xampp\htdocs\vmmobiles_site\system\library\mail\mail.php on line 77
2022-06-14 18:21:45 - PHP Warning:  mail(): Failed to connect to mailserver at &quot;localhost&quot; port 25, verify your &quot;SMTP&quot; and &quot;smtp_port&quot; setting in php.ini or use ini_set() in E:\xampp\htdocs\vmmobiles_site\system\library\mail\mail.php on line 77
2022-06-14 18:30:19 - PHP Warning:  mail(): Failed to connect to mailserver at &quot;localhost&quot; port 25, verify your &quot;SMTP&quot; and &quot;smtp_port&quot; setting in php.ini or use ini_set() in E:\xampp\htdocs\vmmobiles_site\system\library\mail\mail.php on line 77
2022-06-14 18:30:21 - PHP Warning:  mail(): Failed to connect to mailserver at &quot;localhost&quot; port 25, verify your &quot;SMTP&quot; and &quot;smtp_port&quot; setting in php.ini or use ini_set() in E:\xampp\htdocs\vmmobiles_site\system\library\mail\mail.php on line 77
2022-06-14 18:30:23 - PHP Unknown:  Array and string offset access syntax with curly braces is deprecated in E:\xampp\htdocs\vmmobiles_site\catalog\controller\extension\fraud\fraudlabsprosmsverification.php on line 264
2022-06-14 18:32:00 - PHP Warning:  mail(): Failed to connect to mailserver at &quot;localhost&quot; port 25, verify your &quot;SMTP&quot; and &quot;smtp_port&quot; setting in php.ini or use ini_set() in E:\xampp\htdocs\vmmobiles_site\system\library\mail\mail.php on line 77
2022-06-14 18:32:02 - PHP Warning:  mail(): Failed to connect to mailserver at &quot;localhost&quot; port 25, verify your &quot;SMTP&quot; and &quot;smtp_port&quot; setting in php.ini or use ini_set() in E:\xampp\htdocs\vmmobiles_site\system\library\mail\mail.php on line 77
2022-06-14 18:46:15 - PHP Warning:  rmdir(E:/xampp/htdocs/vmmobiles_site/system/storage/modification/system/library/template): Directory not empty in E:\xampp\htdocs\vmmobiles_site\admin\controller\marketplace\modification.php on line 105
2022-06-14 18:46:15 - PHP Warning:  rmdir(E:/xampp/htdocs/vmmobiles_site/system/storage/modification/system/library): Directory not empty in E:\xampp\htdocs\vmmobiles_site\admin\controller\marketplace\modification.php on line 105
2022-06-14 18:46:15 - PHP Warning:  rmdir(E:/xampp/htdocs/vmmobiles_site/system/storage/modification/system): Directory not empty in E:\xampp\htdocs\vmmobiles_site\admin\controller\marketplace\modification.php on line 105
2022-06-14 18:46:15 - PHP Warning:  rmdir(E:/xampp/htdocs/vmmobiles_site/system/storage/modification/catalog/controller): Directory not empty in E:\xampp\htdocs\vmmobiles_site\admin\controller\marketplace\modification.php on line 105
2022-06-14 18:46:15 - PHP Warning:  rmdir(E:/xampp/htdocs/vmmobiles_site/system/storage/modification/catalog): Directory not empty in E:\xampp\htdocs\vmmobiles_site\admin\controller\marketplace\modification.php on line 105
2022-06-15 9:30:49 - PHP Warning:  rmdir(E:/xampp/htdocs/vmmobiles_site/system/storage/modification/catalog): Directory not empty in E:\xampp\htdocs\vmmobiles_site\admin\controller\marketplace\modification.php on line 105
2022-06-16 10:51:32 - PHP Warning:  mail(): Failed to connect to mailserver at &quot;localhost&quot; port 25, verify your &quot;SMTP&quot; and &quot;smtp_port&quot; setting in php.ini or use ini_set() in E:\xampp\htdocs\vmmobiles_site\system\library\mail\mail.php on line 77
2022-06-16 11:36:45 - PHP Warning:  mail(): Failed to connect to mailserver at &quot;localhost&quot; port 25, verify your &quot;SMTP&quot; and &quot;smtp_port&quot; setting in php.ini or use ini_set() in E:\xampp\htdocs\vmmobiles_site\system\library\mail\mail.php on line 77
2022-06-16 11:36:47 - PHP Warning:  mail(): Failed to connect to mailserver at &quot;localhost&quot; port 25, verify your &quot;SMTP&quot; and &quot;smtp_port&quot; setting in php.ini or use ini_set() in E:\xampp\htdocs\vmmobiles_site\system\library\mail\mail.php on line 77
2022-07-05 16:03:39 - PHP Warning:  DOMDocument::loadXML(): Opening and ending tag mismatch: modification line 2 and file in Entity, line: 661 in E:\xampp\htdocs\vmmobiles_site\admin\controller\marketplace\modification.php on line 143
2022-07-05 16:03:39 - PHP Warning:  DOMDocument::loadXML(): Extra content at the end of the document in Entity, line: 662 in E:\xampp\htdocs\vmmobiles_site\admin\controller\marketplace\modification.php on line 143
2022-07-05 16:03:39 - PHP Notice:  Trying to get property 'textContent' of non-object in E:\xampp\htdocs\vmmobiles_site\admin\controller\marketplace\modification.php on line 146
2022-07-05 16:04:54 - PHP Warning:  DOMDocument::loadXML(): Opening and ending tag mismatch: modification line 2 and file in Entity, line: 661 in E:\xampp\htdocs\vmmobiles_site\admin\controller\marketplace\modification.php on line 143
2022-07-05 16:04:54 - PHP Warning:  DOMDocument::loadXML(): Extra content at the end of the document in Entity, line: 662 in E:\xampp\htdocs\vmmobiles_site\admin\controller\marketplace\modification.php on line 143
2022-07-05 16:04:54 - PHP Notice:  Trying to get property 'textContent' of non-object in E:\xampp\htdocs\vmmobiles_site\admin\controller\marketplace\modification.php on line 146
2022-07-05 16:04:57 - PHP Warning:  DOMDocument::loadXML(): Opening and ending tag mismatch: modification line 2 and file in Entity, line: 661 in E:\xampp\htdocs\vmmobiles_site\admin\controller\marketplace\modification.php on line 143
2022-07-05 16:04:57 - PHP Warning:  DOMDocument::loadXML(): Extra content at the end of the document in Entity, line: 662 in E:\xampp\htdocs\vmmobiles_site\admin\controller\marketplace\modification.php on line 143
2022-07-05 16:04:57 - PHP Notice:  Trying to get property 'textContent' of non-object in E:\xampp\htdocs\vmmobiles_site\admin\controller\marketplace\modification.php on line 146
2022-07-05 16:05:31 - PHP Warning:  DOMDocument::loadXML(): Opening and ending tag mismatch: modification line 2 and file in Entity, line: 661 in E:\xampp\htdocs\vmmobiles_site\admin\controller\marketplace\modification.php on line 143
2022-07-05 16:05:31 - PHP Warning:  DOMDocument::loadXML(): Extra content at the end of the document in Entity, line: 662 in E:\xampp\htdocs\vmmobiles_site\admin\controller\marketplace\modification.php on line 143
2022-07-05 16:05:31 - PHP Notice:  Trying to get property 'textContent' of non-object in E:\xampp\htdocs\vmmobiles_site\admin\controller\marketplace\modification.php on line 146
2022-07-05 16:05:37 - PHP Warning:  DOMDocument::loadXML(): Opening and ending tag mismatch: modification line 2 and file in Entity, line: 661 in E:\xampp\htdocs\vmmobiles_site\admin\controller\marketplace\modification.php on line 143
2022-07-05 16:05:37 - PHP Warning:  DOMDocument::loadXML(): Extra content at the end of the document in Entity, line: 662 in E:\xampp\htdocs\vmmobiles_site\admin\controller\marketplace\modification.php on line 143
2022-07-05 16:05:37 - PHP Notice:  Trying to get property 'textContent' of non-object in E:\xampp\htdocs\vmmobiles_site\admin\controller\marketplace\modification.php on line 146
2022-07-05 16:05:59 - PHP Warning:  DOMDocument::loadXML(): Opening and ending tag mismatch: modification line 2 and file in Entity, line: 661 in E:\xampp\htdocs\vmmobiles_site\admin\controller\marketplace\modification.php on line 143
2022-07-05 16:05:59 - PHP Warning:  DOMDocument::loadXML(): Extra content at the end of the document in Entity, line: 662 in E:\xampp\htdocs\vmmobiles_site\admin\controller\marketplace\modification.php on line 143
2022-07-05 16:05:59 - PHP Notice:  Trying to get property 'textContent' of non-object in E:\xampp\htdocs\vmmobiles_site\admin\controller\marketplace\modification.php on line 146
2022-07-05 16:06:39 - PHP Warning:  DOMDocument::loadXML(): Opening and ending tag mismatch: modification line 2 and file in Entity, line: 661 in E:\xampp\htdocs\vmmobiles_site\admin\controller\marketplace\modification.php on line 143
2022-07-05 16:06:39 - PHP Warning:  DOMDocument::loadXML(): Extra content at the end of the document in Entity, line: 662 in E:\xampp\htdocs\vmmobiles_site\admin\controller\marketplace\modification.php on line 143
2022-07-05 16:06:39 - PHP Notice:  Trying to get property 'textContent' of non-object in E:\xampp\htdocs\vmmobiles_site\admin\controller\marketplace\modification.php on line 146
2022-07-05 16:06:41 - PHP Warning:  DOMDocument::loadXML(): Opening and ending tag mismatch: modification line 2 and file in Entity, line: 661 in E:\xampp\htdocs\vmmobiles_site\admin\controller\marketplace\modification.php on line 143
2022-07-05 16:06:41 - PHP Warning:  DOMDocument::loadXML(): Extra content at the end of the document in Entity, line: 662 in E:\xampp\htdocs\vmmobiles_site\admin\controller\marketplace\modification.php on line 143
2022-07-05 16:06:41 - PHP Notice:  Trying to get property 'textContent' of non-object in E:\xampp\htdocs\vmmobiles_site\admin\controller\marketplace\modification.php on line 146
2022-07-05 16:07:25 - PHP Warning:  DOMDocument::loadXML(): Opening and ending tag mismatch: modification line 2 and file in Entity, line: 661 in E:\xampp\htdocs\vmmobiles_site\admin\controller\marketplace\modification.php on line 143
2022-07-05 16:07:25 - PHP Warning:  DOMDocument::loadXML(): Extra content at the end of the document in Entity, line: 662 in E:\xampp\htdocs\vmmobiles_site\admin\controller\marketplace\modification.php on line 143
2022-07-05 16:07:25 - PHP Notice:  Trying to get property 'textContent' of non-object in E:\xampp\htdocs\vmmobiles_site\admin\controller\marketplace\modification.php on line 146
2022-07-05 16:08:45 - PHP Warning:  DOMDocument::loadXML(): Opening and ending tag mismatch: modification line 2 and file in Entity, line: 661 in E:\xampp\htdocs\vmmobiles_site\admin\controller\marketplace\modification.php on line 143
2022-07-05 16:08:45 - PHP Warning:  DOMDocument::loadXML(): Extra content at the end of the document in Entity, line: 662 in E:\xampp\htdocs\vmmobiles_site\admin\controller\marketplace\modification.php on line 143
2022-07-05 16:08:45 - PHP Notice:  Trying to get property 'textContent' of non-object in E:\xampp\htdocs\vmmobiles_site\admin\controller\marketplace\modification.php on line 146
2022-07-05 16:12:31 - PHP Warning:  DOMDocument::loadXML(): Opening and ending tag mismatch: modification line 2 and file in Entity, line: 661 in E:\xampp\htdocs\vmmobiles_site\admin\controller\marketplace\modification.php on line 143
2022-07-05 16:12:31 - PHP Warning:  DOMDocument::loadXML(): Extra content at the end of the document in Entity, line: 662 in E:\xampp\htdocs\vmmobiles_site\admin\controller\marketplace\modification.php on line 143
2022-07-05 16:12:31 - PHP Notice:  Trying to get property 'textContent' of non-object in E:\xampp\htdocs\vmmobiles_site\admin\controller\marketplace\modification.php on line 146
2022-07-05 16:12:46 - PHP Warning:  DOMDocument::loadXML(): Opening and ending tag mismatch: modification line 2 and file in Entity, line: 661 in E:\xampp\htdocs\vmmobiles_site\admin\controller\marketplace\modification.php on line 143
2022-07-05 16:12:46 - PHP Warning:  DOMDocument::loadXML(): Extra content at the end of the document in Entity, line: 662 in E:\xampp\htdocs\vmmobiles_site\admin\controller\marketplace\modification.php on line 143
2022-07-05 16:12:46 - PHP Notice:  Trying to get property 'textContent' of non-object in E:\xampp\htdocs\vmmobiles_site\admin\controller\marketplace\modification.php on line 146
2022-07-05 16:12:51 - PHP Warning:  DOMDocument::loadXML(): Opening and ending tag mismatch: modification line 2 and file in Entity, line: 661 in E:\xampp\htdocs\vmmobiles_site\admin\controller\marketplace\modification.php on line 143
2022-07-05 16:12:51 - PHP Warning:  DOMDocument::loadXML(): Extra content at the end of the document in Entity, line: 662 in E:\xampp\htdocs\vmmobiles_site\admin\controller\marketplace\modification.php on line 143
2022-07-05 16:12:51 - PHP Notice:  Trying to get property 'textContent' of non-object in E:\xampp\htdocs\vmmobiles_site\admin\controller\marketplace\modification.php on line 146
2022-07-05 17:51:15 - PHP Warning:  DOMDocument::loadXML(): Opening and ending tag mismatch: modification line 2 and file in Entity, line: 661 in E:\xampp\htdocs\vmmobiles_site\admin\controller\marketplace\modification.php on line 143
2022-07-05 17:51:15 - PHP Warning:  DOMDocument::loadXML(): Extra content at the end of the document in Entity, line: 662 in E:\xampp\htdocs\vmmobiles_site\admin\controller\marketplace\modification.php on line 143
2022-07-05 17:51:15 - PHP Notice:  Trying to get property 'textContent' of non-object in E:\xampp\htdocs\vmmobiles_site\admin\controller\marketplace\modification.php on line 146
2022-07-05 17:51:34 - PHP Warning:  DOMDocument::loadXML(): Opening and ending tag mismatch: modification line 2 and file in Entity, line: 661 in E:\xampp\htdocs\vmmobiles_site\admin\controller\marketplace\modification.php on line 143
2022-07-05 17:51:34 - PHP Warning:  DOMDocument::loadXML(): Extra content at the end of the document in Entity, line: 662 in E:\xampp\htdocs\vmmobiles_site\admin\controller\marketplace\modification.php on line 143
2022-07-05 17:51:34 - PHP Notice:  Trying to get property 'textContent' of non-object in E:\xampp\htdocs\vmmobiles_site\admin\controller\marketplace\modification.php on line 146
