2022-06-13 15:50:52 - MOD: Modification Default

FILE: system/engine/action.php
REGEX: ~(require|include)(_once)?\(([^)]+)~
LINE: 69

FILE: system/engine/loader.php
REGEX: ~(require|include)(_once)?\(([^)]+)~
LINE: 77
LINE: 151
LINE: 168

FILE: system/library/config.php
REGEX: ~(require|include)(_once)?\(([^)]+)~
LINE: 59

FILE: system/library/language.php
REGEX: ~(require|include)(_once)?\(([^)]+)~
LINE: 67
LINE: 73

FILE: system/library/template/template.php
REGEX: ~(require|include)(_once)?\(([^)]+)~
LINE: 18

FILE: system/library/template/twig.php
CODE: if (is_file($file)) {
LINE: 13
----------------------------------------------------------------
MOD: Export/Import Tool (V3.22) for OpenCart 3.x

FILE: admin/controller/common/column_left.php
CODE: if ($this->user->hasPermission('access', 'tool/upload')) {
LINE: 609

FILE: admin/language/ar/common/column_left.php
CODE: $_['text_backup']
LINE: 11

FILE: admin/language/en-gb/common/column_left.php
CODE: $_['text_backup']
LINE: 8
----------------------------------------------------------------
2022-06-13 15:50:52 - MOD: Modification Default

FILE: system/engine/action.php
REGEX: ~(require|include)(_once)?\(([^)]+)~
LINE: 69

FILE: system/engine/loader.php
REGEX: ~(require|include)(_once)?\(([^)]+)~
LINE: 77
LINE: 151
LINE: 168

FILE: system/library/config.php
REGEX: ~(require|include)(_once)?\(([^)]+)~
LINE: 59

FILE: system/library/language.php
REGEX: ~(require|include)(_once)?\(([^)]+)~
LINE: 67
LINE: 73

FILE: system/library/template/template.php
REGEX: ~(require|include)(_once)?\(([^)]+)~
LINE: 18

FILE: system/library/template/twig.php
CODE: if (is_file($file)) {
LINE: 13
----------------------------------------------------------------
MOD: Export/Import Tool (V3.22) for OpenCart 3.x

FILE: admin/controller/common/column_left.php
CODE: if ($this->user->hasPermission('access', 'tool/upload')) {
LINE: 609

FILE: admin/language/ar/common/column_left.php
CODE: $_['text_backup']
LINE: 11

FILE: admin/language/en-gb/common/column_left.php
CODE: $_['text_backup']
LINE: 8
----------------------------------------------------------------
2022-06-13 15:50:52 - MOD: Modification Default

FILE: system/engine/action.php
REGEX: ~(require|include)(_once)?\(([^)]+)~
LINE: 69

FILE: system/engine/loader.php
REGEX: ~(require|include)(_once)?\(([^)]+)~
LINE: 77
LINE: 151
LINE: 168

FILE: system/library/config.php
REGEX: ~(require|include)(_once)?\(([^)]+)~
LINE: 59

FILE: system/library/language.php
REGEX: ~(require|include)(_once)?\(([^)]+)~
LINE: 67
LINE: 73

FILE: system/library/template/template.php
REGEX: ~(require|include)(_once)?\(([^)]+)~
LINE: 18

FILE: system/library/template/twig.php
CODE: if (is_file($file)) {
LINE: 13
----------------------------------------------------------------
MOD: Export/Import Tool (V3.22) for OpenCart 3.x

FILE: admin/controller/common/column_left.php
CODE: if ($this->user->hasPermission('access', 'tool/upload')) {
LINE: 609

FILE: admin/language/ar/common/column_left.php
CODE: $_['text_backup']
LINE: 11

FILE: admin/language/en-gb/common/column_left.php
CODE: $_['text_backup']
LINE: 8
----------------------------------------------------------------
2022-06-13 15:50:53 - MOD: Modification Default

FILE: system/engine/action.php
REGEX: ~(require|include)(_once)?\(([^)]+)~
LINE: 69

FILE: system/engine/loader.php
REGEX: ~(require|include)(_once)?\(([^)]+)~
LINE: 77
LINE: 151
LINE: 168

FILE: system/library/config.php
REGEX: ~(require|include)(_once)?\(([^)]+)~
LINE: 59

FILE: system/library/language.php
REGEX: ~(require|include)(_once)?\(([^)]+)~
LINE: 67
LINE: 73

FILE: system/library/template/template.php
REGEX: ~(require|include)(_once)?\(([^)]+)~
LINE: 18

FILE: system/library/template/twig.php
CODE: if (is_file($file)) {
LINE: 13
----------------------------------------------------------------
MOD: Export/Import Tool (V3.22) for OpenCart 3.x

FILE: admin/controller/common/column_left.php
CODE: if ($this->user->hasPermission('access', 'tool/upload')) {
LINE: 609

FILE: admin/language/ar/common/column_left.php
CODE: $_['text_backup']
LINE: 11

FILE: admin/language/en-gb/common/column_left.php
CODE: $_['text_backup']
LINE: 8
----------------------------------------------------------------
2022-06-13 18:27:53 - MOD: Modification Default

FILE: system/engine/action.php
REGEX: ~(require|include)(_once)?\(([^)]+)~
LINE: 69

FILE: system/engine/loader.php
REGEX: ~(require|include)(_once)?\(([^)]+)~
LINE: 77
LINE: 151
LINE: 168

FILE: system/library/config.php
REGEX: ~(require|include)(_once)?\(([^)]+)~
LINE: 59

FILE: system/library/language.php
REGEX: ~(require|include)(_once)?\(([^)]+)~
LINE: 67
LINE: 73

FILE: system/library/template/template.php
REGEX: ~(require|include)(_once)?\(([^)]+)~
LINE: 18

FILE: system/library/template/twig.php
CODE: if (is_file($file)) {
LINE: 13
----------------------------------------------------------------
MOD: Export/Import Tool (V3.22) for OpenCart 3.x

FILE: admin/controller/common/column_left.php
CODE: if ($this->user->hasPermission('access', 'tool/upload')) {
LINE: 609

FILE: admin/language/ar/common/column_left.php
CODE: $_['text_backup']
LINE: 11

FILE: admin/language/en-gb/common/column_left.php
CODE: $_['text_backup']
LINE: 8
----------------------------------------------------------------
2022-06-13 18:27:58 - MOD: Modification Default

FILE: system/engine/action.php
REGEX: ~(require|include)(_once)?\(([^)]+)~
LINE: 69

FILE: system/engine/loader.php
REGEX: ~(require|include)(_once)?\(([^)]+)~
LINE: 77
LINE: 151
LINE: 168

FILE: system/library/config.php
REGEX: ~(require|include)(_once)?\(([^)]+)~
LINE: 59

FILE: system/library/language.php
REGEX: ~(require|include)(_once)?\(([^)]+)~
LINE: 67
LINE: 73

FILE: system/library/template/template.php
REGEX: ~(require|include)(_once)?\(([^)]+)~
LINE: 18

FILE: system/library/template/twig.php
CODE: if (is_file($file)) {
LINE: 13
----------------------------------------------------------------
MOD: Export/Import Tool (V3.22) for OpenCart 3.x

FILE: admin/controller/common/column_left.php
CODE: if ($this->user->hasPermission('access', 'tool/upload')) {
LINE: 609

FILE: admin/language/ar/common/column_left.php
CODE: $_['text_backup']
LINE: 11

FILE: admin/language/en-gb/common/column_left.php
CODE: $_['text_backup']
LINE: 8
----------------------------------------------------------------
2022-06-13 18:40:08 - MOD: Modification Default

FILE: system/engine/action.php
REGEX: ~(require|include)(_once)?\(([^)]+)~
LINE: 69

FILE: system/engine/loader.php
REGEX: ~(require|include)(_once)?\(([^)]+)~
LINE: 77
LINE: 151
LINE: 168

FILE: system/library/config.php
REGEX: ~(require|include)(_once)?\(([^)]+)~
LINE: 59

FILE: system/library/language.php
REGEX: ~(require|include)(_once)?\(([^)]+)~
LINE: 67
LINE: 73

FILE: system/library/template/template.php
REGEX: ~(require|include)(_once)?\(([^)]+)~
LINE: 18

FILE: system/library/template/twig.php
CODE: if (is_file($file)) {
LINE: 13
----------------------------------------------------------------
MOD: Add to cart to buy now

FILE: catalog/view/theme/default/template/product/product.twig
CODE: $('#button-cart').on('click', function() {
LINE: 427

FILE: catalog/language/en-gb/en-gb.php
CODE: $_['button_cart']           = 'Add to Cart';
LINE: 31
CODE: <button type="button" id="button-cart" data-loading-text="{{ text_loading }}" class="btn btn-primary btn-lg btn-block">{{ button_cart }}</button>
LINE: 281

FILE: catalog/view/theme/default/template/extension/module/featured.twig
CODE: <button type="button" onclick="cart.add('{{ product.product_id }}');"><i class="fa fa-shopping-cart"></i> <span class="hidden-xs hidden-sm hidden-md">{{ button_cart }}</span></button>
LINE: 35
CODE: <button type="button" onclick="cart.add('{{ product.product_id }}');"><i class="fa fa-shopping-cart"></i> <span class="hidden-xs hidden-sm hidden-md">{{ button_cart }}</span></button>
LINE: 37
CODE: <button type="button" data-toggle="tooltip" title="{{ button_compare }}" onclick="compare.add('{{ product.product_id }}');"><i class="fa fa-exchange"></i></button>
LINE: 40
CODE: <button type="button" data-toggle="tooltip" title="{{ button_compare }}" onclick="compare.add('{{ product.product_id }}');"><i class="fa fa-exchange"></i></button>
LINE: 42
----------------------------------------------------------------
MOD: Export/Import Tool (V3.22) for OpenCart 3.x

FILE: admin/controller/common/column_left.php
CODE: if ($this->user->hasPermission('access', 'tool/upload')) {
LINE: 609

FILE: admin/language/ar/common/column_left.php
CODE: $_['text_backup']
LINE: 11

FILE: admin/language/en-gb/common/column_left.php
CODE: $_['text_backup']
LINE: 8
----------------------------------------------------------------
2022-06-14 9:33:07 - MOD: Modification Default

FILE: system/engine/action.php
REGEX: ~(require|include)(_once)?\(([^)]+)~
LINE: 69

FILE: system/engine/loader.php
REGEX: ~(require|include)(_once)?\(([^)]+)~
LINE: 77
LINE: 151
LINE: 168

FILE: system/library/config.php
REGEX: ~(require|include)(_once)?\(([^)]+)~
LINE: 59

FILE: system/library/language.php
REGEX: ~(require|include)(_once)?\(([^)]+)~
LINE: 67
LINE: 73

FILE: system/library/template/template.php
REGEX: ~(require|include)(_once)?\(([^)]+)~
LINE: 18

FILE: system/library/template/twig.php
CODE: if (is_file($file)) {
LINE: 13
----------------------------------------------------------------
MOD: Add to cart to buy now

FILE: catalog/view/theme/default/template/product/product.twig
CODE: $('#button-cart').on('click', function() {
LINE: 427

FILE: catalog/language/en-gb/en-gb.php
CODE: $_['button_cart']           = 'Add to Cart';
LINE: 31
CODE: <button type="button" id="button-cart" data-loading-text="{{ text_loading }}" class="btn btn-primary btn-lg btn-block">{{ button_cart }}</button>
LINE: 281

FILE: catalog/view/theme/default/template/extension/module/featured.twig
CODE: <button type="button" onclick="cart.add('{{ product.product_id }}');"><i class="fa fa-shopping-cart"></i> <span class="hidden-xs hidden-sm hidden-md">{{ button_cart }}</span></button>
LINE: 35
CODE: <button type="button" onclick="cart.add('{{ product.product_id }}');"><i class="fa fa-shopping-cart"></i> <span class="hidden-xs hidden-sm hidden-md">{{ button_cart }}</span></button>
LINE: 37
CODE: <button type="button" data-toggle="tooltip" title="{{ button_compare }}" onclick="compare.add('{{ product.product_id }}');"><i class="fa fa-exchange"></i></button>
LINE: 40
CODE: <button type="button" data-toggle="tooltip" title="{{ button_compare }}" onclick="compare.add('{{ product.product_id }}');"><i class="fa fa-exchange"></i></button>
LINE: 42
----------------------------------------------------------------
MOD: Export/Import Tool (V3.22) for OpenCart 3.x

FILE: admin/controller/common/column_left.php
CODE: if ($this->user->hasPermission('access', 'tool/upload')) {
LINE: 609

FILE: admin/language/ar/common/column_left.php
CODE: $_['text_backup']
LINE: 11

FILE: admin/language/en-gb/common/column_left.php
CODE: $_['text_backup']
LINE: 8
----------------------------------------------------------------
2022-06-14 10:58:09 - MOD: Modification Default

FILE: system/engine/action.php
REGEX: ~(require|include)(_once)?\(([^)]+)~
LINE: 69

FILE: system/engine/loader.php
REGEX: ~(require|include)(_once)?\(([^)]+)~
LINE: 77
LINE: 151
LINE: 168

FILE: system/library/config.php
REGEX: ~(require|include)(_once)?\(([^)]+)~
LINE: 59

FILE: system/library/language.php
REGEX: ~(require|include)(_once)?\(([^)]+)~
LINE: 67
LINE: 73

FILE: system/library/template/template.php
REGEX: ~(require|include)(_once)?\(([^)]+)~
LINE: 18

FILE: system/library/template/twig.php
CODE: if (is_file($file)) {
LINE: 13
----------------------------------------------------------------
MOD: Export/Import Tool (V3.22) for OpenCart 3.x

FILE: admin/controller/common/column_left.php
CODE: if ($this->user->hasPermission('access', 'tool/upload')) {
LINE: 609

FILE: admin/language/ar/common/column_left.php
CODE: $_['text_backup']
LINE: 11

FILE: admin/language/en-gb/common/column_left.php
CODE: $_['text_backup']
LINE: 8
----------------------------------------------------------------
2022-06-14 10:58:12 - MOD: Modification Default

FILE: system/engine/action.php
REGEX: ~(require|include)(_once)?\(([^)]+)~
LINE: 69

FILE: system/engine/loader.php
REGEX: ~(require|include)(_once)?\(([^)]+)~
LINE: 77
LINE: 151
LINE: 168

FILE: system/library/config.php
REGEX: ~(require|include)(_once)?\(([^)]+)~
LINE: 59

FILE: system/library/language.php
REGEX: ~(require|include)(_once)?\(([^)]+)~
LINE: 67
LINE: 73

FILE: system/library/template/template.php
REGEX: ~(require|include)(_once)?\(([^)]+)~
LINE: 18

FILE: system/library/template/twig.php
CODE: if (is_file($file)) {
LINE: 13
----------------------------------------------------------------
MOD: Export/Import Tool (V3.22) for OpenCart 3.x

FILE: admin/controller/common/column_left.php
CODE: if ($this->user->hasPermission('access', 'tool/upload')) {
LINE: 609

FILE: admin/language/ar/common/column_left.php
CODE: $_['text_backup']
LINE: 11

FILE: admin/language/en-gb/common/column_left.php
CODE: $_['text_backup']
LINE: 8
----------------------------------------------------------------
2022-06-14 10:58:12 - MOD: Modification Default

FILE: system/engine/action.php
REGEX: ~(require|include)(_once)?\(([^)]+)~
LINE: 69

FILE: system/engine/loader.php
REGEX: ~(require|include)(_once)?\(([^)]+)~
LINE: 77
LINE: 151
LINE: 168

FILE: system/library/config.php
REGEX: ~(require|include)(_once)?\(([^)]+)~
LINE: 59

FILE: system/library/language.php
REGEX: ~(require|include)(_once)?\(([^)]+)~
LINE: 67
LINE: 73

FILE: system/library/template/template.php
REGEX: ~(require|include)(_once)?\(([^)]+)~
LINE: 18

FILE: system/library/template/twig.php
CODE: if (is_file($file)) {
LINE: 13
----------------------------------------------------------------
MOD: Export/Import Tool (V3.22) for OpenCart 3.x

FILE: admin/controller/common/column_left.php
CODE: if ($this->user->hasPermission('access', 'tool/upload')) {
LINE: 609

FILE: admin/language/ar/common/column_left.php
CODE: $_['text_backup']
LINE: 11

FILE: admin/language/en-gb/common/column_left.php
CODE: $_['text_backup']
LINE: 8
----------------------------------------------------------------
2022-06-14 10:58:12 - MOD: Modification Default

FILE: system/engine/action.php
REGEX: ~(require|include)(_once)?\(([^)]+)~
LINE: 69

FILE: system/engine/loader.php
REGEX: ~(require|include)(_once)?\(([^)]+)~
LINE: 77
LINE: 151
LINE: 168

FILE: system/library/config.php
REGEX: ~(require|include)(_once)?\(([^)]+)~
LINE: 59

FILE: system/library/language.php
REGEX: ~(require|include)(_once)?\(([^)]+)~
LINE: 67
LINE: 73

FILE: system/library/template/template.php
REGEX: ~(require|include)(_once)?\(([^)]+)~
LINE: 18

FILE: system/library/template/twig.php
CODE: if (is_file($file)) {
LINE: 13
----------------------------------------------------------------
MOD: Export/Import Tool (V3.22) for OpenCart 3.x

FILE: admin/controller/common/column_left.php
CODE: if ($this->user->hasPermission('access', 'tool/upload')) {
LINE: 609

FILE: admin/language/ar/common/column_left.php
CODE: $_['text_backup']
LINE: 11

FILE: admin/language/en-gb/common/column_left.php
CODE: $_['text_backup']
LINE: 8
----------------------------------------------------------------
2022-06-14 10:58:13 - MOD: Modification Default

FILE: system/engine/action.php
REGEX: ~(require|include)(_once)?\(([^)]+)~
LINE: 69

FILE: system/engine/loader.php
REGEX: ~(require|include)(_once)?\(([^)]+)~
LINE: 77
LINE: 151
LINE: 168

FILE: system/library/config.php
REGEX: ~(require|include)(_once)?\(([^)]+)~
LINE: 59

FILE: system/library/language.php
REGEX: ~(require|include)(_once)?\(([^)]+)~
LINE: 67
LINE: 73

FILE: system/library/template/template.php
REGEX: ~(require|include)(_once)?\(([^)]+)~
LINE: 18

FILE: system/library/template/twig.php
CODE: if (is_file($file)) {
LINE: 13
----------------------------------------------------------------
MOD: Export/Import Tool (V3.22) for OpenCart 3.x

FILE: admin/controller/common/column_left.php
CODE: if ($this->user->hasPermission('access', 'tool/upload')) {
LINE: 609

FILE: admin/language/ar/common/column_left.php
CODE: $_['text_backup']
LINE: 11

FILE: admin/language/en-gb/common/column_left.php
CODE: $_['text_backup']
LINE: 8
----------------------------------------------------------------
2022-06-14 10:58:13 - MOD: Modification Default

FILE: system/engine/action.php
REGEX: ~(require|include)(_once)?\(([^)]+)~
LINE: 69

FILE: system/engine/loader.php
REGEX: ~(require|include)(_once)?\(([^)]+)~
LINE: 77
LINE: 151
LINE: 168

FILE: system/library/config.php
REGEX: ~(require|include)(_once)?\(([^)]+)~
LINE: 59

FILE: system/library/language.php
REGEX: ~(require|include)(_once)?\(([^)]+)~
LINE: 67
LINE: 73

FILE: system/library/template/template.php
REGEX: ~(require|include)(_once)?\(([^)]+)~
LINE: 18

FILE: system/library/template/twig.php
CODE: if (is_file($file)) {
LINE: 13
----------------------------------------------------------------
MOD: Export/Import Tool (V3.22) for OpenCart 3.x

FILE: admin/controller/common/column_left.php
CODE: if ($this->user->hasPermission('access', 'tool/upload')) {
LINE: 609

FILE: admin/language/ar/common/column_left.php
CODE: $_['text_backup']
LINE: 11

FILE: admin/language/en-gb/common/column_left.php
CODE: $_['text_backup']
LINE: 8
----------------------------------------------------------------
2022-06-14 10:58:13 - MOD: Modification Default

FILE: system/engine/action.php
REGEX: ~(require|include)(_once)?\(([^)]+)~
LINE: 69

FILE: system/engine/loader.php
REGEX: ~(require|include)(_once)?\(([^)]+)~
LINE: 77
LINE: 151
LINE: 168

FILE: system/library/config.php
REGEX: ~(require|include)(_once)?\(([^)]+)~
LINE: 59

FILE: system/library/language.php
REGEX: ~(require|include)(_once)?\(([^)]+)~
LINE: 67
LINE: 73

FILE: system/library/template/template.php
REGEX: ~(require|include)(_once)?\(([^)]+)~
LINE: 18

FILE: system/library/template/twig.php
CODE: if (is_file($file)) {
LINE: 13
----------------------------------------------------------------
MOD: Export/Import Tool (V3.22) for OpenCart 3.x

FILE: admin/controller/common/column_left.php
CODE: if ($this->user->hasPermission('access', 'tool/upload')) {
LINE: 609

FILE: admin/language/ar/common/column_left.php
CODE: $_['text_backup']
LINE: 11

FILE: admin/language/en-gb/common/column_left.php
CODE: $_['text_backup']
LINE: 8
----------------------------------------------------------------
2022-06-14 10:58:15 - MOD: Modification Default

FILE: system/engine/action.php
REGEX: ~(require|include)(_once)?\(([^)]+)~
LINE: 69

FILE: system/engine/loader.php
REGEX: ~(require|include)(_once)?\(([^)]+)~
LINE: 77
LINE: 151
LINE: 168

FILE: system/library/config.php
REGEX: ~(require|include)(_once)?\(([^)]+)~
LINE: 59

FILE: system/library/language.php
REGEX: ~(require|include)(_once)?\(([^)]+)~
LINE: 67
LINE: 73

FILE: system/library/template/template.php
REGEX: ~(require|include)(_once)?\(([^)]+)~
LINE: 18

FILE: system/library/template/twig.php
CODE: if (is_file($file)) {
LINE: 13
----------------------------------------------------------------
MOD: Export/Import Tool (V3.22) for OpenCart 3.x

FILE: admin/controller/common/column_left.php
CODE: if ($this->user->hasPermission('access', 'tool/upload')) {
LINE: 609

FILE: admin/language/ar/common/column_left.php
CODE: $_['text_backup']
LINE: 11

FILE: admin/language/en-gb/common/column_left.php
CODE: $_['text_backup']
LINE: 8
----------------------------------------------------------------
2022-06-14 10:58:20 - MOD: Modification Default

FILE: system/engine/action.php
REGEX: ~(require|include)(_once)?\(([^)]+)~
LINE: 69

FILE: system/engine/loader.php
REGEX: ~(require|include)(_once)?\(([^)]+)~
LINE: 77
LINE: 151
LINE: 168

FILE: system/library/config.php
REGEX: ~(require|include)(_once)?\(([^)]+)~
LINE: 59

FILE: system/library/language.php
REGEX: ~(require|include)(_once)?\(([^)]+)~
LINE: 67
LINE: 73

FILE: system/library/template/template.php
REGEX: ~(require|include)(_once)?\(([^)]+)~
LINE: 18

FILE: system/library/template/twig.php
CODE: if (is_file($file)) {
LINE: 13
----------------------------------------------------------------
MOD: Export/Import Tool (V3.22) for OpenCart 3.x

FILE: admin/controller/common/column_left.php
CODE: if ($this->user->hasPermission('access', 'tool/upload')) {
LINE: 609

FILE: admin/language/ar/common/column_left.php
CODE: $_['text_backup']
LINE: 11

FILE: admin/language/en-gb/common/column_left.php
CODE: $_['text_backup']
LINE: 8
----------------------------------------------------------------
2022-06-14 10:58:23 - MOD: Modification Default

FILE: system/engine/action.php
REGEX: ~(require|include)(_once)?\(([^)]+)~
LINE: 69

FILE: system/engine/loader.php
REGEX: ~(require|include)(_once)?\(([^)]+)~
LINE: 77
LINE: 151
LINE: 168

FILE: system/library/config.php
REGEX: ~(require|include)(_once)?\(([^)]+)~
LINE: 59

FILE: system/library/language.php
REGEX: ~(require|include)(_once)?\(([^)]+)~
LINE: 67
LINE: 73

FILE: system/library/template/template.php
REGEX: ~(require|include)(_once)?\(([^)]+)~
LINE: 18

FILE: system/library/template/twig.php
CODE: if (is_file($file)) {
LINE: 13
----------------------------------------------------------------
MOD: Export/Import Tool (V3.22) for OpenCart 3.x

FILE: admin/controller/common/column_left.php
CODE: if ($this->user->hasPermission('access', 'tool/upload')) {
LINE: 609

FILE: admin/language/ar/common/column_left.php
CODE: $_['text_backup']
LINE: 11

FILE: admin/language/en-gb/common/column_left.php
CODE: $_['text_backup']
LINE: 8
----------------------------------------------------------------
2022-06-14 10:58:25 - MOD: Modification Default

FILE: system/engine/action.php
REGEX: ~(require|include)(_once)?\(([^)]+)~
LINE: 69

FILE: system/engine/loader.php
REGEX: ~(require|include)(_once)?\(([^)]+)~
LINE: 77
LINE: 151
LINE: 168

FILE: system/library/config.php
REGEX: ~(require|include)(_once)?\(([^)]+)~
LINE: 59

FILE: system/library/language.php
REGEX: ~(require|include)(_once)?\(([^)]+)~
LINE: 67
LINE: 73

FILE: system/library/template/template.php
REGEX: ~(require|include)(_once)?\(([^)]+)~
LINE: 18

FILE: system/library/template/twig.php
CODE: if (is_file($file)) {
LINE: 13
----------------------------------------------------------------
MOD: Export/Import Tool (V3.22) for OpenCart 3.x

FILE: admin/controller/common/column_left.php
CODE: if ($this->user->hasPermission('access', 'tool/upload')) {
LINE: 609

FILE: admin/language/ar/common/column_left.php
CODE: $_['text_backup']
LINE: 11

FILE: admin/language/en-gb/common/column_left.php
CODE: $_['text_backup']
LINE: 8
----------------------------------------------------------------
2022-06-14 11:02:04 - MOD: Modification Default

FILE: system/engine/action.php
REGEX: ~(require|include)(_once)?\(([^)]+)~
LINE: 69

FILE: system/engine/loader.php
REGEX: ~(require|include)(_once)?\(([^)]+)~
LINE: 77
LINE: 151
LINE: 168

FILE: system/library/config.php
REGEX: ~(require|include)(_once)?\(([^)]+)~
LINE: 59

FILE: system/library/language.php
REGEX: ~(require|include)(_once)?\(([^)]+)~
LINE: 67
LINE: 73

FILE: system/library/template/template.php
REGEX: ~(require|include)(_once)?\(([^)]+)~
LINE: 18

FILE: system/library/template/twig.php
CODE: if (is_file($file)) {
LINE: 13
----------------------------------------------------------------
MOD: Export/Import Tool (V3.22) for OpenCart 3.x

FILE: admin/controller/common/column_left.php
CODE: if ($this->user->hasPermission('access', 'tool/upload')) {
LINE: 609

FILE: admin/language/ar/common/column_left.php
CODE: $_['text_backup']
LINE: 11

FILE: admin/language/en-gb/common/column_left.php
CODE: $_['text_backup']
LINE: 8
----------------------------------------------------------------
2022-06-14 11:02:07 - MOD: Modification Default

FILE: system/engine/action.php
REGEX: ~(require|include)(_once)?\(([^)]+)~
LINE: 69

FILE: system/engine/loader.php
REGEX: ~(require|include)(_once)?\(([^)]+)~
LINE: 77
LINE: 151
LINE: 168

FILE: system/library/config.php
REGEX: ~(require|include)(_once)?\(([^)]+)~
LINE: 59

FILE: system/library/language.php
REGEX: ~(require|include)(_once)?\(([^)]+)~
LINE: 67
LINE: 73

FILE: system/library/template/template.php
REGEX: ~(require|include)(_once)?\(([^)]+)~
LINE: 18

FILE: system/library/template/twig.php
CODE: if (is_file($file)) {
LINE: 13
----------------------------------------------------------------
MOD: Export/Import Tool (V3.22) for OpenCart 3.x

FILE: admin/controller/common/column_left.php
CODE: if ($this->user->hasPermission('access', 'tool/upload')) {
LINE: 609

FILE: admin/language/ar/common/column_left.php
CODE: $_['text_backup']
LINE: 11

FILE: admin/language/en-gb/common/column_left.php
CODE: $_['text_backup']
LINE: 8
----------------------------------------------------------------
2022-06-14 11:03:13 - MOD: Modification Default

FILE: system/engine/action.php
REGEX: ~(require|include)(_once)?\(([^)]+)~
LINE: 69

FILE: system/engine/loader.php
REGEX: ~(require|include)(_once)?\(([^)]+)~
LINE: 77
LINE: 151
LINE: 168

FILE: system/library/config.php
REGEX: ~(require|include)(_once)?\(([^)]+)~
LINE: 59

FILE: system/library/language.php
REGEX: ~(require|include)(_once)?\(([^)]+)~
LINE: 67
LINE: 73

FILE: system/library/template/template.php
REGEX: ~(require|include)(_once)?\(([^)]+)~
LINE: 18

FILE: system/library/template/twig.php
CODE: if (is_file($file)) {
LINE: 13
----------------------------------------------------------------
MOD: Export/Import Tool (V3.22) for OpenCart 3.x

FILE: admin/controller/common/column_left.php
CODE: if ($this->user->hasPermission('access', 'tool/upload')) {
LINE: 609

FILE: admin/language/ar/common/column_left.php
CODE: $_['text_backup']
LINE: 11

FILE: admin/language/en-gb/common/column_left.php
CODE: $_['text_backup']
LINE: 8
----------------------------------------------------------------
2022-06-14 11:03:14 - MOD: Modification Default

FILE: system/engine/action.php
REGEX: ~(require|include)(_once)?\(([^)]+)~
LINE: 69

FILE: system/engine/loader.php
REGEX: ~(require|include)(_once)?\(([^)]+)~
LINE: 77
LINE: 151
LINE: 168

FILE: system/library/config.php
REGEX: ~(require|include)(_once)?\(([^)]+)~
LINE: 59

FILE: system/library/language.php
REGEX: ~(require|include)(_once)?\(([^)]+)~
LINE: 67
LINE: 73

FILE: system/library/template/template.php
REGEX: ~(require|include)(_once)?\(([^)]+)~
LINE: 18

FILE: system/library/template/twig.php
CODE: if (is_file($file)) {
LINE: 13
----------------------------------------------------------------
MOD: Export/Import Tool (V3.22) for OpenCart 3.x

FILE: admin/controller/common/column_left.php
CODE: if ($this->user->hasPermission('access', 'tool/upload')) {
LINE: 609

FILE: admin/language/ar/common/column_left.php
CODE: $_['text_backup']
LINE: 11

FILE: admin/language/en-gb/common/column_left.php
CODE: $_['text_backup']
LINE: 8
----------------------------------------------------------------
2022-06-14 11:03:14 - MOD: Modification Default

FILE: system/engine/action.php
REGEX: ~(require|include)(_once)?\(([^)]+)~
LINE: 69

FILE: system/engine/loader.php
REGEX: ~(require|include)(_once)?\(([^)]+)~
LINE: 77
LINE: 151
LINE: 168

FILE: system/library/config.php
REGEX: ~(require|include)(_once)?\(([^)]+)~
LINE: 59

FILE: system/library/language.php
REGEX: ~(require|include)(_once)?\(([^)]+)~
LINE: 67
LINE: 73

FILE: system/library/template/template.php
REGEX: ~(require|include)(_once)?\(([^)]+)~
LINE: 18

FILE: system/library/template/twig.php
CODE: if (is_file($file)) {
LINE: 13
----------------------------------------------------------------
MOD: Export/Import Tool (V3.22) for OpenCart 3.x

FILE: admin/controller/common/column_left.php
CODE: if ($this->user->hasPermission('access', 'tool/upload')) {
LINE: 609

FILE: admin/language/ar/common/column_left.php
CODE: $_['text_backup']
LINE: 11

FILE: admin/language/en-gb/common/column_left.php
CODE: $_['text_backup']
LINE: 8
----------------------------------------------------------------
2022-06-14 11:03:14 - MOD: Modification Default

FILE: system/engine/action.php
REGEX: ~(require|include)(_once)?\(([^)]+)~
LINE: 69

FILE: system/engine/loader.php
REGEX: ~(require|include)(_once)?\(([^)]+)~
LINE: 77
LINE: 151
LINE: 168

FILE: system/library/config.php
REGEX: ~(require|include)(_once)?\(([^)]+)~
LINE: 59

FILE: system/library/language.php
REGEX: ~(require|include)(_once)?\(([^)]+)~
LINE: 67
LINE: 73

FILE: system/library/template/template.php
REGEX: ~(require|include)(_once)?\(([^)]+)~
LINE: 18

FILE: system/library/template/twig.php
CODE: if (is_file($file)) {
LINE: 13
----------------------------------------------------------------
MOD: Export/Import Tool (V3.22) for OpenCart 3.x

FILE: admin/controller/common/column_left.php
CODE: if ($this->user->hasPermission('access', 'tool/upload')) {
LINE: 609

FILE: admin/language/ar/common/column_left.php
CODE: $_['text_backup']
LINE: 11

FILE: admin/language/en-gb/common/column_left.php
CODE: $_['text_backup']
LINE: 8
----------------------------------------------------------------
2022-06-14 11:03:15 - MOD: Modification Default

FILE: system/engine/action.php
REGEX: ~(require|include)(_once)?\(([^)]+)~
LINE: 69

FILE: system/engine/loader.php
REGEX: ~(require|include)(_once)?\(([^)]+)~
LINE: 77
LINE: 151
LINE: 168

FILE: system/library/config.php
REGEX: ~(require|include)(_once)?\(([^)]+)~
LINE: 59

FILE: system/library/language.php
REGEX: ~(require|include)(_once)?\(([^)]+)~
LINE: 67
LINE: 73

FILE: system/library/template/template.php
REGEX: ~(require|include)(_once)?\(([^)]+)~
LINE: 18

FILE: system/library/template/twig.php
CODE: if (is_file($file)) {
LINE: 13
----------------------------------------------------------------
MOD: Export/Import Tool (V3.22) for OpenCart 3.x

FILE: admin/controller/common/column_left.php
CODE: if ($this->user->hasPermission('access', 'tool/upload')) {
LINE: 609

FILE: admin/language/ar/common/column_left.php
CODE: $_['text_backup']
LINE: 11

FILE: admin/language/en-gb/common/column_left.php
CODE: $_['text_backup']
LINE: 8
----------------------------------------------------------------
2022-06-14 11:03:15 - MOD: Modification Default

FILE: system/engine/action.php
REGEX: ~(require|include)(_once)?\(([^)]+)~
LINE: 69

FILE: system/engine/loader.php
REGEX: ~(require|include)(_once)?\(([^)]+)~
LINE: 77
LINE: 151
LINE: 168

FILE: system/library/config.php
REGEX: ~(require|include)(_once)?\(([^)]+)~
LINE: 59

FILE: system/library/language.php
REGEX: ~(require|include)(_once)?\(([^)]+)~
LINE: 67
LINE: 73

FILE: system/library/template/template.php
REGEX: ~(require|include)(_once)?\(([^)]+)~
LINE: 18

FILE: system/library/template/twig.php
CODE: if (is_file($file)) {
LINE: 13
----------------------------------------------------------------
MOD: Export/Import Tool (V3.22) for OpenCart 3.x

FILE: admin/controller/common/column_left.php
CODE: if ($this->user->hasPermission('access', 'tool/upload')) {
LINE: 609

FILE: admin/language/ar/common/column_left.php
CODE: $_['text_backup']
LINE: 11

FILE: admin/language/en-gb/common/column_left.php
CODE: $_['text_backup']
LINE: 8
----------------------------------------------------------------
2022-06-14 11:03:15 - MOD: Modification Default

FILE: system/engine/action.php
REGEX: ~(require|include)(_once)?\(([^)]+)~
LINE: 69

FILE: system/engine/loader.php
REGEX: ~(require|include)(_once)?\(([^)]+)~
LINE: 77
LINE: 151
LINE: 168

FILE: system/library/config.php
REGEX: ~(require|include)(_once)?\(([^)]+)~
LINE: 59

FILE: system/library/language.php
REGEX: ~(require|include)(_once)?\(([^)]+)~
LINE: 67
LINE: 73

FILE: system/library/template/template.php
REGEX: ~(require|include)(_once)?\(([^)]+)~
LINE: 18

FILE: system/library/template/twig.php
CODE: if (is_file($file)) {
LINE: 13
----------------------------------------------------------------
MOD: Export/Import Tool (V3.22) for OpenCart 3.x

FILE: admin/controller/common/column_left.php
CODE: if ($this->user->hasPermission('access', 'tool/upload')) {
LINE: 609

FILE: admin/language/ar/common/column_left.php
CODE: $_['text_backup']
LINE: 11

FILE: admin/language/en-gb/common/column_left.php
CODE: $_['text_backup']
LINE: 8
----------------------------------------------------------------
2022-06-14 11:03:16 - MOD: Modification Default

FILE: system/engine/action.php
REGEX: ~(require|include)(_once)?\(([^)]+)~
LINE: 69

FILE: system/engine/loader.php
REGEX: ~(require|include)(_once)?\(([^)]+)~
LINE: 77
LINE: 151
LINE: 168

FILE: system/library/config.php
REGEX: ~(require|include)(_once)?\(([^)]+)~
LINE: 59

FILE: system/library/language.php
REGEX: ~(require|include)(_once)?\(([^)]+)~
LINE: 67
LINE: 73

FILE: system/library/template/template.php
REGEX: ~(require|include)(_once)?\(([^)]+)~
LINE: 18

FILE: system/library/template/twig.php
CODE: if (is_file($file)) {
LINE: 13
----------------------------------------------------------------
MOD: Export/Import Tool (V3.22) for OpenCart 3.x

FILE: admin/controller/common/column_left.php
CODE: if ($this->user->hasPermission('access', 'tool/upload')) {
LINE: 609

FILE: admin/language/ar/common/column_left.php
CODE: $_['text_backup']
LINE: 11

FILE: admin/language/en-gb/common/column_left.php
CODE: $_['text_backup']
LINE: 8
----------------------------------------------------------------
2022-06-14 11:03:16 - MOD: Modification Default

FILE: system/engine/action.php
REGEX: ~(require|include)(_once)?\(([^)]+)~
LINE: 69

FILE: system/engine/loader.php
REGEX: ~(require|include)(_once)?\(([^)]+)~
LINE: 77
LINE: 151
LINE: 168

FILE: system/library/config.php
REGEX: ~(require|include)(_once)?\(([^)]+)~
LINE: 59

FILE: system/library/language.php
REGEX: ~(require|include)(_once)?\(([^)]+)~
LINE: 67
LINE: 73

FILE: system/library/template/template.php
REGEX: ~(require|include)(_once)?\(([^)]+)~
LINE: 18

FILE: system/library/template/twig.php
CODE: if (is_file($file)) {
LINE: 13
----------------------------------------------------------------
MOD: Export/Import Tool (V3.22) for OpenCart 3.x

FILE: admin/controller/common/column_left.php
CODE: if ($this->user->hasPermission('access', 'tool/upload')) {
LINE: 609

FILE: admin/language/ar/common/column_left.php
CODE: $_['text_backup']
LINE: 11

FILE: admin/language/en-gb/common/column_left.php
CODE: $_['text_backup']
LINE: 8
----------------------------------------------------------------
2022-06-14 11:03:16 - MOD: Modification Default

FILE: system/engine/action.php
REGEX: ~(require|include)(_once)?\(([^)]+)~
LINE: 69

FILE: system/engine/loader.php
REGEX: ~(require|include)(_once)?\(([^)]+)~
LINE: 77
LINE: 151
LINE: 168

FILE: system/library/config.php
REGEX: ~(require|include)(_once)?\(([^)]+)~
LINE: 59

FILE: system/library/language.php
REGEX: ~(require|include)(_once)?\(([^)]+)~
LINE: 67
LINE: 73

FILE: system/library/template/template.php
REGEX: ~(require|include)(_once)?\(([^)]+)~
LINE: 18

FILE: system/library/template/twig.php
CODE: if (is_file($file)) {
LINE: 13
----------------------------------------------------------------
MOD: Export/Import Tool (V3.22) for OpenCart 3.x

FILE: admin/controller/common/column_left.php
CODE: if ($this->user->hasPermission('access', 'tool/upload')) {
LINE: 609

FILE: admin/language/ar/common/column_left.php
CODE: $_['text_backup']
LINE: 11

FILE: admin/language/en-gb/common/column_left.php
CODE: $_['text_backup']
LINE: 8
----------------------------------------------------------------
2022-06-14 11:03:16 - MOD: Modification Default

FILE: system/engine/action.php
REGEX: ~(require|include)(_once)?\(([^)]+)~
LINE: 69

FILE: system/engine/loader.php
REGEX: ~(require|include)(_once)?\(([^)]+)~
LINE: 77
LINE: 151
LINE: 168

FILE: system/library/config.php
REGEX: ~(require|include)(_once)?\(([^)]+)~
LINE: 59

FILE: system/library/language.php
REGEX: ~(require|include)(_once)?\(([^)]+)~
LINE: 67
LINE: 73

FILE: system/library/template/template.php
REGEX: ~(require|include)(_once)?\(([^)]+)~
LINE: 18

FILE: system/library/template/twig.php
CODE: if (is_file($file)) {
LINE: 13
----------------------------------------------------------------
MOD: Export/Import Tool (V3.22) for OpenCart 3.x

FILE: admin/controller/common/column_left.php
CODE: if ($this->user->hasPermission('access', 'tool/upload')) {
LINE: 609

FILE: admin/language/ar/common/column_left.php
CODE: $_['text_backup']
LINE: 11

FILE: admin/language/en-gb/common/column_left.php
CODE: $_['text_backup']
LINE: 8
----------------------------------------------------------------
2022-06-14 11:03:23 - MOD: Modification Default

FILE: system/engine/action.php
REGEX: ~(require|include)(_once)?\(([^)]+)~
LINE: 69

FILE: system/engine/loader.php
REGEX: ~(require|include)(_once)?\(([^)]+)~
LINE: 77
LINE: 151
LINE: 168

FILE: system/library/config.php
REGEX: ~(require|include)(_once)?\(([^)]+)~
LINE: 59

FILE: system/library/language.php
REGEX: ~(require|include)(_once)?\(([^)]+)~
LINE: 67
LINE: 73

FILE: system/library/template/template.php
REGEX: ~(require|include)(_once)?\(([^)]+)~
LINE: 18

FILE: system/library/template/twig.php
CODE: if (is_file($file)) {
LINE: 13
----------------------------------------------------------------
MOD: Export/Import Tool (V3.22) for OpenCart 3.x

FILE: admin/controller/common/column_left.php
CODE: if ($this->user->hasPermission('access', 'tool/upload')) {
LINE: 609

FILE: admin/language/ar/common/column_left.php
CODE: $_['text_backup']
LINE: 11

FILE: admin/language/en-gb/common/column_left.php
CODE: $_['text_backup']
LINE: 8
----------------------------------------------------------------
2022-06-14 11:03:23 - MOD: Modification Default

FILE: system/engine/action.php
REGEX: ~(require|include)(_once)?\(([^)]+)~
LINE: 69

FILE: system/engine/loader.php
REGEX: ~(require|include)(_once)?\(([^)]+)~
LINE: 77
LINE: 151
LINE: 168

FILE: system/library/config.php
REGEX: ~(require|include)(_once)?\(([^)]+)~
LINE: 59

FILE: system/library/language.php
REGEX: ~(require|include)(_once)?\(([^)]+)~
LINE: 67
LINE: 73

FILE: system/library/template/template.php
REGEX: ~(require|include)(_once)?\(([^)]+)~
LINE: 18

FILE: system/library/template/twig.php
CODE: if (is_file($file)) {
LINE: 13
----------------------------------------------------------------
MOD: Export/Import Tool (V3.22) for OpenCart 3.x

FILE: admin/controller/common/column_left.php
CODE: if ($this->user->hasPermission('access', 'tool/upload')) {
LINE: 609

FILE: admin/language/ar/common/column_left.php
CODE: $_['text_backup']
LINE: 11

FILE: admin/language/en-gb/common/column_left.php
CODE: $_['text_backup']
LINE: 8
----------------------------------------------------------------
2022-06-14 11:03:23 - MOD: Modification Default

FILE: system/engine/action.php
REGEX: ~(require|include)(_once)?\(([^)]+)~
LINE: 69

FILE: system/engine/loader.php
REGEX: ~(require|include)(_once)?\(([^)]+)~
LINE: 77
LINE: 151
LINE: 168

FILE: system/library/config.php
REGEX: ~(require|include)(_once)?\(([^)]+)~
LINE: 59

FILE: system/library/language.php
REGEX: ~(require|include)(_once)?\(([^)]+)~
LINE: 67
LINE: 73

FILE: system/library/template/template.php
REGEX: ~(require|include)(_once)?\(([^)]+)~
LINE: 18

FILE: system/library/template/twig.php
CODE: if (is_file($file)) {
LINE: 13
----------------------------------------------------------------
MOD: Export/Import Tool (V3.22) for OpenCart 3.x

FILE: admin/controller/common/column_left.php
CODE: if ($this->user->hasPermission('access', 'tool/upload')) {
LINE: 609

FILE: admin/language/ar/common/column_left.php
CODE: $_['text_backup']
LINE: 11

FILE: admin/language/en-gb/common/column_left.php
CODE: $_['text_backup']
LINE: 8
----------------------------------------------------------------
2022-06-14 11:03:23 - MOD: Modification Default

FILE: system/engine/action.php
REGEX: ~(require|include)(_once)?\(([^)]+)~
LINE: 69

FILE: system/engine/loader.php
REGEX: ~(require|include)(_once)?\(([^)]+)~
LINE: 77
LINE: 151
LINE: 168

FILE: system/library/config.php
REGEX: ~(require|include)(_once)?\(([^)]+)~
LINE: 59

FILE: system/library/language.php
REGEX: ~(require|include)(_once)?\(([^)]+)~
LINE: 67
LINE: 73

FILE: system/library/template/template.php
REGEX: ~(require|include)(_once)?\(([^)]+)~
LINE: 18

FILE: system/library/template/twig.php
CODE: if (is_file($file)) {
LINE: 13
----------------------------------------------------------------
MOD: Export/Import Tool (V3.22) for OpenCart 3.x

FILE: admin/controller/common/column_left.php
CODE: if ($this->user->hasPermission('access', 'tool/upload')) {
LINE: 609

FILE: admin/language/ar/common/column_left.php
CODE: $_['text_backup']
LINE: 11

FILE: admin/language/en-gb/common/column_left.php
CODE: $_['text_backup']
LINE: 8
----------------------------------------------------------------
2022-06-14 11:03:24 - MOD: Modification Default

FILE: system/engine/action.php
REGEX: ~(require|include)(_once)?\(([^)]+)~
LINE: 69

FILE: system/engine/loader.php
REGEX: ~(require|include)(_once)?\(([^)]+)~
LINE: 77
LINE: 151
LINE: 168

FILE: system/library/config.php
REGEX: ~(require|include)(_once)?\(([^)]+)~
LINE: 59

FILE: system/library/language.php
REGEX: ~(require|include)(_once)?\(([^)]+)~
LINE: 67
LINE: 73

FILE: system/library/template/template.php
REGEX: ~(require|include)(_once)?\(([^)]+)~
LINE: 18

FILE: system/library/template/twig.php
CODE: if (is_file($file)) {
LINE: 13
----------------------------------------------------------------
MOD: Export/Import Tool (V3.22) for OpenCart 3.x

FILE: admin/controller/common/column_left.php
CODE: if ($this->user->hasPermission('access', 'tool/upload')) {
LINE: 609

FILE: admin/language/ar/common/column_left.php
CODE: $_['text_backup']
LINE: 11

FILE: admin/language/en-gb/common/column_left.php
CODE: $_['text_backup']
LINE: 8
----------------------------------------------------------------
2022-06-14 11:03:24 - MOD: Modification Default

FILE: system/engine/action.php
REGEX: ~(require|include)(_once)?\(([^)]+)~
LINE: 69

FILE: system/engine/loader.php
REGEX: ~(require|include)(_once)?\(([^)]+)~
LINE: 77
LINE: 151
LINE: 168

FILE: system/library/config.php
REGEX: ~(require|include)(_once)?\(([^)]+)~
LINE: 59

FILE: system/library/language.php
REGEX: ~(require|include)(_once)?\(([^)]+)~
LINE: 67
LINE: 73

FILE: system/library/template/template.php
REGEX: ~(require|include)(_once)?\(([^)]+)~
LINE: 18

FILE: system/library/template/twig.php
CODE: if (is_file($file)) {
LINE: 13
----------------------------------------------------------------
MOD: Export/Import Tool (V3.22) for OpenCart 3.x

FILE: admin/controller/common/column_left.php
CODE: if ($this->user->hasPermission('access', 'tool/upload')) {
LINE: 609

FILE: admin/language/ar/common/column_left.php
CODE: $_['text_backup']
LINE: 11

FILE: admin/language/en-gb/common/column_left.php
CODE: $_['text_backup']
LINE: 8
----------------------------------------------------------------
2022-06-14 11:18:27 - MOD: Modification Default

FILE: system/engine/action.php
REGEX: ~(require|include)(_once)?\(([^)]+)~
LINE: 69

FILE: system/engine/loader.php
REGEX: ~(require|include)(_once)?\(([^)]+)~
LINE: 77
LINE: 151
LINE: 168

FILE: system/library/config.php
REGEX: ~(require|include)(_once)?\(([^)]+)~
LINE: 59

FILE: system/library/language.php
REGEX: ~(require|include)(_once)?\(([^)]+)~
LINE: 67
LINE: 73

FILE: system/library/template/template.php
REGEX: ~(require|include)(_once)?\(([^)]+)~
LINE: 18

FILE: system/library/template/twig.php
CODE: if (is_file($file)) {
LINE: 13
----------------------------------------------------------------
MOD: Add to cart to buy now

FILE: catalog/view/theme/Demo-Store/template/product/product.twig
CODE: $('#button-cart').on('click', function() {
LINE: 567

FILE: catalog/language/en-gb/en-gb.php
CODE: $_['button_cart']           = 'Add to Cart';
LINE: 31
CODE: <button type="button" id="button-cart" data-loading-text="{{ text_loading }}" class="btn btn-primary btn-lg btn-block">{{ button_cart }}</button>
LINE: 262

FILE: catalog/view/theme/Demo-Store/template/extension/module/featured.twig
CODE: <button type="button" onclick="cart.add('{{ product.product_id }}');"><i class="fa fa-shopping-cart"></i> <span class="hidden-xs hidden-sm hidden-md">{{ button_cart }}</span></button>
NOT FOUND - OPERATIONS ABORTED!
CODE: <button type="button" onclick="cart.add('{{ product.product_id }}');"><i class="fa fa-shopping-cart"></i> <span class="hidden-xs hidden-sm hidden-md">{{ button_cart }}</span></button>
NOT FOUND - OPERATIONS ABORTED!
CODE: <button type="button" data-toggle="tooltip" title="{{ button_compare }}" onclick="compare.add('{{ product.product_id }}');"><i class="fa fa-exchange"></i></button>
NOT FOUND - OPERATIONS ABORTED!
CODE: <button type="button" data-toggle="tooltip" title="{{ button_compare }}" onclick="compare.add('{{ product.product_id }}');"><i class="fa fa-exchange"></i></button>
NOT FOUND - OPERATIONS ABORTED!
----------------------------------------------------------------
MOD: Export/Import Tool (V3.22) for OpenCart 3.x

FILE: admin/controller/common/column_left.php
CODE: if ($this->user->hasPermission('access', 'tool/upload')) {
LINE: 609

FILE: admin/language/ar/common/column_left.php
CODE: $_['text_backup']
LINE: 11

FILE: admin/language/en-gb/common/column_left.php
CODE: $_['text_backup']
LINE: 8
----------------------------------------------------------------
2022-06-14 11:18:29 - MOD: Modification Default

FILE: system/engine/action.php
REGEX: ~(require|include)(_once)?\(([^)]+)~
LINE: 69

FILE: system/engine/loader.php
REGEX: ~(require|include)(_once)?\(([^)]+)~
LINE: 77
LINE: 151
LINE: 168

FILE: system/library/config.php
REGEX: ~(require|include)(_once)?\(([^)]+)~
LINE: 59

FILE: system/library/language.php
REGEX: ~(require|include)(_once)?\(([^)]+)~
LINE: 67
LINE: 73

FILE: system/library/template/template.php
REGEX: ~(require|include)(_once)?\(([^)]+)~
LINE: 18

FILE: system/library/template/twig.php
CODE: if (is_file($file)) {
LINE: 13
----------------------------------------------------------------
MOD: Add to cart to buy now

FILE: catalog/view/theme/Demo-Store/template/product/product.twig
CODE: $('#button-cart').on('click', function() {
LINE: 567

FILE: catalog/language/en-gb/en-gb.php
CODE: $_['button_cart']           = 'Add to Cart';
LINE: 31
CODE: <button type="button" id="button-cart" data-loading-text="{{ text_loading }}" class="btn btn-primary btn-lg btn-block">{{ button_cart }}</button>
LINE: 262

FILE: catalog/view/theme/Demo-Store/template/extension/module/featured.twig
CODE: <button type="button" onclick="cart.add('{{ product.product_id }}');"><i class="fa fa-shopping-cart"></i> <span class="hidden-xs hidden-sm hidden-md">{{ button_cart }}</span></button>
NOT FOUND - OPERATIONS ABORTED!
CODE: <button type="button" onclick="cart.add('{{ product.product_id }}');"><i class="fa fa-shopping-cart"></i> <span class="hidden-xs hidden-sm hidden-md">{{ button_cart }}</span></button>
NOT FOUND - OPERATIONS ABORTED!
CODE: <button type="button" data-toggle="tooltip" title="{{ button_compare }}" onclick="compare.add('{{ product.product_id }}');"><i class="fa fa-exchange"></i></button>
NOT FOUND - OPERATIONS ABORTED!
CODE: <button type="button" data-toggle="tooltip" title="{{ button_compare }}" onclick="compare.add('{{ product.product_id }}');"><i class="fa fa-exchange"></i></button>
NOT FOUND - OPERATIONS ABORTED!
----------------------------------------------------------------
MOD: Export/Import Tool (V3.22) for OpenCart 3.x

FILE: admin/controller/common/column_left.php
CODE: if ($this->user->hasPermission('access', 'tool/upload')) {
LINE: 609

FILE: admin/language/ar/common/column_left.php
CODE: $_['text_backup']
LINE: 11

FILE: admin/language/en-gb/common/column_left.php
CODE: $_['text_backup']
LINE: 8
----------------------------------------------------------------
2022-06-14 11:18:30 - MOD: Modification Default

FILE: system/engine/action.php
REGEX: ~(require|include)(_once)?\(([^)]+)~
LINE: 69

FILE: system/engine/loader.php
REGEX: ~(require|include)(_once)?\(([^)]+)~
LINE: 77
LINE: 151
LINE: 168

FILE: system/library/config.php
REGEX: ~(require|include)(_once)?\(([^)]+)~
LINE: 59

FILE: system/library/language.php
REGEX: ~(require|include)(_once)?\(([^)]+)~
LINE: 67
LINE: 73

FILE: system/library/template/template.php
REGEX: ~(require|include)(_once)?\(([^)]+)~
LINE: 18

FILE: system/library/template/twig.php
CODE: if (is_file($file)) {
LINE: 13
----------------------------------------------------------------
MOD: Add to cart to buy now

FILE: catalog/view/theme/Demo-Store/template/product/product.twig
CODE: $('#button-cart').on('click', function() {
LINE: 567

FILE: catalog/language/en-gb/en-gb.php
CODE: $_['button_cart']           = 'Add to Cart';
LINE: 31
CODE: <button type="button" id="button-cart" data-loading-text="{{ text_loading }}" class="btn btn-primary btn-lg btn-block">{{ button_cart }}</button>
LINE: 262

FILE: catalog/view/theme/Demo-Store/template/extension/module/featured.twig
CODE: <button type="button" onclick="cart.add('{{ product.product_id }}');"><i class="fa fa-shopping-cart"></i> <span class="hidden-xs hidden-sm hidden-md">{{ button_cart }}</span></button>
NOT FOUND - OPERATIONS ABORTED!
CODE: <button type="button" onclick="cart.add('{{ product.product_id }}');"><i class="fa fa-shopping-cart"></i> <span class="hidden-xs hidden-sm hidden-md">{{ button_cart }}</span></button>
NOT FOUND - OPERATIONS ABORTED!
CODE: <button type="button" data-toggle="tooltip" title="{{ button_compare }}" onclick="compare.add('{{ product.product_id }}');"><i class="fa fa-exchange"></i></button>
NOT FOUND - OPERATIONS ABORTED!
CODE: <button type="button" data-toggle="tooltip" title="{{ button_compare }}" onclick="compare.add('{{ product.product_id }}');"><i class="fa fa-exchange"></i></button>
NOT FOUND - OPERATIONS ABORTED!
----------------------------------------------------------------
MOD: Export/Import Tool (V3.22) for OpenCart 3.x

FILE: admin/controller/common/column_left.php
CODE: if ($this->user->hasPermission('access', 'tool/upload')) {
LINE: 609

FILE: admin/language/ar/common/column_left.php
CODE: $_['text_backup']
LINE: 11

FILE: admin/language/en-gb/common/column_left.php
CODE: $_['text_backup']
LINE: 8
----------------------------------------------------------------
2022-06-14 11:18:30 - MOD: Modification Default

FILE: system/engine/action.php
REGEX: ~(require|include)(_once)?\(([^)]+)~
LINE: 69

FILE: system/engine/loader.php
REGEX: ~(require|include)(_once)?\(([^)]+)~
LINE: 77
LINE: 151
LINE: 168

FILE: system/library/config.php
REGEX: ~(require|include)(_once)?\(([^)]+)~
LINE: 59

FILE: system/library/language.php
REGEX: ~(require|include)(_once)?\(([^)]+)~
LINE: 67
LINE: 73

FILE: system/library/template/template.php
REGEX: ~(require|include)(_once)?\(([^)]+)~
LINE: 18

FILE: system/library/template/twig.php
CODE: if (is_file($file)) {
LINE: 13
----------------------------------------------------------------
MOD: Add to cart to buy now

FILE: catalog/view/theme/Demo-Store/template/product/product.twig
CODE: $('#button-cart').on('click', function() {
LINE: 567

FILE: catalog/language/en-gb/en-gb.php
CODE: $_['button_cart']           = 'Add to Cart';
LINE: 31
CODE: <button type="button" id="button-cart" data-loading-text="{{ text_loading }}" class="btn btn-primary btn-lg btn-block">{{ button_cart }}</button>
LINE: 262

FILE: catalog/view/theme/Demo-Store/template/extension/module/featured.twig
CODE: <button type="button" onclick="cart.add('{{ product.product_id }}');"><i class="fa fa-shopping-cart"></i> <span class="hidden-xs hidden-sm hidden-md">{{ button_cart }}</span></button>
NOT FOUND - OPERATIONS ABORTED!
CODE: <button type="button" onclick="cart.add('{{ product.product_id }}');"><i class="fa fa-shopping-cart"></i> <span class="hidden-xs hidden-sm hidden-md">{{ button_cart }}</span></button>
NOT FOUND - OPERATIONS ABORTED!
CODE: <button type="button" data-toggle="tooltip" title="{{ button_compare }}" onclick="compare.add('{{ product.product_id }}');"><i class="fa fa-exchange"></i></button>
NOT FOUND - OPERATIONS ABORTED!
CODE: <button type="button" data-toggle="tooltip" title="{{ button_compare }}" onclick="compare.add('{{ product.product_id }}');"><i class="fa fa-exchange"></i></button>
NOT FOUND - OPERATIONS ABORTED!
----------------------------------------------------------------
MOD: Export/Import Tool (V3.22) for OpenCart 3.x

FILE: admin/controller/common/column_left.php
CODE: if ($this->user->hasPermission('access', 'tool/upload')) {
LINE: 609

FILE: admin/language/ar/common/column_left.php
CODE: $_['text_backup']
LINE: 11

FILE: admin/language/en-gb/common/column_left.php
CODE: $_['text_backup']
LINE: 8
----------------------------------------------------------------
2022-06-14 11:18:30 - MOD: Modification Default

FILE: system/engine/action.php
REGEX: ~(require|include)(_once)?\(([^)]+)~
LINE: 69

FILE: system/engine/loader.php
REGEX: ~(require|include)(_once)?\(([^)]+)~
LINE: 77
LINE: 151
LINE: 168

FILE: system/library/config.php
REGEX: ~(require|include)(_once)?\(([^)]+)~
LINE: 59

FILE: system/library/language.php
REGEX: ~(require|include)(_once)?\(([^)]+)~
LINE: 67
LINE: 73

FILE: system/library/template/template.php
REGEX: ~(require|include)(_once)?\(([^)]+)~
LINE: 18

FILE: system/library/template/twig.php
CODE: if (is_file($file)) {
LINE: 13
----------------------------------------------------------------
MOD: Add to cart to buy now

FILE: catalog/view/theme/Demo-Store/template/product/product.twig
CODE: $('#button-cart').on('click', function() {
LINE: 567

FILE: catalog/language/en-gb/en-gb.php
CODE: $_['button_cart']           = 'Add to Cart';
LINE: 31
CODE: <button type="button" id="button-cart" data-loading-text="{{ text_loading }}" class="btn btn-primary btn-lg btn-block">{{ button_cart }}</button>
LINE: 262

FILE: catalog/view/theme/Demo-Store/template/extension/module/featured.twig
CODE: <button type="button" onclick="cart.add('{{ product.product_id }}');"><i class="fa fa-shopping-cart"></i> <span class="hidden-xs hidden-sm hidden-md">{{ button_cart }}</span></button>
NOT FOUND - OPERATIONS ABORTED!
CODE: <button type="button" onclick="cart.add('{{ product.product_id }}');"><i class="fa fa-shopping-cart"></i> <span class="hidden-xs hidden-sm hidden-md">{{ button_cart }}</span></button>
NOT FOUND - OPERATIONS ABORTED!
CODE: <button type="button" data-toggle="tooltip" title="{{ button_compare }}" onclick="compare.add('{{ product.product_id }}');"><i class="fa fa-exchange"></i></button>
NOT FOUND - OPERATIONS ABORTED!
CODE: <button type="button" data-toggle="tooltip" title="{{ button_compare }}" onclick="compare.add('{{ product.product_id }}');"><i class="fa fa-exchange"></i></button>
NOT FOUND - OPERATIONS ABORTED!
----------------------------------------------------------------
MOD: Export/Import Tool (V3.22) for OpenCart 3.x

FILE: admin/controller/common/column_left.php
CODE: if ($this->user->hasPermission('access', 'tool/upload')) {
LINE: 609

FILE: admin/language/ar/common/column_left.php
CODE: $_['text_backup']
LINE: 11

FILE: admin/language/en-gb/common/column_left.php
CODE: $_['text_backup']
LINE: 8
----------------------------------------------------------------
2022-06-14 11:18:31 - MOD: Modification Default

FILE: system/engine/action.php
REGEX: ~(require|include)(_once)?\(([^)]+)~
LINE: 69

FILE: system/engine/loader.php
REGEX: ~(require|include)(_once)?\(([^)]+)~
LINE: 77
LINE: 151
LINE: 168

FILE: system/library/config.php
REGEX: ~(require|include)(_once)?\(([^)]+)~
LINE: 59

FILE: system/library/language.php
REGEX: ~(require|include)(_once)?\(([^)]+)~
LINE: 67
LINE: 73

FILE: system/library/template/template.php
REGEX: ~(require|include)(_once)?\(([^)]+)~
LINE: 18

FILE: system/library/template/twig.php
CODE: if (is_file($file)) {
LINE: 13
----------------------------------------------------------------
MOD: Add to cart to buy now

FILE: catalog/view/theme/Demo-Store/template/product/product.twig
CODE: $('#button-cart').on('click', function() {
LINE: 567

FILE: catalog/language/en-gb/en-gb.php
CODE: $_['button_cart']           = 'Add to Cart';
LINE: 31
CODE: <button type="button" id="button-cart" data-loading-text="{{ text_loading }}" class="btn btn-primary btn-lg btn-block">{{ button_cart }}</button>
LINE: 262

FILE: catalog/view/theme/Demo-Store/template/extension/module/featured.twig
CODE: <button type="button" onclick="cart.add('{{ product.product_id }}');"><i class="fa fa-shopping-cart"></i> <span class="hidden-xs hidden-sm hidden-md">{{ button_cart }}</span></button>
NOT FOUND - OPERATIONS ABORTED!
CODE: <button type="button" onclick="cart.add('{{ product.product_id }}');"><i class="fa fa-shopping-cart"></i> <span class="hidden-xs hidden-sm hidden-md">{{ button_cart }}</span></button>
NOT FOUND - OPERATIONS ABORTED!
CODE: <button type="button" data-toggle="tooltip" title="{{ button_compare }}" onclick="compare.add('{{ product.product_id }}');"><i class="fa fa-exchange"></i></button>
NOT FOUND - OPERATIONS ABORTED!
CODE: <button type="button" data-toggle="tooltip" title="{{ button_compare }}" onclick="compare.add('{{ product.product_id }}');"><i class="fa fa-exchange"></i></button>
NOT FOUND - OPERATIONS ABORTED!
----------------------------------------------------------------
MOD: Export/Import Tool (V3.22) for OpenCart 3.x

FILE: admin/controller/common/column_left.php
CODE: if ($this->user->hasPermission('access', 'tool/upload')) {
LINE: 609

FILE: admin/language/ar/common/column_left.php
CODE: $_['text_backup']
LINE: 11

FILE: admin/language/en-gb/common/column_left.php
CODE: $_['text_backup']
LINE: 8
----------------------------------------------------------------
2022-06-14 11:20:46 - MOD: Modification Default

FILE: system/engine/action.php
REGEX: ~(require|include)(_once)?\(([^)]+)~
LINE: 69

FILE: system/engine/loader.php
REGEX: ~(require|include)(_once)?\(([^)]+)~
LINE: 77
LINE: 151
LINE: 168

FILE: system/library/config.php
REGEX: ~(require|include)(_once)?\(([^)]+)~
LINE: 59

FILE: system/library/language.php
REGEX: ~(require|include)(_once)?\(([^)]+)~
LINE: 67
LINE: 73

FILE: system/library/template/template.php
REGEX: ~(require|include)(_once)?\(([^)]+)~
LINE: 18

FILE: system/library/template/twig.php
CODE: if (is_file($file)) {
LINE: 13
----------------------------------------------------------------
MOD: Add to cart to buy now

FILE: catalog/view/theme/Demo-Store/template/product/product.twig
CODE: $('#button-cart').on('click', function() {
LINE: 567

FILE: catalog/language/en-gb/en-gb.php
CODE: $_['button_cart']           = 'Add to Cart';
LINE: 31
CODE: <button type="button" id="button-cart" data-loading-text="{{ text_loading }}" class="btn btn-primary btn-lg btn-block">{{ button_cart }}</button>
LINE: 262

FILE: catalog/view/theme/Demo-Store/template/extension/module/featured.twig
CODE: <button type="button" onclick="cart.add('{{ product.product_id }}');"><i class="fa fa-shopping-cart"></i> <span class="hidden-xs hidden-sm hidden-md">{{ button_cart }}</span></button>
NOT FOUND - OPERATIONS ABORTED!
CODE: <button type="button" onclick="cart.add('{{ product.product_id }}');"><i class="fa fa-shopping-cart"></i> <span class="hidden-xs hidden-sm hidden-md">{{ button_cart }}</span></button>
NOT FOUND - OPERATIONS ABORTED!
CODE: <button type="button" data-toggle="tooltip" title="{{ button_compare }}" onclick="compare.add('{{ product.product_id }}');"><i class="fa fa-exchange"></i></button>
NOT FOUND - OPERATIONS ABORTED!
CODE: <button type="button" data-toggle="tooltip" title="{{ button_compare }}" onclick="compare.add('{{ product.product_id }}');"><i class="fa fa-exchange"></i></button>
NOT FOUND - OPERATIONS ABORTED!
----------------------------------------------------------------
MOD: Export/Import Tool (V3.22) for OpenCart 3.x

FILE: admin/controller/common/column_left.php
CODE: if ($this->user->hasPermission('access', 'tool/upload')) {
LINE: 609

FILE: admin/language/ar/common/column_left.php
CODE: $_['text_backup']
LINE: 11

FILE: admin/language/en-gb/common/column_left.php
CODE: $_['text_backup']
LINE: 8
----------------------------------------------------------------
2022-06-14 11:20:46 - MOD: Modification Default

FILE: system/engine/action.php
REGEX: ~(require|include)(_once)?\(([^)]+)~
LINE: 69

FILE: system/engine/loader.php
REGEX: ~(require|include)(_once)?\(([^)]+)~
LINE: 77
LINE: 151
LINE: 168

FILE: system/library/config.php
REGEX: ~(require|include)(_once)?\(([^)]+)~
LINE: 59

FILE: system/library/language.php
REGEX: ~(require|include)(_once)?\(([^)]+)~
LINE: 67
LINE: 73

FILE: system/library/template/template.php
REGEX: ~(require|include)(_once)?\(([^)]+)~
LINE: 18

FILE: system/library/template/twig.php
CODE: if (is_file($file)) {
LINE: 13
----------------------------------------------------------------
MOD: Add to cart to buy now

FILE: catalog/view/theme/Demo-Store/template/product/product.twig
CODE: $('#button-cart').on('click', function() {
LINE: 567

FILE: catalog/language/en-gb/en-gb.php
CODE: $_['button_cart']           = 'Add to Cart';
LINE: 31
CODE: <button type="button" id="button-cart" data-loading-text="{{ text_loading }}" class="btn btn-primary btn-lg btn-block">{{ button_cart }}</button>
LINE: 262

FILE: catalog/view/theme/Demo-Store/template/extension/module/featured.twig
CODE: <button type="button" onclick="cart.add('{{ product.product_id }}');"><i class="fa fa-shopping-cart"></i> <span class="hidden-xs hidden-sm hidden-md">{{ button_cart }}</span></button>
NOT FOUND - OPERATIONS ABORTED!
CODE: <button type="button" onclick="cart.add('{{ product.product_id }}');"><i class="fa fa-shopping-cart"></i> <span class="hidden-xs hidden-sm hidden-md">{{ button_cart }}</span></button>
NOT FOUND - OPERATIONS ABORTED!
CODE: <button type="button" data-toggle="tooltip" title="{{ button_compare }}" onclick="compare.add('{{ product.product_id }}');"><i class="fa fa-exchange"></i></button>
NOT FOUND - OPERATIONS ABORTED!
CODE: <button type="button" data-toggle="tooltip" title="{{ button_compare }}" onclick="compare.add('{{ product.product_id }}');"><i class="fa fa-exchange"></i></button>
NOT FOUND - OPERATIONS ABORTED!
----------------------------------------------------------------
MOD: Export/Import Tool (V3.22) for OpenCart 3.x

FILE: admin/controller/common/column_left.php
CODE: if ($this->user->hasPermission('access', 'tool/upload')) {
LINE: 609

FILE: admin/language/ar/common/column_left.php
CODE: $_['text_backup']
LINE: 11

FILE: admin/language/en-gb/common/column_left.php
CODE: $_['text_backup']
LINE: 8
----------------------------------------------------------------
2022-06-14 11:20:46 - MOD: Modification Default

FILE: system/engine/action.php
REGEX: ~(require|include)(_once)?\(([^)]+)~
LINE: 69

FILE: system/engine/loader.php
REGEX: ~(require|include)(_once)?\(([^)]+)~
LINE: 77
LINE: 151
LINE: 168

FILE: system/library/config.php
REGEX: ~(require|include)(_once)?\(([^)]+)~
LINE: 59

FILE: system/library/language.php
REGEX: ~(require|include)(_once)?\(([^)]+)~
LINE: 67
LINE: 73

FILE: system/library/template/template.php
REGEX: ~(require|include)(_once)?\(([^)]+)~
LINE: 18

FILE: system/library/template/twig.php
CODE: if (is_file($file)) {
LINE: 13
----------------------------------------------------------------
MOD: Add to cart to buy now

FILE: catalog/view/theme/Demo-Store/template/product/product.twig
CODE: $('#button-cart').on('click', function() {
LINE: 567

FILE: catalog/language/en-gb/en-gb.php
CODE: $_['button_cart']           = 'Add to Cart';
LINE: 31
CODE: <button type="button" id="button-cart" data-loading-text="{{ text_loading }}" class="btn btn-primary btn-lg btn-block">{{ button_cart }}</button>
LINE: 262

FILE: catalog/view/theme/Demo-Store/template/extension/module/featured.twig
CODE: <button type="button" onclick="cart.add('{{ product.product_id }}');"><i class="fa fa-shopping-cart"></i> <span class="hidden-xs hidden-sm hidden-md">{{ button_cart }}</span></button>
NOT FOUND - OPERATIONS ABORTED!
CODE: <button type="button" onclick="cart.add('{{ product.product_id }}');"><i class="fa fa-shopping-cart"></i> <span class="hidden-xs hidden-sm hidden-md">{{ button_cart }}</span></button>
NOT FOUND - OPERATIONS ABORTED!
CODE: <button type="button" data-toggle="tooltip" title="{{ button_compare }}" onclick="compare.add('{{ product.product_id }}');"><i class="fa fa-exchange"></i></button>
NOT FOUND - OPERATIONS ABORTED!
CODE: <button type="button" data-toggle="tooltip" title="{{ button_compare }}" onclick="compare.add('{{ product.product_id }}');"><i class="fa fa-exchange"></i></button>
NOT FOUND - OPERATIONS ABORTED!
----------------------------------------------------------------
MOD: Export/Import Tool (V3.22) for OpenCart 3.x

FILE: admin/controller/common/column_left.php
CODE: if ($this->user->hasPermission('access', 'tool/upload')) {
LINE: 609

FILE: admin/language/ar/common/column_left.php
CODE: $_['text_backup']
LINE: 11

FILE: admin/language/en-gb/common/column_left.php
CODE: $_['text_backup']
LINE: 8
----------------------------------------------------------------
2022-06-14 11:22:02 - MOD: Modification Default

FILE: system/engine/action.php
REGEX: ~(require|include)(_once)?\(([^)]+)~
LINE: 69

FILE: system/engine/loader.php
REGEX: ~(require|include)(_once)?\(([^)]+)~
LINE: 77
LINE: 151
LINE: 168

FILE: system/library/config.php
REGEX: ~(require|include)(_once)?\(([^)]+)~
LINE: 59

FILE: system/library/language.php
REGEX: ~(require|include)(_once)?\(([^)]+)~
LINE: 67
LINE: 73

FILE: system/library/template/template.php
REGEX: ~(require|include)(_once)?\(([^)]+)~
LINE: 18

FILE: system/library/template/twig.php
CODE: if (is_file($file)) {
LINE: 13
----------------------------------------------------------------
MOD: Add to cart to buy now

FILE: catalog/view/theme/Demo-Store/template/product/product.twig
CODE: $('#button-cart').on('click', function() {
LINE: 567

FILE: catalog/language/en-gb/en-gb.php
CODE: $_['button_cart']           = 'Add to Cart';
LINE: 31
CODE: <button type="button" id="button-cart" data-loading-text="{{ text_loading }}" class="btn btn-primary btn-lg btn-block">{{ button_cart }}</button>
LINE: 262

FILE: catalog/view/theme/Demo-Store/template/extension/module/featured.twig
CODE: <button type="button" onclick="cart.add('{{ product.product_id }}');"><i class="fa fa-shopping-cart"></i> <span class="hidden-xs hidden-sm hidden-md">{{ button_cart }}</span></button>
NOT FOUND - OPERATIONS ABORTED!
CODE: <button type="button" onclick="cart.add('{{ product.product_id }}');"><i class="fa fa-shopping-cart"></i> <span class="hidden-xs hidden-sm hidden-md">{{ button_cart }}</span></button>
NOT FOUND - OPERATIONS ABORTED!
CODE: <button type="button" data-toggle="tooltip" title="{{ button_compare }}" onclick="compare.add('{{ product.product_id }}');"><i class="fa fa-exchange"></i></button>
NOT FOUND - OPERATIONS ABORTED!
CODE: <button type="button" data-toggle="tooltip" title="{{ button_compare }}" onclick="compare.add('{{ product.product_id }}');"><i class="fa fa-exchange"></i></button>
NOT FOUND - OPERATIONS ABORTED!
----------------------------------------------------------------
MOD: Export/Import Tool (V3.22) for OpenCart 3.x

FILE: admin/controller/common/column_left.php
CODE: if ($this->user->hasPermission('access', 'tool/upload')) {
LINE: 609

FILE: admin/language/ar/common/column_left.php
CODE: $_['text_backup']
LINE: 11

FILE: admin/language/en-gb/common/column_left.php
CODE: $_['text_backup']
LINE: 8
----------------------------------------------------------------
2022-06-14 11:22:03 - MOD: Modification Default

FILE: system/engine/action.php
REGEX: ~(require|include)(_once)?\(([^)]+)~
LINE: 69

FILE: system/engine/loader.php
REGEX: ~(require|include)(_once)?\(([^)]+)~
LINE: 77
LINE: 151
LINE: 168

FILE: system/library/config.php
REGEX: ~(require|include)(_once)?\(([^)]+)~
LINE: 59

FILE: system/library/language.php
REGEX: ~(require|include)(_once)?\(([^)]+)~
LINE: 67
LINE: 73

FILE: system/library/template/template.php
REGEX: ~(require|include)(_once)?\(([^)]+)~
LINE: 18

FILE: system/library/template/twig.php
CODE: if (is_file($file)) {
LINE: 13
----------------------------------------------------------------
MOD: Add to cart to buy now

FILE: catalog/view/theme/Demo-Store/template/product/product.twig
CODE: $('#button-cart').on('click', function() {
LINE: 567

FILE: catalog/language/en-gb/en-gb.php
CODE: $_['button_cart']           = 'Add to Cart';
LINE: 31
CODE: <button type="button" id="button-cart" data-loading-text="{{ text_loading }}" class="btn btn-primary btn-lg btn-block">{{ button_cart }}</button>
LINE: 262

FILE: catalog/view/theme/Demo-Store/template/extension/module/featured.twig
CODE: <button type="button" onclick="cart.add('{{ product.product_id }}');"><i class="fa fa-shopping-cart"></i> <span class="hidden-xs hidden-sm hidden-md">{{ button_cart }}</span></button>
NOT FOUND - OPERATIONS ABORTED!
CODE: <button type="button" onclick="cart.add('{{ product.product_id }}');"><i class="fa fa-shopping-cart"></i> <span class="hidden-xs hidden-sm hidden-md">{{ button_cart }}</span></button>
NOT FOUND - OPERATIONS ABORTED!
CODE: <button type="button" data-toggle="tooltip" title="{{ button_compare }}" onclick="compare.add('{{ product.product_id }}');"><i class="fa fa-exchange"></i></button>
NOT FOUND - OPERATIONS ABORTED!
CODE: <button type="button" data-toggle="tooltip" title="{{ button_compare }}" onclick="compare.add('{{ product.product_id }}');"><i class="fa fa-exchange"></i></button>
NOT FOUND - OPERATIONS ABORTED!
----------------------------------------------------------------
MOD: Export/Import Tool (V3.22) for OpenCart 3.x

FILE: admin/controller/common/column_left.php
CODE: if ($this->user->hasPermission('access', 'tool/upload')) {
LINE: 609

FILE: admin/language/ar/common/column_left.php
CODE: $_['text_backup']
LINE: 11

FILE: admin/language/en-gb/common/column_left.php
CODE: $_['text_backup']
LINE: 8
----------------------------------------------------------------
2022-06-14 11:22:03 - MOD: Modification Default

FILE: system/engine/action.php
REGEX: ~(require|include)(_once)?\(([^)]+)~
LINE: 69

FILE: system/engine/loader.php
REGEX: ~(require|include)(_once)?\(([^)]+)~
LINE: 77
LINE: 151
LINE: 168

FILE: system/library/config.php
REGEX: ~(require|include)(_once)?\(([^)]+)~
LINE: 59

FILE: system/library/language.php
REGEX: ~(require|include)(_once)?\(([^)]+)~
LINE: 67
LINE: 73

FILE: system/library/template/template.php
REGEX: ~(require|include)(_once)?\(([^)]+)~
LINE: 18

FILE: system/library/template/twig.php
CODE: if (is_file($file)) {
LINE: 13
----------------------------------------------------------------
MOD: Add to cart to buy now

FILE: catalog/view/theme/Demo-Store/template/product/product.twig
CODE: $('#button-cart').on('click', function() {
LINE: 567

FILE: catalog/language/en-gb/en-gb.php
CODE: $_['button_cart']           = 'Add to Cart';
LINE: 31
CODE: <button type="button" id="button-cart" data-loading-text="{{ text_loading }}" class="btn btn-primary btn-lg btn-block">{{ button_cart }}</button>
LINE: 262

FILE: catalog/view/theme/Demo-Store/template/extension/module/featured.twig
CODE: <button type="button" onclick="cart.add('{{ product.product_id }}');"><i class="fa fa-shopping-cart"></i> <span class="hidden-xs hidden-sm hidden-md">{{ button_cart }}</span></button>
NOT FOUND - OPERATIONS ABORTED!
CODE: <button type="button" onclick="cart.add('{{ product.product_id }}');"><i class="fa fa-shopping-cart"></i> <span class="hidden-xs hidden-sm hidden-md">{{ button_cart }}</span></button>
NOT FOUND - OPERATIONS ABORTED!
CODE: <button type="button" data-toggle="tooltip" title="{{ button_compare }}" onclick="compare.add('{{ product.product_id }}');"><i class="fa fa-exchange"></i></button>
NOT FOUND - OPERATIONS ABORTED!
CODE: <button type="button" data-toggle="tooltip" title="{{ button_compare }}" onclick="compare.add('{{ product.product_id }}');"><i class="fa fa-exchange"></i></button>
NOT FOUND - OPERATIONS ABORTED!
----------------------------------------------------------------
MOD: Export/Import Tool (V3.22) for OpenCart 3.x

FILE: admin/controller/common/column_left.php
CODE: if ($this->user->hasPermission('access', 'tool/upload')) {
LINE: 609

FILE: admin/language/ar/common/column_left.php
CODE: $_['text_backup']
LINE: 11

FILE: admin/language/en-gb/common/column_left.php
CODE: $_['text_backup']
LINE: 8
----------------------------------------------------------------
2022-06-14 11:22:03 - MOD: Modification Default

FILE: system/engine/action.php
REGEX: ~(require|include)(_once)?\(([^)]+)~
LINE: 69

FILE: system/engine/loader.php
REGEX: ~(require|include)(_once)?\(([^)]+)~
LINE: 77
LINE: 151
LINE: 168

FILE: system/library/config.php
REGEX: ~(require|include)(_once)?\(([^)]+)~
LINE: 59

FILE: system/library/language.php
REGEX: ~(require|include)(_once)?\(([^)]+)~
LINE: 67
LINE: 73

FILE: system/library/template/template.php
REGEX: ~(require|include)(_once)?\(([^)]+)~
LINE: 18

FILE: system/library/template/twig.php
CODE: if (is_file($file)) {
LINE: 13
----------------------------------------------------------------
MOD: Add to cart to buy now

FILE: catalog/view/theme/Demo-Store/template/product/product.twig
CODE: $('#button-cart').on('click', function() {
LINE: 567

FILE: catalog/language/en-gb/en-gb.php
CODE: $_['button_cart']           = 'Add to Cart';
LINE: 31
CODE: <button type="button" id="button-cart" data-loading-text="{{ text_loading }}" class="btn btn-primary btn-lg btn-block">{{ button_cart }}</button>
LINE: 262

FILE: catalog/view/theme/Demo-Store/template/extension/module/featured.twig
CODE: <button type="button" onclick="cart.add('{{ product.product_id }}');"><i class="fa fa-shopping-cart"></i> <span class="hidden-xs hidden-sm hidden-md">{{ button_cart }}</span></button>
NOT FOUND - OPERATIONS ABORTED!
CODE: <button type="button" onclick="cart.add('{{ product.product_id }}');"><i class="fa fa-shopping-cart"></i> <span class="hidden-xs hidden-sm hidden-md">{{ button_cart }}</span></button>
NOT FOUND - OPERATIONS ABORTED!
CODE: <button type="button" data-toggle="tooltip" title="{{ button_compare }}" onclick="compare.add('{{ product.product_id }}');"><i class="fa fa-exchange"></i></button>
NOT FOUND - OPERATIONS ABORTED!
CODE: <button type="button" data-toggle="tooltip" title="{{ button_compare }}" onclick="compare.add('{{ product.product_id }}');"><i class="fa fa-exchange"></i></button>
NOT FOUND - OPERATIONS ABORTED!
----------------------------------------------------------------
MOD: Export/Import Tool (V3.22) for OpenCart 3.x

FILE: admin/controller/common/column_left.php
CODE: if ($this->user->hasPermission('access', 'tool/upload')) {
LINE: 609

FILE: admin/language/ar/common/column_left.php
CODE: $_['text_backup']
LINE: 11

FILE: admin/language/en-gb/common/column_left.php
CODE: $_['text_backup']
LINE: 8
----------------------------------------------------------------
2022-06-14 11:22:04 - MOD: Modification Default

FILE: system/engine/action.php
REGEX: ~(require|include)(_once)?\(([^)]+)~
LINE: 69

FILE: system/engine/loader.php
REGEX: ~(require|include)(_once)?\(([^)]+)~
LINE: 77
LINE: 151
LINE: 168

FILE: system/library/config.php
REGEX: ~(require|include)(_once)?\(([^)]+)~
LINE: 59

FILE: system/library/language.php
REGEX: ~(require|include)(_once)?\(([^)]+)~
LINE: 67
LINE: 73

FILE: system/library/template/template.php
REGEX: ~(require|include)(_once)?\(([^)]+)~
LINE: 18

FILE: system/library/template/twig.php
CODE: if (is_file($file)) {
LINE: 13
----------------------------------------------------------------
MOD: Add to cart to buy now

FILE: catalog/view/theme/Demo-Store/template/product/product.twig
CODE: $('#button-cart').on('click', function() {
LINE: 567

FILE: catalog/language/en-gb/en-gb.php
CODE: $_['button_cart']           = 'Add to Cart';
LINE: 31
CODE: <button type="button" id="button-cart" data-loading-text="{{ text_loading }}" class="btn btn-primary btn-lg btn-block">{{ button_cart }}</button>
LINE: 262

FILE: catalog/view/theme/Demo-Store/template/extension/module/featured.twig
CODE: <button type="button" onclick="cart.add('{{ product.product_id }}');"><i class="fa fa-shopping-cart"></i> <span class="hidden-xs hidden-sm hidden-md">{{ button_cart }}</span></button>
NOT FOUND - OPERATIONS ABORTED!
CODE: <button type="button" onclick="cart.add('{{ product.product_id }}');"><i class="fa fa-shopping-cart"></i> <span class="hidden-xs hidden-sm hidden-md">{{ button_cart }}</span></button>
NOT FOUND - OPERATIONS ABORTED!
CODE: <button type="button" data-toggle="tooltip" title="{{ button_compare }}" onclick="compare.add('{{ product.product_id }}');"><i class="fa fa-exchange"></i></button>
NOT FOUND - OPERATIONS ABORTED!
CODE: <button type="button" data-toggle="tooltip" title="{{ button_compare }}" onclick="compare.add('{{ product.product_id }}');"><i class="fa fa-exchange"></i></button>
NOT FOUND - OPERATIONS ABORTED!
----------------------------------------------------------------
MOD: Export/Import Tool (V3.22) for OpenCart 3.x

FILE: admin/controller/common/column_left.php
CODE: if ($this->user->hasPermission('access', 'tool/upload')) {
LINE: 609

FILE: admin/language/ar/common/column_left.php
CODE: $_['text_backup']
LINE: 11

FILE: admin/language/en-gb/common/column_left.php
CODE: $_['text_backup']
LINE: 8
----------------------------------------------------------------
2022-06-14 11:22:04 - MOD: Modification Default

FILE: system/engine/action.php
REGEX: ~(require|include)(_once)?\(([^)]+)~
LINE: 69

FILE: system/engine/loader.php
REGEX: ~(require|include)(_once)?\(([^)]+)~
LINE: 77
LINE: 151
LINE: 168

FILE: system/library/config.php
REGEX: ~(require|include)(_once)?\(([^)]+)~
LINE: 59

FILE: system/library/language.php
REGEX: ~(require|include)(_once)?\(([^)]+)~
LINE: 67
LINE: 73

FILE: system/library/template/template.php
REGEX: ~(require|include)(_once)?\(([^)]+)~
LINE: 18

FILE: system/library/template/twig.php
CODE: if (is_file($file)) {
LINE: 13
----------------------------------------------------------------
MOD: Add to cart to buy now

FILE: catalog/view/theme/Demo-Store/template/product/product.twig
CODE: $('#button-cart').on('click', function() {
LINE: 567

FILE: catalog/language/en-gb/en-gb.php
CODE: $_['button_cart']           = 'Add to Cart';
LINE: 31
CODE: <button type="button" id="button-cart" data-loading-text="{{ text_loading }}" class="btn btn-primary btn-lg btn-block">{{ button_cart }}</button>
LINE: 262

FILE: catalog/view/theme/Demo-Store/template/extension/module/featured.twig
CODE: <button type="button" onclick="cart.add('{{ product.product_id }}');"><i class="fa fa-shopping-cart"></i> <span class="hidden-xs hidden-sm hidden-md">{{ button_cart }}</span></button>
NOT FOUND - OPERATIONS ABORTED!
CODE: <button type="button" onclick="cart.add('{{ product.product_id }}');"><i class="fa fa-shopping-cart"></i> <span class="hidden-xs hidden-sm hidden-md">{{ button_cart }}</span></button>
NOT FOUND - OPERATIONS ABORTED!
CODE: <button type="button" data-toggle="tooltip" title="{{ button_compare }}" onclick="compare.add('{{ product.product_id }}');"><i class="fa fa-exchange"></i></button>
NOT FOUND - OPERATIONS ABORTED!
CODE: <button type="button" data-toggle="tooltip" title="{{ button_compare }}" onclick="compare.add('{{ product.product_id }}');"><i class="fa fa-exchange"></i></button>
NOT FOUND - OPERATIONS ABORTED!
----------------------------------------------------------------
MOD: Export/Import Tool (V3.22) for OpenCart 3.x

FILE: admin/controller/common/column_left.php
CODE: if ($this->user->hasPermission('access', 'tool/upload')) {
LINE: 609

FILE: admin/language/ar/common/column_left.php
CODE: $_['text_backup']
LINE: 11

FILE: admin/language/en-gb/common/column_left.php
CODE: $_['text_backup']
LINE: 8
----------------------------------------------------------------
2022-06-14 11:22:04 - MOD: Modification Default

FILE: system/engine/action.php
REGEX: ~(require|include)(_once)?\(([^)]+)~
LINE: 69

FILE: system/engine/loader.php
REGEX: ~(require|include)(_once)?\(([^)]+)~
LINE: 77
LINE: 151
LINE: 168

FILE: system/library/config.php
REGEX: ~(require|include)(_once)?\(([^)]+)~
LINE: 59

FILE: system/library/language.php
REGEX: ~(require|include)(_once)?\(([^)]+)~
LINE: 67
LINE: 73

FILE: system/library/template/template.php
REGEX: ~(require|include)(_once)?\(([^)]+)~
LINE: 18

FILE: system/library/template/twig.php
CODE: if (is_file($file)) {
LINE: 13
----------------------------------------------------------------
MOD: Add to cart to buy now

FILE: catalog/view/theme/Demo-Store/template/product/product.twig
CODE: $('#button-cart').on('click', function() {
LINE: 567

FILE: catalog/language/en-gb/en-gb.php
CODE: $_['button_cart']           = 'Add to Cart';
LINE: 31
CODE: <button type="button" id="button-cart" data-loading-text="{{ text_loading }}" class="btn btn-primary btn-lg btn-block">{{ button_cart }}</button>
LINE: 262

FILE: catalog/view/theme/Demo-Store/template/extension/module/featured.twig
CODE: <button type="button" onclick="cart.add('{{ product.product_id }}');"><i class="fa fa-shopping-cart"></i> <span class="hidden-xs hidden-sm hidden-md">{{ button_cart }}</span></button>
NOT FOUND - OPERATIONS ABORTED!
CODE: <button type="button" onclick="cart.add('{{ product.product_id }}');"><i class="fa fa-shopping-cart"></i> <span class="hidden-xs hidden-sm hidden-md">{{ button_cart }}</span></button>
NOT FOUND - OPERATIONS ABORTED!
CODE: <button type="button" data-toggle="tooltip" title="{{ button_compare }}" onclick="compare.add('{{ product.product_id }}');"><i class="fa fa-exchange"></i></button>
NOT FOUND - OPERATIONS ABORTED!
CODE: <button type="button" data-toggle="tooltip" title="{{ button_compare }}" onclick="compare.add('{{ product.product_id }}');"><i class="fa fa-exchange"></i></button>
NOT FOUND - OPERATIONS ABORTED!
----------------------------------------------------------------
MOD: Export/Import Tool (V3.22) for OpenCart 3.x

FILE: admin/controller/common/column_left.php
CODE: if ($this->user->hasPermission('access', 'tool/upload')) {
LINE: 609

FILE: admin/language/ar/common/column_left.php
CODE: $_['text_backup']
LINE: 11

FILE: admin/language/en-gb/common/column_left.php
CODE: $_['text_backup']
LINE: 8
----------------------------------------------------------------
2022-06-14 11:22:04 - MOD: Modification Default

FILE: system/engine/action.php
REGEX: ~(require|include)(_once)?\(([^)]+)~
LINE: 69

FILE: system/engine/loader.php
REGEX: ~(require|include)(_once)?\(([^)]+)~
LINE: 77
LINE: 151
LINE: 168

FILE: system/library/config.php
REGEX: ~(require|include)(_once)?\(([^)]+)~
LINE: 59

FILE: system/library/language.php
REGEX: ~(require|include)(_once)?\(([^)]+)~
LINE: 67
LINE: 73

FILE: system/library/template/template.php
REGEX: ~(require|include)(_once)?\(([^)]+)~
LINE: 18

FILE: system/library/template/twig.php
CODE: if (is_file($file)) {
LINE: 13
----------------------------------------------------------------
MOD: Add to cart to buy now

FILE: catalog/view/theme/Demo-Store/template/product/product.twig
CODE: $('#button-cart').on('click', function() {
LINE: 567

FILE: catalog/language/en-gb/en-gb.php
CODE: $_['button_cart']           = 'Add to Cart';
LINE: 31
CODE: <button type="button" id="button-cart" data-loading-text="{{ text_loading }}" class="btn btn-primary btn-lg btn-block">{{ button_cart }}</button>
LINE: 262

FILE: catalog/view/theme/Demo-Store/template/extension/module/featured.twig
CODE: <button type="button" onclick="cart.add('{{ product.product_id }}');"><i class="fa fa-shopping-cart"></i> <span class="hidden-xs hidden-sm hidden-md">{{ button_cart }}</span></button>
NOT FOUND - OPERATIONS ABORTED!
CODE: <button type="button" onclick="cart.add('{{ product.product_id }}');"><i class="fa fa-shopping-cart"></i> <span class="hidden-xs hidden-sm hidden-md">{{ button_cart }}</span></button>
NOT FOUND - OPERATIONS ABORTED!
CODE: <button type="button" data-toggle="tooltip" title="{{ button_compare }}" onclick="compare.add('{{ product.product_id }}');"><i class="fa fa-exchange"></i></button>
NOT FOUND - OPERATIONS ABORTED!
CODE: <button type="button" data-toggle="tooltip" title="{{ button_compare }}" onclick="compare.add('{{ product.product_id }}');"><i class="fa fa-exchange"></i></button>
NOT FOUND - OPERATIONS ABORTED!
----------------------------------------------------------------
MOD: Export/Import Tool (V3.22) for OpenCart 3.x

FILE: admin/controller/common/column_left.php
CODE: if ($this->user->hasPermission('access', 'tool/upload')) {
LINE: 609

FILE: admin/language/ar/common/column_left.php
CODE: $_['text_backup']
LINE: 11

FILE: admin/language/en-gb/common/column_left.php
CODE: $_['text_backup']
LINE: 8
----------------------------------------------------------------
2022-06-14 11:26:44 - MOD: Modification Default

FILE: system/engine/action.php
REGEX: ~(require|include)(_once)?\(([^)]+)~
LINE: 69

FILE: system/engine/loader.php
REGEX: ~(require|include)(_once)?\(([^)]+)~
LINE: 77
LINE: 151
LINE: 168

FILE: system/library/config.php
REGEX: ~(require|include)(_once)?\(([^)]+)~
LINE: 59

FILE: system/library/language.php
REGEX: ~(require|include)(_once)?\(([^)]+)~
LINE: 67
LINE: 73

FILE: system/library/template/template.php
REGEX: ~(require|include)(_once)?\(([^)]+)~
LINE: 18

FILE: system/library/template/twig.php
CODE: if (is_file($file)) {
LINE: 13
----------------------------------------------------------------
MOD: Add to cart to buy now

FILE: catalog/view/theme/Demo-Store/template/product/product.twig
CODE: $('#button-cart').on('click', function() {
LINE: 567

FILE: catalog/language/en-gb/en-gb.php
CODE: $_['button_cart']           = 'Add to Cart';
LINE: 31
CODE: <button type="button" id="button-cart" data-loading-text="{{ text_loading }}" class="btn btn-primary btn-lg btn-block">{{ button_cart }}</button>
LINE: 262

FILE: catalog/view/theme/Demo-Store/template/extension/module/featured.twig
CODE: <button type="button" onclick="cart.add('{{ product.product_id }}');"><i class="fa fa-shopping-cart"></i> <span class="hidden-xs hidden-sm hidden-md">{{ button_cart }}</span></button>
NOT FOUND - OPERATIONS ABORTED!
CODE: <button type="button" onclick="cart.add('{{ product.product_id }}');"><i class="fa fa-shopping-cart"></i> <span class="hidden-xs hidden-sm hidden-md">{{ button_cart }}</span></button>
NOT FOUND - OPERATIONS ABORTED!
CODE: <button type="button" data-toggle="tooltip" title="{{ button_compare }}" onclick="compare.add('{{ product.product_id }}');"><i class="fa fa-exchange"></i></button>
NOT FOUND - OPERATIONS ABORTED!
CODE: <button type="button" data-toggle="tooltip" title="{{ button_compare }}" onclick="compare.add('{{ product.product_id }}');"><i class="fa fa-exchange"></i></button>
NOT FOUND - OPERATIONS ABORTED!
----------------------------------------------------------------
MOD: Export/Import Tool (V3.22) for OpenCart 3.x

FILE: admin/controller/common/column_left.php
CODE: if ($this->user->hasPermission('access', 'tool/upload')) {
LINE: 609

FILE: admin/language/ar/common/column_left.php
CODE: $_['text_backup']
LINE: 11

FILE: admin/language/en-gb/common/column_left.php
CODE: $_['text_backup']
LINE: 8
----------------------------------------------------------------
2022-06-14 11:26:47 - MOD: Modification Default

FILE: system/engine/action.php
REGEX: ~(require|include)(_once)?\(([^)]+)~
LINE: 69

FILE: system/engine/loader.php
REGEX: ~(require|include)(_once)?\(([^)]+)~
LINE: 77
LINE: 151
LINE: 168

FILE: system/library/config.php
REGEX: ~(require|include)(_once)?\(([^)]+)~
LINE: 59

FILE: system/library/language.php
REGEX: ~(require|include)(_once)?\(([^)]+)~
LINE: 67
LINE: 73

FILE: system/library/template/template.php
REGEX: ~(require|include)(_once)?\(([^)]+)~
LINE: 18

FILE: system/library/template/twig.php
CODE: if (is_file($file)) {
LINE: 13
----------------------------------------------------------------
MOD: Add to cart to buy now

FILE: catalog/view/theme/Demo-Store/template/product/product.twig
CODE: $('#button-cart').on('click', function() {
LINE: 567

FILE: catalog/language/en-gb/en-gb.php
CODE: $_['button_cart']           = 'Add to Cart';
LINE: 31
CODE: <button type="button" id="button-cart" data-loading-text="{{ text_loading }}" class="btn btn-primary btn-lg btn-block">{{ button_cart }}</button>
LINE: 262

FILE: catalog/view/theme/Demo-Store/template/extension/module/featured.twig
CODE: <button type="button" onclick="cart.add('{{ product.product_id }}');"><i class="fa fa-shopping-cart"></i> <span class="hidden-xs hidden-sm hidden-md">{{ button_cart }}</span></button>
NOT FOUND - OPERATIONS ABORTED!
CODE: <button type="button" onclick="cart.add('{{ product.product_id }}');"><i class="fa fa-shopping-cart"></i> <span class="hidden-xs hidden-sm hidden-md">{{ button_cart }}</span></button>
NOT FOUND - OPERATIONS ABORTED!
CODE: <button type="button" data-toggle="tooltip" title="{{ button_compare }}" onclick="compare.add('{{ product.product_id }}');"><i class="fa fa-exchange"></i></button>
NOT FOUND - OPERATIONS ABORTED!
CODE: <button type="button" data-toggle="tooltip" title="{{ button_compare }}" onclick="compare.add('{{ product.product_id }}');"><i class="fa fa-exchange"></i></button>
NOT FOUND - OPERATIONS ABORTED!
----------------------------------------------------------------
MOD: Export/Import Tool (V3.22) for OpenCart 3.x

FILE: admin/controller/common/column_left.php
CODE: if ($this->user->hasPermission('access', 'tool/upload')) {
LINE: 609

FILE: admin/language/ar/common/column_left.php
CODE: $_['text_backup']
LINE: 11

FILE: admin/language/en-gb/common/column_left.php
CODE: $_['text_backup']
LINE: 8
----------------------------------------------------------------
2022-06-14 13:19:25 - MOD: Modification Default

FILE: system/engine/action.php
REGEX: ~(require|include)(_once)?\(([^)]+)~
LINE: 69

FILE: system/engine/loader.php
REGEX: ~(require|include)(_once)?\(([^)]+)~
LINE: 77
LINE: 151
LINE: 168

FILE: system/library/config.php
REGEX: ~(require|include)(_once)?\(([^)]+)~
LINE: 59

FILE: system/library/language.php
REGEX: ~(require|include)(_once)?\(([^)]+)~
LINE: 67
LINE: 73

FILE: system/library/template/template.php
REGEX: ~(require|include)(_once)?\(([^)]+)~
LINE: 18

FILE: system/library/template/twig.php
CODE: if (is_file($file)) {
LINE: 13
----------------------------------------------------------------
MOD: Add to cart to buy now

FILE: catalog/view/theme/Demo-Store/template/product/product.twig
CODE: $('#button-cart').on('click', function() {
LINE: 567

FILE: catalog/language/en-gb/en-gb.php
CODE: $_['button_cart']           = 'Add to Cart';
LINE: 31
CODE: <button type="button" id="button-cart" data-loading-text="{{ text_loading }}" class="btn btn-primary btn-lg btn-block">{{ button_cart }}</button>
LINE: 262

FILE: catalog/view/theme/Demo-Store/template/extension/module/featured.twig
CODE: <button type="button" onclick="cart.add('{{ product.product_id }}');"><i class="fa fa-shopping-cart"></i> <span class="hidden-xs hidden-sm hidden-md">{{ button_cart }}</span></button>
NOT FOUND - OPERATIONS ABORTED!
CODE: <button type="button" onclick="cart.add('{{ product.product_id }}');"><i class="fa fa-shopping-cart"></i> <span class="hidden-xs hidden-sm hidden-md">{{ button_cart }}</span></button>
NOT FOUND - OPERATIONS ABORTED!
CODE: <button type="button" data-toggle="tooltip" title="{{ button_compare }}" onclick="compare.add('{{ product.product_id }}');"><i class="fa fa-exchange"></i></button>
NOT FOUND - OPERATIONS ABORTED!
CODE: <button type="button" data-toggle="tooltip" title="{{ button_compare }}" onclick="compare.add('{{ product.product_id }}');"><i class="fa fa-exchange"></i></button>
NOT FOUND - OPERATIONS ABORTED!
----------------------------------------------------------------
MOD: Export/Import Tool (V3.22) for OpenCart 3.x

FILE: admin/controller/common/column_left.php
CODE: if ($this->user->hasPermission('access', 'tool/upload')) {
LINE: 609

FILE: admin/language/ar/common/column_left.php
CODE: $_['text_backup']
LINE: 11

FILE: admin/language/en-gb/common/column_left.php
CODE: $_['text_backup']
LINE: 8
----------------------------------------------------------------
MOD: Images for Reafine Search

FILE: catalog/controller/product/category.php
CODE: $data['categories'][] = array(
LINE: 152
CODE: 'href' => $this->url->link('product/category', 'path=' . $this->request->get['path'] . '_' . $result['category_id'] . $url)
LINE: 157

FILE: catalog/view/theme/Demo-Store/template/product/category.twig
CODE: <li><a href="{{ child.href }}">{{ child.name }}</a></li>
NOT FOUND - OPERATION SKIPPED!
CODE: <li><a href="{{ category.href }}">{{ category.name }}</a></li>
LINE: 39

FILE: catalog/view/theme/default/template/product/category.twig
CODE: <li><a href="{{ child.href }}">{{ child.name }}</a></li>
LINE: 43
CODE: <li><a href="{{ category.href }}">{{ category.name }}</a></li>
LINE: 33
----------------------------------------------------------------
